\BOOKMARK [0][-]{chapter.1}{Introduction}{}% 1
\BOOKMARK [1][-]{section.1.1}{What is the idea of the AutoDoc package?}{chapter.1}% 2
\BOOKMARK [1][-]{section.1.2}{ How to use AutoDoc }{chapter.1}% 3
\BOOKMARK [0][-]{chapter.2}{Getting started using AutoDoc}{}% 4
\BOOKMARK [1][-]{section.2.1}{Creating a package manual from scratch}{chapter.2}% 5
\BOOKMARK [1][-]{section.2.2}{Documenting code with AutoDoc}{chapter.2}% 6
\BOOKMARK [1][-]{section.2.3}{Using AutoDoc in an existing GAPDoc manual}{chapter.2}% 7
\BOOKMARK [1][-]{section.2.4}{Automatic regeneration of the manual}{chapter.2}% 8
\BOOKMARK [1][-]{section.2.5}{What is taken from PackageInfo.g}{chapter.2}% 9
\BOOKMARK [0][-]{chapter.3}{AutoDoc documentation comments}{}% 10
\BOOKMARK [1][-]{section.3.1}{Documenting declarations}{chapter.3}% 11
\BOOKMARK [1][-]{section.3.2}{Other documentation comments}{chapter.3}% 12
\BOOKMARK [1][-]{section.3.3}{Grouping}{chapter.3}% 13
\BOOKMARK [1][-]{section.3.4}{Level}{chapter.3}% 14
\BOOKMARK [0][-]{chapter.4}{AutoDoc}{}% 15
\BOOKMARK [1][-]{section.4.1}{The AutoDoc\(\) function}{chapter.4}% 16
\BOOKMARK [0][-]{chapter.5}{The main functions}{}% 17
\BOOKMARK [1][-]{section.5.1}{The main function}{chapter.5}% 18
\BOOKMARK [1][-]{section.5.2}{Global variable}{chapter.5}% 19
\BOOKMARK [1][-]{section.5.3}{The declare functions}{chapter.5}% 20
\BOOKMARK [1][-]{section.5.4}{The install functions}{chapter.5}% 21
\BOOKMARK [1][-]{section.5.5}{The create functions}{chapter.5}% 22
\BOOKMARK [1][-]{section.5.6}{Additional functions}{chapter.5}% 23
\BOOKMARK [0][-]{chapter.6}{AutoDoc worksheets}{}% 24
\BOOKMARK [1][-]{section.6.1}{Worksheets}{chapter.6}% 25
\BOOKMARK [0][-]{section*.3}{Index}{}% 26
