This is pdfeTeX, Version 3.141592-1.21a-2.2 (Web2C 7.5.4) (format=pdftex 2009.5.26)  29 NOV 2013 09:25
entering extended mode
**manual
(./manual.tex (../../../doc/gapmacro.tex
(/sw/share/texmf-dist/tex/plain/amsfonts/amssym.tex
(/sw/share/texmf-dist/tex/plain/amsfonts/amssym.def
\msafam=\fam8
\msbfam=\fam9
\eufmfam=\fam10
))
Running PDFTeX
\pagewidth=\dimen16
\pageheight=\dimen17
\colwidth=\dimen18
\partialpage=\box16
\origvsize=\dimen19
\manindent=\dimen20
\smallmanindent=\dimen21
\itfam=\fam11
\slfam=\fam12
\bffam=\fam13
\ttfam=\fam14
\msbfam=\fam15
\ttindent=\dimen22
\labelout=\write0
\indexout=\write1
\secindout=\write2
\tocout=\write3
\citeout=\write4
\ans=\write5
\exampleout=\write6
\labelin=\read0
\indexin=\read1
\tocin=\read2
\citein=\read3
\secno=\count26
\subsecno=\count27
\exno=\count28
\indentno=\count29
\chapnum=\count30
\ortoks=\toks12
\bibindent=\dimen23
) (../../../doc/ref/manual.lab) (../VERSION) [1{/sw/var/lib/texmf/fonts/map/pdf
tex/updmap/pdftex.map}]
\makelabel{ModIsom:Contents}{{\setbox 0=\hbox {1}\vrule width 0pt height\ht 0}}

Chapter `Contents' .
(./manual.toc) [2.1
\chapcontents {\tocstrut }{Contents}{2}
] (./manual.lab)
\openout3 = `manual.toc'.

\openout0 = `manual.lab'.

\openout1 = `manual.idx'.

\openout2 = `manual.six'.

\openout4 = `manual.aux'.

 (./intro.tex
Chapter `Introduction' .
[3.1]
Reference `EKo11' undefined.
) (./tables.tex [4.1]
Chapter `Tables' .
[5.2]
\openout6 = `manual.example-2.tst'.

 [6.2]) (./autiso.tex [7.2]
Chapter `Automorphism groups and Canonical Forms' .
\openout6 = `manual.example-3.tst'.

[8.3]) (./modisom.tex [9.3]
Chapter `The modular isomorphism problem' .
Reference `Eic07,EKo10' undefined.
\openout6 = `manual.example-4.tst'.

[10.4]) (./nilquo.tex [11.4]
Chapter `Nilpotent Quotients' .
\openout6 = `manual.example-5.tst'.

) (./relfree.tex [12.5]
Chapter `Relatively free Algebras' .
\openout6 = `manual.example-6.tst'.

) [13.6]
Chapter `Bibliography' .
(./manual.bbl) [14.7]
Chapter `Index' .
(./manual.ind) [15.8]
##
## Citations for BibTeX written on manual.aux.
## Index entries for makeindex written on manual.idx.
## Section index entries written on manual.six.
## Label definitions written on manual.lab.
## Table of contents written on manual.toc.
## Examples written to manual.example-XX.tst.
## There were undefined labels or references.
## Labels have changed, run again. (Or they were multiply defined.)
##
 )
! pdfTeX warning (dest): name{citation@Eic07,EKo10} has been referenced but doe
s not exist, replaced by a fixed one

! pdfTeX warning (dest): name{citation@EKo11} has been referenced but does not 
exist, replaced by a fixed one

{/sw/share/texmf-dist/fonts/enc/dvips/psnfss/8r.enc}</sw/share/texmf-dist/fonts
/type1/urw/times/utmr8a.pfb></sw/share/texmf-dist/fonts/type1/bluesky/cm/cmtt10
.pfb></sw/share/texmf-dist/fonts/type1/bluesky/symbols/msam7.pfb></sw/share/tex
mf-dist/fonts/type1/bluesky/symbols/msbm10.pfb></sw/share/texmf-dist/fonts/type
1/urw/symbol/usyr.pfb></sw/share/texmf-dist/fonts/type1/bluesky/cm/cmr10.pfb></
sw/share/texmf-dist/fonts/type1/bluesky/cm/cmmi10.pfb></sw/share/texmf-dist/fon
ts/type1/bluesky/cm/cmsy10.pfb></sw/share/texmf-dist/fonts/type1/urw/times/utmr
i8a.pfb></sw/share/texmf-dist/fonts/type1/urw/times/utmb8a.pfb></sw/share/texmf
-dist/fonts/type1/urw/times/utmr8a.pfb></sw/share/texmf-dist/fonts/type1/urw/he
lvetic/uhvb8a.pfb>
Output written on manual.pdf (15 pages, 155796 bytes).
