\BOOKMARK [0][-]{chapter.1}{The Citrus package}{}% 1
\BOOKMARK [1][-]{section.1.1}{Installing Citrus}{chapter.1}% 2
\BOOKMARK [1][-]{section.1.2}{Compiling the kernel component of Citrus}{chapter.1}% 3
\BOOKMARK [1][-]{section.1.3}{Compiling the documentation}{chapter.1}% 4
\BOOKMARK [1][-]{section.1.4}{Testing the installation}{chapter.1}% 5
\BOOKMARK [1][-]{section.1.5}{More information during a computation}{chapter.1}% 6
\BOOKMARK [1][-]{section.1.6}{Reading and writing transformations and partial permutations to a file}{chapter.1}% 7
\BOOKMARK [1][-]{section.1.7}{What does Citrus do best?}{chapter.1}% 8
\BOOKMARK [1][-]{section.1.8}{New methods for existing functions}{chapter.1}% 9
\BOOKMARK [0][-]{chapter.2}{Transformations and partial permutations }{}% 10
\BOOKMARK [1][-]{section.2.1}{Creating transformations}{chapter.2}% 11
\BOOKMARK [1][-]{section.2.2}{Creating partial permutations}{chapter.2}% 12
\BOOKMARK [1][-]{section.2.3}{Displaying partial permutations}{chapter.2}% 13
\BOOKMARK [1][-]{section.2.4}{Properties of transformations}{chapter.2}% 14
\BOOKMARK [1][-]{section.2.5}{Properties of partial permutations}{chapter.2}% 15
\BOOKMARK [1][-]{section.2.6}{Operators for transformations}{chapter.2}% 16
\BOOKMARK [1][-]{section.2.7}{Operators for partial permutations}{chapter.2}% 17
\BOOKMARK [1][-]{section.2.8}{Changing representations}{chapter.2}% 18
\BOOKMARK [1][-]{section.2.9}{Actions}{chapter.2}% 19
\BOOKMARK [1][-]{section.2.10}{Orbits}{chapter.2}% 20
\BOOKMARK [0][-]{chapter.3}{Creating semigroups and monoids}{}% 21
\BOOKMARK [1][-]{section.3.1}{Semigroups defined by a generating set}{chapter.3}% 22
\BOOKMARK [1][-]{section.3.2}{New semigroups from old}{chapter.3}% 23
\BOOKMARK [1][-]{section.3.3}{Options when creating semigroups}{chapter.3}% 24
\BOOKMARK [1][-]{section.3.4}{Standard examples}{chapter.3}% 25
\BOOKMARK [1][-]{section.3.5}{The examples directory}{chapter.3}% 26
\BOOKMARK [0][-]{chapter.4}{Determining the structure of a semigroup}{}% 27
\BOOKMARK [1][-]{section.4.1}{Expressing semigroup elements as words in generators}{chapter.4}% 28
\BOOKMARK [1][-]{section.4.2}{Creating Green's classes}{chapter.4}% 29
\BOOKMARK [1][-]{section.4.3}{Iterators and enumerators of classes and representatives }{chapter.4}% 30
\BOOKMARK [1][-]{section.4.4}{Attributes and properties directly related to Green's classes}{chapter.4}% 31
\BOOKMARK [1][-]{section.4.5}{Further attributes of semigroups}{chapter.4}% 32
\BOOKMARK [1][-]{section.4.6}{Further properties of semigroups}{chapter.4}% 33
\BOOKMARK [1][-]{section.4.7}{Changing the representation of a semigroup}{chapter.4}% 34
\BOOKMARK [0][-]{chapter*.4}{References}{}% 35
\BOOKMARK [0][-]{section*.5}{Index}{}% 36
