This is pdfTeX, Version 3.1415926-1.40.10 (TeX Live 2009/Debian) (format=pdflatex 2012.4.29)  4 JUN 2012 09:14
entering extended mode
 %&-line parsing enabled.
**fr
(./fr.tex
LaTeX2e <2009/09/24>
Babel <v3.8l> and hyphenation patterns for english, usenglishmax, dumylang, noh
yphenation, ngerman, german, german-x-2009-06-19, ngerman-x-2009-06-19, loaded.

(/usr/share/texmf-texlive/tex/latex/base/report.cls
Document Class: report 2007/10/19 v1.4h Standard LaTeX document class
(/usr/share/texmf-texlive/tex/latex/base/size11.clo
File: size11.clo 2007/10/19 v1.4h Standard LaTeX file (size option)
)
\c@part=\count79
\c@chapter=\count80
\c@section=\count81
\c@subsection=\count82
\c@subsubsection=\count83
\c@paragraph=\count84
\c@subparagraph=\count85
\c@figure=\count86
\c@table=\count87
\abovecaptionskip=\skip41
\belowcaptionskip=\skip42
\bibindent=\dimen102
)
(/usr/share/texmf-texlive/tex/latex/ltxmisc/a4wide.sty
Package: a4wide 1994/08/30

(/usr/share/texmf-texlive/tex/latex/ntgclass/a4.sty
Package: a4 2004/04/15 v1.2g A4 based page layout
))
(/usr/share/texmf-texlive/tex/latex/amsfonts/amssymb.sty
Package: amssymb 2009/06/22 v3.00

(/usr/share/texmf-texlive/tex/latex/amsfonts/amsfonts.sty
Package: amsfonts 2009/06/22 v3.00 Basic AMSFonts support
\@emptytoks=\toks14
\symAMSa=\mathgroup4
\symAMSb=\mathgroup5
LaTeX Font Info:    Overwriting math alphabet `\mathfrak' in version `bold'
(Font)                  U/euf/m/n --> U/euf/b/n on input line 96.
))
(/usr/share/texmf-texlive/tex/latex/base/inputenc.sty
Package: inputenc 2008/03/30 v1.1d Input encoding file
\inpenc@prehook=\toks15
\inpenc@posthook=\toks16

(/usr/share/texmf-texlive/tex/latex/base/latin1.def
File: latin1.def 2008/03/30 v1.1d Input encoding file
))
(/usr/share/texmf-texlive/tex/latex/base/makeidx.sty
Package: makeidx 2000/03/29 v1.0m Standard LaTeX package
)
\@indexfile=\write3
\openout3 = `fr.idx'.


Writing index file fr.idx
(/usr/share/texmf-texlive/tex/latex/graphics/color.sty
Package: color 2005/11/14 v1.0j Standard LaTeX Color (DPC)

(/etc/texmf/tex/latex/config/color.cfg
File: color.cfg 2007/01/18 v1.5 color configuration of teTeX/TeXLive
)
Package color Info: Driver file: pdftex.def on input line 130.

(/usr/share/texmf-texlive/tex/latex/pdftex-def/pdftex.def
File: pdftex.def 2010/03/12 v0.04p Graphics/color for pdfTeX
\Gread@gobject=\count88
))
(/usr/share/texmf-texlive/tex/latex/fancyvrb/fancyvrb.sty
Package: fancyvrb 2008/02/07

Style option: `fancyvrb' v2.7a, with DG/SPQR fixes, and firstline=lastline fix 
<2008/02/07> (tvz) (/usr/share/texmf-texlive/tex/latex/graphics/keyval.sty
Package: keyval 1999/03/16 v1.13 key=value parser (DPC)
\KV@toks@=\toks17
)
\FV@CodeLineNo=\count89
\FV@InFile=\read1
\FV@TabBox=\box26
\c@FancyVerbLine=\count90
\FV@StepNumber=\count91
\FV@OutFile=\write4
)
(/usr/share/texmf-texlive/tex/latex/psnfss/mathptmx.sty
Package: mathptmx 2005/04/12 PSNFSS-v9.2a Times w/ Math, improved (SPQR, WaS) 
LaTeX Font Info:    Redeclaring symbol font `operators' on input line 28.
LaTeX Font Info:    Overwriting symbol font `operators' in version `normal'
(Font)                  OT1/cmr/m/n --> OT1/ztmcm/m/n on input line 28.
LaTeX Font Info:    Overwriting symbol font `operators' in version `bold'
(Font)                  OT1/cmr/bx/n --> OT1/ztmcm/m/n on input line 28.
LaTeX Font Info:    Redeclaring symbol font `letters' on input line 29.
LaTeX Font Info:    Overwriting symbol font `letters' in version `normal'
(Font)                  OML/cmm/m/it --> OML/ztmcm/m/it on input line 29.
LaTeX Font Info:    Overwriting symbol font `letters' in version `bold'
(Font)                  OML/cmm/b/it --> OML/ztmcm/m/it on input line 29.
LaTeX Font Info:    Redeclaring symbol font `symbols' on input line 30.
LaTeX Font Info:    Overwriting symbol font `symbols' in version `normal'
(Font)                  OMS/cmsy/m/n --> OMS/ztmcm/m/n on input line 30.
LaTeX Font Info:    Overwriting symbol font `symbols' in version `bold'
(Font)                  OMS/cmsy/b/n --> OMS/ztmcm/m/n on input line 30.
LaTeX Font Info:    Redeclaring symbol font `largesymbols' on input line 31.
LaTeX Font Info:    Overwriting symbol font `largesymbols' in version `normal'
(Font)                  OMX/cmex/m/n --> OMX/ztmcm/m/n on input line 31.
LaTeX Font Info:    Overwriting symbol font `largesymbols' in version `bold'
(Font)                  OMX/cmex/m/n --> OMX/ztmcm/m/n on input line 31.
\symbold=\mathgroup6
\symitalic=\mathgroup7
LaTeX Font Info:    Redeclaring math alphabet \mathbf on input line 34.
LaTeX Font Info:    Overwriting math alphabet `\mathbf' in version `normal'
(Font)                  OT1/cmr/bx/n --> OT1/ptm/bx/n on input line 34.
LaTeX Font Info:    Overwriting math alphabet `\mathbf' in version `bold'
(Font)                  OT1/cmr/bx/n --> OT1/ptm/bx/n on input line 34.
LaTeX Font Info:    Redeclaring math alphabet \mathit on input line 35.
LaTeX Font Info:    Overwriting math alphabet `\mathit' in version `normal'
(Font)                  OT1/cmr/m/it --> OT1/ptm/m/it on input line 35.
LaTeX Font Info:    Overwriting math alphabet `\mathit' in version `bold'
(Font)                  OT1/cmr/bx/it --> OT1/ptm/m/it on input line 35.
LaTeX Info: Redefining \hbar on input line 50.
)
(/usr/share/texmf-texlive/tex/latex/psnfss/helvet.sty
Package: helvet 2005/04/12 PSNFSS-v9.2a (WaS) 
)
(/usr/share/texmf-texlive/tex/latex/base/fontenc.sty
Package: fontenc 2005/09/27 v1.99g Standard LaTeX package

(/usr/share/texmf-texlive/tex/latex/base/t1enc.def
File: t1enc.def 2005/09/27 v1.99g Standard LaTeX file
LaTeX Font Info:    Redeclaring font encoding T1 on input line 43.
))
(/usr/share/texmf-texlive/tex/latex/base/textcomp.sty
Package: textcomp 2005/09/27 v1.99g Standard LaTeX package
Package textcomp Info: Sub-encoding information:
(textcomp)               5 = only ISO-Adobe without \textcurrency
(textcomp)               4 = 5 + \texteuro
(textcomp)               3 = 4 + \textohm
(textcomp)               2 = 3 + \textestimated + \textcurrency
(textcomp)               1 = TS1 - \textcircled - \t
(textcomp)               0 = TS1 (full)
(textcomp)             Font families with sub-encoding setting implement
(textcomp)             only a restricted character set as indicated.
(textcomp)             Family '?' is the default used for unknown fonts.
(textcomp)             See the documentation for details.
Package textcomp Info: Setting ? sub-encoding to TS1/1 on input line 71.

(/usr/share/texmf-texlive/tex/latex/base/ts1enc.def
File: ts1enc.def 2001/06/05 v3.0e (jk/car/fm) Standard LaTeX file
)
LaTeX Info: Redefining \oldstylenums on input line 266.
Package textcomp Info: Setting cmr sub-encoding to TS1/0 on input line 281.
Package textcomp Info: Setting cmss sub-encoding to TS1/0 on input line 282.
Package textcomp Info: Setting cmtt sub-encoding to TS1/0 on input line 283.
Package textcomp Info: Setting cmvtt sub-encoding to TS1/0 on input line 284.
Package textcomp Info: Setting cmbr sub-encoding to TS1/0 on input line 285.
Package textcomp Info: Setting cmtl sub-encoding to TS1/0 on input line 286.
Package textcomp Info: Setting ccr sub-encoding to TS1/0 on input line 287.
Package textcomp Info: Setting ptm sub-encoding to TS1/4 on input line 288.
Package textcomp Info: Setting pcr sub-encoding to TS1/4 on input line 289.
Package textcomp Info: Setting phv sub-encoding to TS1/4 on input line 290.
Package textcomp Info: Setting ppl sub-encoding to TS1/3 on input line 291.
Package textcomp Info: Setting pag sub-encoding to TS1/4 on input line 292.
Package textcomp Info: Setting pbk sub-encoding to TS1/4 on input line 293.
Package textcomp Info: Setting pnc sub-encoding to TS1/4 on input line 294.
Package textcomp Info: Setting pzc sub-encoding to TS1/4 on input line 295.
Package textcomp Info: Setting bch sub-encoding to TS1/4 on input line 296.
Package textcomp Info: Setting put sub-encoding to TS1/5 on input line 297.
Package textcomp Info: Setting uag sub-encoding to TS1/5 on input line 298.
Package textcomp Info: Setting ugq sub-encoding to TS1/5 on input line 299.
Package textcomp Info: Setting ul8 sub-encoding to TS1/4 on input line 300.
Package textcomp Info: Setting ul9 sub-encoding to TS1/4 on input line 301.
Package textcomp Info: Setting augie sub-encoding to TS1/5 on input line 302.
Package textcomp Info: Setting dayrom sub-encoding to TS1/3 on input line 303.
Package textcomp Info: Setting dayroms sub-encoding to TS1/3 on input line 304.

Package textcomp Info: Setting pxr sub-encoding to TS1/0 on input line 305.
Package textcomp Info: Setting pxss sub-encoding to TS1/0 on input line 306.
Package textcomp Info: Setting pxtt sub-encoding to TS1/0 on input line 307.
Package textcomp Info: Setting txr sub-encoding to TS1/0 on input line 308.
Package textcomp Info: Setting txss sub-encoding to TS1/0 on input line 309.
Package textcomp Info: Setting txtt sub-encoding to TS1/0 on input line 310.
Package textcomp Info: Setting futs sub-encoding to TS1/4 on input line 311.
Package textcomp Info: Setting futx sub-encoding to TS1/4 on input line 312.
Package textcomp Info: Setting futj sub-encoding to TS1/4 on input line 313.
Package textcomp Info: Setting hlh sub-encoding to TS1/3 on input line 314.
Package textcomp Info: Setting hls sub-encoding to TS1/3 on input line 315.
Package textcomp Info: Setting hlst sub-encoding to TS1/3 on input line 316.
Package textcomp Info: Setting hlct sub-encoding to TS1/5 on input line 317.
Package textcomp Info: Setting hlx sub-encoding to TS1/5 on input line 318.
Package textcomp Info: Setting hlce sub-encoding to TS1/5 on input line 319.
Package textcomp Info: Setting hlcn sub-encoding to TS1/5 on input line 320.
Package textcomp Info: Setting hlcw sub-encoding to TS1/5 on input line 321.
Package textcomp Info: Setting hlcf sub-encoding to TS1/5 on input line 322.
Package textcomp Info: Setting pplx sub-encoding to TS1/3 on input line 323.
Package textcomp Info: Setting pplj sub-encoding to TS1/3 on input line 324.
Package textcomp Info: Setting ptmx sub-encoding to TS1/4 on input line 325.
Package textcomp Info: Setting ptmj sub-encoding to TS1/4 on input line 326.
)
(/usr/share/texmf-texlive/tex/latex/hyperref/hyperref.sty
Package: hyperref 2009/10/09 v6.79a Hypertext links for LaTeX

(/usr/share/texmf-texlive/tex/generic/oberdiek/ifpdf.sty
Package: ifpdf 2009/04/10 v2.0 Provides the ifpdf switch (HO)
Package ifpdf Info: pdfTeX in pdf mode detected.
)
(/usr/share/texmf-texlive/tex/generic/oberdiek/ifvtex.sty
Package: ifvtex 2008/11/04 v1.4 Switches for detecting VTeX and its modes (HO)
Package ifvtex Info: VTeX not detected.
)
(/usr/share/texmf-texlive/tex/generic/ifxetex/ifxetex.sty
Package: ifxetex 2009/01/23 v0.5 Provides ifxetex conditional
)
(/usr/share/texmf-texlive/tex/latex/oberdiek/hycolor.sty
Package: hycolor 2009/10/02 v1.5 Code for color options of hyperref/bookmark (H
O)

(/usr/share/texmf-texlive/tex/latex/oberdiek/xcolor-patch.sty
Package: xcolor-patch 2009/10/02 xcolor patch
))
\@linkdim=\dimen103
\Hy@linkcounter=\count92
\Hy@pagecounter=\count93

(/usr/share/texmf-texlive/tex/latex/hyperref/pd1enc.def
File: pd1enc.def 2009/10/09 v6.79a Hyperref: PDFDocEncoding definition (HO)
)
(/usr/share/texmf-texlive/tex/generic/oberdiek/etexcmds.sty
Package: etexcmds 2007/12/12 v1.2 Prefix for e-TeX command names (HO)

(/usr/share/texmf-texlive/tex/generic/oberdiek/infwarerr.sty
Package: infwarerr 2007/09/09 v1.2 Providing info/warning/message (HO)
)
Package etexcmds Info: Could not find \expanded.
(etexcmds)             That can mean that you are not using pdfTeX 1.50 or
(etexcmds)             that some package has redefined \expanded.
(etexcmds)             In the latter case, load this package earlier.
)
(/usr/share/texmf-texlive/tex/latex/latexconfig/hyperref.cfg
File: hyperref.cfg 2002/06/06 v1.2 hyperref configuration of TeXLive
)
(/usr/share/texmf-texlive/tex/latex/oberdiek/kvoptions.sty
Package: kvoptions 2009/08/13 v3.4 Keyval support for LaTeX options (HO)

(/usr/share/texmf-texlive/tex/generic/oberdiek/kvsetkeys.sty
Package: kvsetkeys 2009/07/30 v1.5 Key value parser with default handler suppor
t (HO)
))
Package hyperref Info: Option `bookmarks' set `true' on input line 2864.
Package hyperref Info: Option `colorlinks' set `true' on input line 2864.
Package hyperref Info: Option `breaklinks' set `true' on input line 2864.
Package hyperref Info: Hyper figures OFF on input line 2975.
Package hyperref Info: Link nesting OFF on input line 2980.
Package hyperref Info: Hyper index ON on input line 2983.
Package hyperref Info: Plain pages OFF on input line 2990.
Package hyperref Info: Backreferencing ON on input line 2993.

Implicit mode ON; LaTeX internals redefined
Package hyperref Info: Bookmarks ON on input line 3191.
(/usr/share/texmf-texlive/tex/latex/hyperref/backref.sty
Package: backref 2006/09/05 v1.28 Bibliographical back referencing
)
(/usr/share/texmf-texlive/tex/latex/ltxmisc/url.sty
\Urlmuskip=\muskip10
Package: url 2006/04/12  ver 3.3  Verb mode for urls, etc.
)
LaTeX Info: Redefining \url on input line 3428.

(/usr/share/texmf-texlive/tex/generic/oberdiek/bitset.sty
Package: bitset 2007/09/28 v1.0 Data type bit set (HO)

(/usr/share/texmf-texlive/tex/generic/oberdiek/intcalc.sty
Package: intcalc 2007/09/27 v1.1 Expandable integer calculations (HO)
)
(/usr/share/texmf-texlive/tex/generic/oberdiek/bigintcalc.sty
Package: bigintcalc 2007/11/11 v1.1 Expandable big integer calculations (HO)

(/usr/share/texmf-texlive/tex/generic/oberdiek/pdftexcmds.sty
Package: pdftexcmds 2009/09/23 v0.6 LuaTeX support for pdfTeX utility functions
 (HO)

(/usr/share/texmf-texlive/tex/generic/oberdiek/ifluatex.sty
Package: ifluatex 2009/04/17 v1.2 Provides the ifluatex switch (HO)
Package ifluatex Info: LuaTeX not detected.
)
(/usr/share/texmf-texlive/tex/generic/oberdiek/ltxcmds.sty
Package: ltxcmds 2009/08/05 v1.0 Some LaTeX kernel commands for general use (HO
)
)
Package pdftexcmds Info: LuaTeX not detected.
Package pdftexcmds Info: \pdf@primitive is available.
Package pdftexcmds Info: \pdf@ifprimitive is available.
)))
\Fld@menulength=\count94
\Field@Width=\dimen104
\Fld@charsize=\dimen105
\Field@toks=\toks18
Package hyperref Info: Hyper figures OFF on input line 4377.
Package hyperref Info: Link nesting OFF on input line 4382.
Package hyperref Info: Hyper index ON on input line 4385.
Package hyperref Info: backreferencing ON on input line 4390.
Package hyperref Info: Link coloring ON on input line 4395.
Package hyperref Info: Link coloring with OCG OFF on input line 4402.
Package hyperref Info: PDF/A mode OFF on input line 4407.

(/usr/share/texmf-texlive/tex/generic/oberdiek/atbegshi.sty
Package: atbegshi 2008/07/31 v1.9 At begin shipout hook (HO)
)
\Hy@abspage=\count95
\c@Item=\count96
\c@Hfootnote=\count97
)
*hyperref using driver hpdftex*
(/usr/share/texmf-texlive/tex/latex/hyperref/hpdftex.def
File: hpdftex.def 2009/10/09 v6.79a Hyperref driver for pdfTeX
\Fld@listcount=\count98
)
\pagenrlog=\write5
\openout5 = `fr.pnr'.


(/usr/share/texmf-texlive/tex/latex/enumitem/enumitem.sty
Package: enumitem 2009/05/18 v2.2 Customized lists
\enit@toks=\toks19
\labelindent=\skip43
\enit@outerparindent=\dimen106
\enitdp@desc=\count99
)
(/usr/share/texmf-texlive/tex/latex/graphics/graphicx.sty
Package: graphicx 1999/02/16 v1.0f Enhanced LaTeX Graphics (DPC,SPQR)

(/usr/share/texmf-texlive/tex/latex/graphics/graphics.sty
Package: graphics 2009/02/05 v1.0o Standard LaTeX Graphics (DPC,SPQR)

(/usr/share/texmf-texlive/tex/latex/graphics/trig.sty
Package: trig 1999/03/16 v1.09 sin cos tan (DPC)
)
(/etc/texmf/tex/latex/config/graphics.cfg
File: graphics.cfg 2009/08/28 v1.8 graphics configuration of TeX Live
)
Package graphics Info: Driver file: pdftex.def on input line 91.
)
\Gin@req@height=\dimen107
\Gin@req@width=\dimen108
) (./fr.aux)
\openout1 = `fr.aux'.

LaTeX Font Info:    Checking defaults for OML/cmm/m/it on input line 87.
LaTeX Font Info:    ... okay on input line 87.
LaTeX Font Info:    Checking defaults for T1/cmr/m/n on input line 87.
LaTeX Font Info:    ... okay on input line 87.
LaTeX Font Info:    Checking defaults for OT1/cmr/m/n on input line 87.
LaTeX Font Info:    ... okay on input line 87.
LaTeX Font Info:    Checking defaults for OMS/cmsy/m/n on input line 87.
LaTeX Font Info:    ... okay on input line 87.
LaTeX Font Info:    Checking defaults for OMX/cmex/m/n on input line 87.
LaTeX Font Info:    ... okay on input line 87.
LaTeX Font Info:    Checking defaults for U/cmr/m/n on input line 87.
LaTeX Font Info:    ... okay on input line 87.
LaTeX Font Info:    Checking defaults for TS1/cmr/m/n on input line 87.
LaTeX Font Info:    Try loading font information for TS1+cmr on input line 87.

(/usr/share/texmf-texlive/tex/latex/base/ts1cmr.fd
File: ts1cmr.fd 1999/05/25 v2.5h Standard LaTeX font definitions
)
LaTeX Font Info:    ... okay on input line 87.
LaTeX Font Info:    Checking defaults for PD1/pdf/m/n on input line 87.
LaTeX Font Info:    ... okay on input line 87.
LaTeX Font Info:    Try loading font information for T1+ptm on input line 87.

(/usr/share/texmf-texlive/tex/latex/psnfss/t1ptm.fd
File: t1ptm.fd 2001/06/04 font definitions for T1/ptm.
)
(/usr/share/texmf-texlive/tex/context/base/supp-pdf.mkii
[Loading MPS to PDF converter (version 2006.09.02).]
\scratchcounter=\count100
\scratchdimen=\dimen109
\scratchbox=\box27
\nofMPsegments=\count101
\nofMParguments=\count102
\everyMPshowfont=\toks20
\MPscratchCnt=\count103
\MPscratchDim=\dimen110
\MPnumerator=\count104
\everyMPtoPDFconversion=\toks21
)
\big@size=\dimen111
Package hyperref Info: Link coloring ON on input line 87.
 (/usr/share/texmf-texlive/tex/latex/hyperref/nameref.sty
Package: nameref 2007/05/29 v2.31 Cross-referencing by name of section

(/usr/share/texmf-texlive/tex/latex/oberdiek/refcount.sty
Package: refcount 2008/08/11 v3.1 Data extraction from references (HO)
)
\c@section@level=\count105
)
LaTeX Info: Redefining \ref on input line 87.
LaTeX Info: Redefining \pageref on input line 87.
 (./fr.out)
(./fr.out)
\@outlinefile=\write6
\openout6 = `fr.out'.

\AtBeginShipoutBox=\box28
LaTeX Font Info:    Font shape `T1/ptm/bx/n' in size <50> not available
(Font)              Font shape `T1/ptm/b/n' tried instead on input line 93.
LaTeX Font Info:    Font shape `T1/ptm/bx/n' in size <24.88> not available
(Font)              Font shape `T1/ptm/b/n' tried instead on input line 98.
LaTeX Font Info:    Font shape `T1/ptm/bx/n' in size <14.4> not available
(Font)              Font shape `T1/ptm/b/n' tried instead on input line 104.
LaTeX Font Info:    Try loading font information for OT1+ztmcm on input line 10
8.
 (/usr/share/texmf-texlive/tex/latex/psnfss/ot1ztmcm.fd
File: ot1ztmcm.fd 2000/01/03 Fontinst v1.801 font definitions for OT1/ztmcm.
)
LaTeX Font Info:    Try loading font information for OML+ztmcm on input line 10
8.

(/usr/share/texmf-texlive/tex/latex/psnfss/omlztmcm.fd
File: omlztmcm.fd 2000/01/03 Fontinst v1.801 font definitions for OML/ztmcm.
)
LaTeX Font Info:    Try loading font information for OMS+ztmcm on input line 10
8.

(/usr/share/texmf-texlive/tex/latex/psnfss/omsztmcm.fd
File: omsztmcm.fd 2000/01/03 Fontinst v1.801 font definitions for OMS/ztmcm.
)
LaTeX Font Info:    Try loading font information for OMX+ztmcm on input line 10
8.

(/usr/share/texmf-texlive/tex/latex/psnfss/omxztmcm.fd
File: omxztmcm.fd 2000/01/03 Fontinst v1.801 font definitions for OMX/ztmcm.
)
LaTeX Font Info:    Try loading font information for OT1+ptm on input line 108.


(/usr/share/texmf-texlive/tex/latex/psnfss/ot1ptm.fd
File: ot1ptm.fd 2001/06/04 font definitions for OT1/ptm.
)
LaTeX Font Info:    Font shape `OT1/ptm/bx/n' in size <10.95> not available
(Font)              Font shape `OT1/ptm/b/n' tried instead on input line 108.
LaTeX Font Info:    Font shape `OT1/ptm/bx/n' in size <8> not available
(Font)              Font shape `OT1/ptm/b/n' tried instead on input line 108.
LaTeX Font Info:    Font shape `OT1/ptm/bx/n' in size <6> not available
(Font)              Font shape `OT1/ptm/b/n' tried instead on input line 108.
LaTeX Font Info:    Font shape `T1/ptm/bx/n' in size <10> not available
(Font)              Font shape `T1/ptm/b/n' tried instead on input line 114.
LaTeX Font Info:    Try loading font information for T1+cmtt on input line 114.


(/usr/share/texmf-texlive/tex/latex/base/t1cmtt.fd
File: t1cmtt.fd 1999/05/25 v2.5h Standard LaTeX font definitions
)
Underfull \hbox (badness 10000) in paragraph at lines 112--116

 []

LaTeX Font Info:    Font shape `T1/ptm/bx/n' in size <10.95> not available
(Font)              Font shape `T1/ptm/b/n' tried instead on input line 117.
[1

{/var/lib/texmf/fonts/map/pdftex/updmap/pdftex.map}]
LaTeX Font Info:    Try loading font information for T1+phv on input line 128.

(/usr/share/texmf-texlive/tex/latex/psnfss/t1phv.fd
File: t1phv.fd 2001/06/04 scalable font definitions for T1/phv.
)
Underfull \hbox (badness 10000) in paragraph at lines 134--136

 []

LaTeX Font Info:    Try loading font information for TS1+ptm on input line 138.

(/usr/share/texmf-texlive/tex/latex/psnfss/ts1ptm.fd
File: ts1ptm.fd 2001/06/04 font definitions for TS1/ptm.
)
Underfull \hbox (badness 10000) in paragraph at lines 138--140

 []


Underfull \hbox (badness 10000) in paragraph at lines 142--145

 []


Underfull \hbox (badness 10000) in paragraph at lines 160--165

 []

[2] (./fr.toc [3

])
\tf@toc=\write7
\openout7 = `fr.toc'.

 [4]
Chapter 1.
LaTeX Font Info:    Font shape `T1/ptm/bx/n' in size <20.74> not available
(Font)              Font shape `T1/ptm/b/n' tried instead on input line 173.
[5

]
Chapter 2.
[6

]
LaTeX Font Info:    Font shape `T1/cmtt/bx/n' in size <10> not available
(Font)              Font shape `T1/cmtt/m/n' tried instead on input line 247.
 [7] [8] [9] [10]
Chapter 3.

Underfull \hbox (badness 6792) in paragraph at lines 418--419
[]\T1/ptm/m/n/10.95 More gen-eral ma-chines are ob-tained if one al-lows the st
ate-set $\OML/ztmcm/m/it/10.95 Q$ \T1/ptm/m/n/10.95 to be a free
 []

[11

]
LaTeX Font Info:    Font shape `T1/cmtt/bx/n' in size <14.4> not available
(Font)              Font shape `T1/cmtt/m/n' tried instead on input line 453.
LaTeX Font Info:    Font shape `T1/ptm/bx/n' in size <12> not available
(Font)              Font shape `T1/ptm/b/n' tried instead on input line 458.
 [12] [13] [14] [15] [16] [17] [18]
Underfull \hbox (badness 10000) in paragraph at lines 990--991
[][] \T1/ptm/m/n/10.95 is equal to [] and
 []

[19]
LaTeX Font Info:    Font shape `T1/cmtt/bx/n' in size <12> not available
(Font)              Font shape `T1/cmtt/m/n' tried instead on input line 1046.

Underfull \hbox (badness 1975) in paragraph at lines 1067--1068
[]\T1/ptm/m/n/10.95 The maps from the state-set of [] and [] to the state-set o
f \T1/cmtt/m/n/10.95 r \T1/ptm/m/n/10.95 can be re-cov-ered as
 []

[20] [21] [22] [23]
Underfull \hbox (badness 3417) in paragraph at lines 1343--1344
[]\T1/ptm/m/n/10.95 If a ma-chine [] was cre-ated as a min-i-mized group/monoid
/semigroup ma-chine, then
 []


Underfull \hbox (badness 10000) in paragraph at lines 1349--1353
[]\T1/ptm/m/n/10.95 If [] was cre-ated us-ing \T1/cmtt/m/n/10.95 AsGroupFRMachi
ne \T1/ptm/m/n/10.95 ([][]3.3.4[][]), \T1/cmtt/m/n/10.95 AsMonoidFRMachine \T1/
ptm/m/n/10.95 ([][]3.3.4[][]),
 []


Underfull \hbox (badness 1484) in paragraph at lines 1349--1353
\T1/cmtt/m/n/10.95 AsSemigroupFRMachine \T1/ptm/m/n/10.95 ([][]3.3.4[][]), or \
T1/cmtt/m/n/10.95 AsMealyMachine \T1/ptm/m/n/10.95 ([][]5.2.18[][]), then \T1/c
mtt/m/n/10.95 Correspondence(m) \T1/ptm/m/n/10.95 is
 []

[24]
Chapter 4.
[25

] [26]
Underfull \hbox (badness 1931) in paragraph at lines 1523--1525
[]\T1/ptm/m/n/10.95 This func-tion con-structs a new FR el-e-ment. [] is a list
 of FR el-e-ments, and [] is
 []


Underfull \hbox (badness 1831) in paragraph at lines 1523--1525
\T1/ptm/m/n/10.95 a per-mu-ta-tion, trans-for-ma-tion or list. In that last cas
e, the re-sult-ing el-e-ment \T1/cmtt/m/n/10.95 g \T1/ptm/m/n/10.95 sat-is-fies

 []

[27]
Underfull \hbox (badness 10000) in paragraph at lines 1590--1591
[]\T1/ptm/m/n/10.95 In par-tic-u-lar, \T1/cmtt/m/n/10.95 DiagonalElement(0,e) \
T1/ptm/m/n/10.95 is the same as \T1/cmtt/m/n/10.95 VertexElement(1,e)\T1/ptm/m/
n/10.95 ;
 []

[28] [29] [30] [31] [32] [33] [34] [35] [36] [37]
Chapter 5.
[38

] [39] [40]
Underfull \hbox (badness 10000) in paragraph at lines 2501--2504

 []

[41] <basilica-nucleus.jpg, id=670, 319.77876pt x 225.76381pt>
File: basilica-nucleus.jpg Graphic file (type jpg)

<use basilica-nucleus.jpg> [42 <./basilica-nucleus.jpg>] [43] [44] [45]
[46]
Overfull \hbox (59.58614pt too wide) in paragraph at lines 2942--2943
[]\T1/ptm/m/n/10.95 The sec-ond com-mand is a short-hand for \T1/cmtt/m/n/10.95
 VertexTransformationsFRMachine(UnderlyingFRMachine(e))\T1/ptm/m/n/10.95 . 
 []

[47] [48] [49] [50] [51] [52]
Underfull \hbox (badness 8151) in paragraph at lines 3344--3345
[]\T1/ptm/m/n/10.95 This com-mand cre-ates a new Mealy ma-chine \T1/cmtt/m/n/10
.95 n\T1/ptm/m/n/10.95 , with state-set the nu-cleus (see
 []


Underfull \hbox (badness 10000) in paragraph at lines 3346--3347
[]\T1/ptm/m/n/10.95 This nu-cleus ma-chine is char-ac-ter-ized as the small-est
 ma-chine \T1/cmtt/m/n/10.95 n \T1/ptm/m/n/10.95 such that
 []


Underfull \hbox (badness 4205) in paragraph at lines 3346--3347
\T1/cmtt/m/n/10.95 Minimized(LimitFRMachine(m*n)) \T1/ptm/m/n/10.95 is iso-mor-
phic to \T1/cmtt/m/n/10.95 n\T1/ptm/m/n/10.95 . It is also iso-mor-phic to the
 []

[53]
Chapter 6.

Underfull \hbox (badness 10000) in paragraph at lines 3430--3430
[][]\T1/ptm/b/n/14.4 Methods and op-er-a-tions for \T1/cmtt/m/n/14.4 LinearFRMa
chine\T1/ptm/b/n/14.4 s and
 []

[54

] [55]
Underfull \hbox (badness 1558) in paragraph at lines 3552--3553
[][] \T1/ptm/m/n/10.95 is a list of ma-tri-ces; for each gen-er-a-tor num-ber $
\OML/ztmcm/m/it/10.95 i$ \T1/ptm/m/n/10.95 of [], the ma-trix
 []

[56] [57] [58]
Underfull \hbox (badness 1097) in paragraph at lines 3837--3838
[]\T1/ptm/m/n/10.95 Given a lin-ear el-e-ment [], this com-mand at-tempts to fi
nd a de-com-po-si-tion of the form
 []


Underfull \hbox (badness 2781) in paragraph at lines 3837--3838
\OML/ztmcm/m/it/10.95 e \OT1/ztmcm/m/n/10.95 = \OML/ztmcm/m/it/10.95 LDU$\T1/pt
m/m/n/10.95 , where $\OML/ztmcm/m/it/10.95 L$ \T1/ptm/m/n/10.95 is lower tri-an
-gu-lar, $\OML/ztmcm/m/it/10.95 D$ \T1/ptm/m/n/10.95 is di-ag-o-nal, and $\OML/
ztmcm/m/it/10.95 U$ \T1/ptm/m/n/10.95 is up-per tri-an-gu-lar (see
 []

[59]
Underfull \hbox (badness 2547) in paragraph at lines 3917--3919
[]\T1/ptm/m/n/10.95 If [] is a Mealy ma-chine/element, the re-sult is a vec-tor
 ma-chine/element. If [] is
 []


Underfull \hbox (badness 1661) in paragraph at lines 3917--3919
\T1/ptm/m/n/10.95 a group/monoid/semigroup ma-chine/element, the re-sult is an 
al-ge-bra ma-chine/element. To
 []


Underfull \hbox (badness 2088) in paragraph at lines 3917--3919
\T1/ptm/m/n/10.95 ob-tain ex-plic-itly a vec-tor or al-ge-bra ma-chine/element,
 see \T1/cmtt/m/n/10.95 AsVectorMachine \T1/ptm/m/n/10.95 ([][]6.1.14[][]) and
 []

[60] [61] [62]
Chapter 7.

Underfull \hbox (badness 1983) in paragraph at lines 4082--4085
[]\T1/ptm/m/n/10.95 The max-i-mal length of words to con-sider in the search is
 con-trolled by the vari-able
 []

[63

]
Underfull \hbox (badness 1755) in paragraph at lines 4115--4120
[]\T1/ptm/m/n/10.95 The last ar-gu-ment may be one of the fil-ters \T1/cmtt/m/n
/10.95 IsMealyElement\T1/ptm/m/n/10.95 , \T1/cmtt/m/n/10.95 IsFRMealyElement \T
1/ptm/m/n/10.95 or
 []

[64] [65]
Underfull \hbox (badness 10000) in paragraph at lines 4265--4266
[]\T1/ptm/m/n/10.95 See \T1/cmtt/m/n/10.95 SCGroupNC \T1/ptm/m/n/10.95 ([][]7.1
.2[][]), \T1/cmtt/m/n/10.95 SCGroup \T1/ptm/m/n/10.95 ([][]7.1.2[][]), \T1/cmtt
/m/n/10.95 SCMonoidNC \T1/ptm/m/n/10.95 ([][]7.1.2[][]), \T1/cmtt/m/n/10.95 SCM
onoid \T1/ptm/m/n/10.95 ([][]7.1.2[][]),
 []


Underfull \hbox (badness 4967) in paragraph at lines 4265--4266
\T1/cmtt/m/n/10.95 SCSemigroupNC \T1/ptm/m/n/10.95 ([][]7.1.2[][]), \T1/cmtt/m/
n/10.95 SCSemigroup \T1/ptm/m/n/10.95 ([][]7.1.2[][]), \T1/cmtt/m/n/10.95 SCAlg
ebraNC \T1/ptm/m/n/10.95 ([][]8.1.2[][]), \T1/cmtt/m/n/10.95 SCAlgebra \T1/ptm/
m/n/10.95 ([][]8.1.2[][]),
 []

[66] [67] [68] [69]
Underfull \hbox (badness 10000) in paragraph at lines 4550--4552
[]\T1/ptm/m/n/10.95 Furthermore, an op-tion "MealyEle-ment" can be passed to th
e func-tion, as
 []


Underfull \hbox (badness 2790) in paragraph at lines 4550--4552
\T1/cmtt/m/n/10.95 FRGroupByVirtualEndomorphism(f:MealyElement)\T1/ptm/m/n/10.9
5 , to re-quire the re-sult-ing group to be
 []

[70] [71] [72] [73]
Underfull \hbox (badness 10000) in paragraph at lines 4877--4883

 []

[74] [75] [76] [77]
Underfull \hbox (badness 4060) in paragraph at lines 5201--5202
[]\T1/ptm/m/n/10.95 This func-tion re-turns \T1/cmtt/m/n/10.95 true \T1/ptm/m/n
/10.95 if all el-e-ments of [] have the \T1/ptm/m/it/10.95 open set con-di-tion
\T1/ptm/m/n/10.95 , see
 []

[78] [79] [80] <hasse.jpg, id=1058, 153.4938pt x 134.94664pt>
File: hasse.jpg Graphic file (type jpg)
 <use hasse.jpg>
[81 <./hasse.jpg>] [82]
Underfull \hbox (badness 10000) in paragraph at lines 5554--5555
[]\T1/ptm/m/n/10.95 This is the small-est group/monoid/semigroup \T1/cmtt/m/n/1
0.95 P \T1/ptm/m/n/10.95 such that []
 []


Underfull \hbox (badness 10000) in paragraph at lines 5554--5555
\T1/ptm/m/n/10.95 is a sub-set of \T1/cmtt/m/n/10.95 FullSCGroup(AlphabetOfFRSe
migroup(g),P) \T1/ptm/m/n/10.95 or
 []


Overfull \hbox (43.01018pt too wide) in paragraph at lines 5554--5555
\T1/cmtt/m/n/10.95 FullSCMonoid(AlphabetOfFRSemigroup(g),P) \T1/ptm/m/n/10.95 o
r \T1/cmtt/m/n/10.95 FullSCSemigroup(AlphabetOfFRSemigroup(g),P)\T1/ptm/m/n/10.
95 . 
 []

[83]
Underfull \hbox (badness 10000) in paragraph at lines 5663--5664
\T1/ptm/m/n/10.95 ([][]10.1.2[][]), \T1/cmtt/m/n/10.95 GrigorchukGroup \T1/ptm/
m/n/10.95 ([][]10.1.11[][]), \T1/cmtt/m/n/10.95 GrigorchukOverGroup \T1/ptm/m/n
/10.95 ([][]10.1.12[][]), gen-er-al-ized
 []

[84] [85] [86] [87]
Chapter 8.

Underfull \hbox (badness 10000) in paragraph at lines 5908--5911
[]\T1/ptm/m/n/10.95 Each [] is of the form \T1/cmtt/m/n/10.95 "name=[[...],...,
[...]]" \T1/ptm/m/n/10.95 or of the form
 []


Underfull \hbox (badness 1348) in paragraph at lines 5908--5911
\T1/cmtt/m/n/10.95 "name=[[...],...,[...]]:out"\T1/ptm/m/n/10.95 , namely a ma-
trix whose en-tries are al-ge-braic ex-pres-sions
 []

[88

] [89] [90] [91]
Chapter 9.

Underfull \hbox (badness 10000) in paragraph at lines 6147--6156

 []

[92

] [93]
Underfull \hbox (badness 10000) in paragraph at lines 6317--6323

 []

[94]
Underfull \hbox (badness 2486) in paragraph at lines 6397--6399
[]\T1/ptm/m/n/10.95 A ma-chine with-out the ex-tra poly-no-mial / IMG in-for-ma
-tion may be re-cov-ered us-ing
 []

[95] [96]
Underfull \hbox (badness 10000) in paragraph at lines 6507--6508
[]\T1/ptm/m/n/10.95 The at-tribute \T1/cmtt/m/n/10.95 Correspondence(m) \T1/ptm
/m/n/10.95 records the an-gles land-ing on the gen-er-a-tors:
 []

[97] [98] [99] [100] [101] [102] [103]
Underfull \hbox (badness 2221) in paragraph at lines 6945--6947
\T1/ptm/m/n/10.95 for along the stan-dard PATH; al-ter-na-tively, its lo-ca-tio
n can be set in the string vari-able
 []

LaTeX Font Info:    Font shape `T1/cmtt/bx/n' in size <10.95> not available
(Font)              Font shape `T1/cmtt/m/n' tried instead on input line 6964.
[104]
Underfull \hbox (badness 10000) in paragraph at lines 7051--7063

 []

[105]
Underfull \hbox (badness 10000) in paragraph at lines 7113--7116

 []

[106]
Underfull \hbox (badness 1365) in paragraph at lines 7188--7190
[]\T1/ptm/m/n/10.95 The method ei-ther re-turns \T1/cmtt/m/n/10.95 fail\T1/ptm/
m/n/10.95 , if there is no ob-struc-tion, or a record with as fields
 []

[107] [108]
Chapter 10.

Underfull \hbox (badness 10000) in paragraph at lines 7318--7336

 []


Underfull \hbox (badness 2401) in paragraph at lines 7338--7341
[]\T1/ptm/m/n/10.95 These are the fini-tary, bounded, polynomial-growth, finite
-state, or un-re-stricted groups
 []


Underfull \hbox (badness 3690) in paragraph at lines 7338--7341
\T1/ptm/m/n/10.95 act-ing on the bi-nary tree. They are re-spec-tively short-cu
ts for \T1/cmtt/m/n/10.95 FullSCGroup([1..2])\T1/ptm/m/n/10.95 ,
 []


Underfull \hbox (badness 10000) in paragraph at lines 7338--7341
\T1/cmtt/m/n/10.95 FullSCGroup([1..2],l)\T1/ptm/m/n/10.95 , \T1/cmtt/m/n/10.95 
FullSCGroup([1..2],IsFinitaryFRSemigroup)\T1/ptm/m/n/10.95 ,
 []


Overfull \hbox (68.62816pt too wide) in paragraph at lines 7338--7341
\T1/cmtt/m/n/10.95 FullSCGroup([1..2],IsBoundedFRSemigroup)\T1/ptm/m/n/10.95 , 
\T1/cmtt/m/n/10.95 FullSCGroup([1..2],IsPolynomialGrowthFRSemigroup)\T1/ptm/m/n
/10.95 ,
 []

[109

]
Underfull \hbox (badness 10000) in paragraph at lines 7378--7379
[]\T1/ptm/m/n/10.95 As par-tic-u-lar ex-am-ples, \T1/cmtt/m/n/10.95 BinaryKnead
ingMachine() \T1/ptm/m/n/10.95 is the adding ma-chine;
 []


Underfull \hbox (badness 10000) in paragraph at lines 7378--7379
\T1/cmtt/m/n/10.95 BinaryKneadingGroup() \T1/ptm/m/n/10.95 is the adding ma-chi
ne; and \T1/cmtt/m/n/10.95 BinaryKneadingGroup("1") \T1/ptm/m/n/10.95 is
 []


Underfull \hbox (badness 10000) in paragraph at lines 7400--7403

 []


Underfull \hbox (badness 10000) in paragraph at lines 7424--7427

 []

[110] <fornaess-sibony.jpg, id=1385, 1002.74625pt x 460.72125pt>
File: fornaess-sibony.jpg Graphic file (type jpg)

<use fornaess-sibony.jpg>
Underfull \hbox (badness 10000) in paragraph at lines 7446--7449

 []


Underfull \hbox (badness 10000) in paragraph at lines 7458--7467

 []


Underfull \hbox (badness 10000) in paragraph at lines 7503--7512

 []

[111 <./fornaess-sibony.jpg>]
Underfull \hbox (badness 10000) in paragraph at lines 7514--7515
[]\T1/ptm/m/n/10.95 These are re-spec-tively the same as \T1/cmtt/m/n/10.95 Add
ingGroup(2)\T1/ptm/m/n/10.95 , \T1/cmtt/m/n/10.95 AddingMachine(2) \T1/ptm/m/n/
10.95 and
 []


Underfull \hbox (badness 1019) in paragraph at lines 7542--7544
[]\T1/ptm/m/n/10.95 The first func-tion con-structs the group gen-er-ated by th
e mixer ma-chine. For ex-am-ples
 []

[112]
Underfull \hbox (badness 10000) in paragraph at lines 7600--7601
[]\T1/ptm/m/n/10.95 These groups are \T1/cmtt/m/n/10.95 MixerGroup \T1/ptm/m/n/
10.95 ([][]10.1.8[][])s. The most fa-mous ex-am-ple is
 []


Underfull \hbox (badness 7869) in paragraph at lines 7602--7603
[]\T1/ptm/m/n/10.95 These groups are all 4-generated and in-fi-nite. They are d
e-scribed in [[]][].
 []


Underfull \hbox (badness 1635) in paragraph at lines 7602--7603
\T1/cmtt/m/n/10.95 GrigorchukGroups([1]) \T1/ptm/m/n/10.95 is in-fi-nite di-he-
dral. If [] con-tains at least 2 dif-fer-ent dig-
 []


Underfull \hbox (badness 10000) in paragraph at lines 7627--7633

 []


Underfull \hbox (badness 4378) in paragraph at lines 7635--7637
[]\T1/ptm/m/n/10.95 This is Grig-orchuk's first group, in-tro-duced in [[]][]. 
It is a 4-generated in-fi-
 []


Underfull \hbox (badness 2894) in paragraph at lines 7635--7637
\T1/ptm/m/n/10.95 nite tor-sion group, and has in-ter-me-di-ate word growth. It
 could have been de-fined as
 []


Underfull \hbox (badness 10000) in paragraph at lines 7638--7640
[]\T1/ptm/m/n/10.95 The com-mand \T1/cmtt/m/n/10.95 EpimorphismFromFpGroup(Grig
orchukGroup,n) \T1/ptm/m/n/10.95 con-structs an ap-
 []


Underfull \hbox (badness 7595) in paragraph at lines 7638--7640
\T1/ptm/m/n/10.95 prox-i-mat-ing pre-sen-ta-tion for the Grig-orchuk group, as 
proven in [[]][]. Adding
 []


Underfull \hbox (badness 10000) in paragraph at lines 7638--7640
\T1/ptm/m/n/10.95 the re-la-tions \T1/cmtt/m/n/10.95 Image(sigma^(n-2),(a*d)^2)
\T1/ptm/m/n/10.95 , \T1/cmtt/m/n/10.95 Image(sigma^(n-1),(a*b)^2) \T1/ptm/m/n/1
0.95 and
 []

[113]
Underfull \hbox (badness 10000) in paragraph at lines 7646--7649

 []


Underfull \hbox (badness 10000) in paragraph at lines 7670--7673

 []


Underfull \hbox (badness 2961) in paragraph at lines 7675--7676
[]\T1/ptm/m/n/10.95 This is a group with same clo-sure as the Grig-orchuk group
 (see \T1/cmtt/m/n/10.95 GrigorchukGroup
 []


Underfull \hbox (badness 10000) in paragraph at lines 7675--7676
\T1/ptm/m/n/10.95 ([][]10.1.11[][])), but not iso-mor-phic to it. It could have
 been de-fined as
 []


Underfull \hbox (badness 1810) in paragraph at lines 7675--7676
\T1/cmtt/m/n/10.95 FRGroup("a=(1,2)","x=<y,a>","y=<a,z>","z=<,x>")\T1/ptm/m/n/1
0.95 , but is rather de-fined us-ing Mealy
 []


Underfull \hbox (badness 10000) in paragraph at lines 7691--7697

 []

[114]
Underfull \hbox (badness 10000) in paragraph at lines 7731--7732
[]\T1/ptm/m/n/10.95 If \T1/cmtt/m/n/10.95 l=[(1,2),(1,2),()]\T1/ptm/m/n/10.95 ,
 this is \T1/cmtt/m/n/10.95 AleshinGroup \T1/ptm/m/n/10.95 ([][]10.1.16[][]). M
ore gen-er-ally, if
 []


Underfull \hbox (badness 1127) in paragraph at lines 7731--7732
\T1/cmtt/m/n/10.95 l=[(1,2,(1,2),(),...,()] \T1/ptm/m/n/10.95 has odd length, t
his is a free group of rank \T1/cmtt/m/n/10.95 Length(l)\T1/ptm/m/n/10.95 , see

 []


Underfull \hbox (badness 10000) in paragraph at lines 7742--7748

 []


Underfull \hbox (badness 10000) in paragraph at lines 7750--7752
[]\T1/ptm/m/n/10.95 This is the first ex-am-ple of non-abelian free group. It i
s the group gen-er-
 []


Underfull \hbox (badness 10000) in paragraph at lines 7750--7752
\T1/ptm/m/n/10.95 ated by \T1/cmtt/m/n/10.95 AleshinMachine([(1,2),(1,2),()])\T
1/ptm/m/n/10.95 . It could have been de-fined as
 []


Underfull \hbox (badness 10000) in paragraph at lines 7758--7764

 []

[115]
Underfull \hbox (badness 10000) in paragraph at lines 7786--7789

 []


Underfull \hbox (badness 10000) in paragraph at lines 7827--7833

 []


Underfull \hbox (badness 4647) in paragraph at lines 7835--7837
[]\T1/ptm/m/n/10.95 This is an in-fi-nite, 2-generated, tor-sion 3-group. It co
uld have been de-fined as
 []

[116]
Underfull \hbox (badness 10000) in paragraph at lines 7867--7873

 []


Underfull \hbox (badness 10000) in paragraph at lines 7887--7890

 []


Underfull \hbox (badness 10000) in paragraph at lines 7928--7931

 []

[117]
Underfull \hbox (badness 10000) in paragraph at lines 8050--8053

 []

[118]
Underfull \hbox (badness 10000) in paragraph at lines 8060--8061
[]\T1/ptm/m/n/10.95 It ad-mits an en-do-mor-phism on its de-rived sub-group. In
-deed
 []


Underfull \hbox (badness 10000) in paragraph at lines 8060--8061
\T1/cmtt/m/n/10.95 FRElement(1,Comm(a,b))=Comm(c^-1,b/a)\T1/ptm/m/n/10.95 , \T1
/cmtt/m/n/10.95 FRElement(1,Comm(a,c))=Comm(a/b,c)\T1/ptm/m/n/10.95 ,
 []


Underfull \hbox (badness 10000) in paragraph at lines 8067--8070

 []


Underfull \hbox (badness 2894) in paragraph at lines 8072--8074
[]\T1/ptm/m/n/10.95 This group was stud-ied in [[]][]. It is frac-tal, but not 
con-tract-ing. It could
 []


Underfull \hbox (badness 10000) in paragraph at lines 8072--8074
\T1/ptm/m/n/10.95 have been de-fined as \T1/cmtt/m/n/10.95 FRGroup("a=<,b>(1,2)
","b=<a,c>","c=<a,a^-1>(1,2)")]]>\T1/ptm/m/n/10.95 ,
 []


Underfull \hbox (badness 8075) in paragraph at lines 8072--8074
\T1/ptm/m/n/10.95 but is rather de-fined us-ing Mealy el-e-ments. It par-tially
 ad-mits branch-ing on its
 []


Underfull \hbox (badness 10000) in paragraph at lines 8072--8074
\T1/ptm/m/n/10.95 sub-group \T1/cmtt/m/n/10.95 Subgroup(G,[a^2,(a^2)^b,(a^2)^c]
)\T1/ptm/m/n/10.95 , and, set-ting \T1/cmtt/m/n/10.95 x=Comm(a^2,b)\T1/ptm/m/n/
10.95 , on
 []


Underfull \hbox (badness 10000) in paragraph at lines 8080--8083

 []

[119] [120]
Underfull \hbox (badness 10000) in paragraph at lines 8220--8226

 []


Underfull \hbox (badness 10000) in paragraph at lines 8238--8244

 []


Underfull \hbox (badness 10000) in paragraph at lines 8262--8265

 []

[121]
Underfull \hbox (badness 10000) in paragraph at lines 8291--8294

 []


Underfull \hbox (badness 10000) in paragraph at lines 8326--8329

 []

[122]
Underfull \hbox (badness 10000) in paragraph at lines 8361--8367

 []


Underfull \hbox (badness 10000) in paragraph at lines 8376--8379

 []

[123]
Underfull \hbox (badness 10000) in paragraph at lines 8405--8408

 []

[124] [125] [126] [127] [128] [129] [130]
Chapter 11.
[131

]
Underfull \hbox (badness 10000) in paragraph at lines 8852--8855

 []


Underfull \hbox (badness 10000) in paragraph at lines 8868--8871

 []

[132] [133] [134] [135] [136] [137] [138] [139]
Chapter 12.

Underfull \hbox (badness 10000) in paragraph at lines 9513--9516

 []


Underfull \hbox (badness 10000) in paragraph at lines 9525--9528

 []


Underfull \hbox (badness 10000) in paragraph at lines 9537--9540

 []


Underfull \hbox (badness 10000) in paragraph at lines 9555--9561

 []


Underfull \hbox (badness 10000) in paragraph at lines 9570--9591

 []

[140

]
Underfull \hbox (badness 10000) in paragraph at lines 9605--9606
[]\T1/ptm/m/n/10.95 The fourth and fifth com-mand com-press the newly cre-ated 
pe-ri-odic list, see
 []


Underfull \hbox (badness 1584) in paragraph at lines 9610--9612
\T1/ptm/m/n/10.95 (\T1/ptm/b/n/10.95 Reference: Lists\T1/ptm/m/n/10.95 ), \T1/c
mtt/m/n/10.95 Filtered \T1/ptm/m/n/10.95 (\T1/ptm/b/n/10.95 Reference: Fil-tere
d\T1/ptm/m/n/10.95 ), \T1/cmtt/m/n/10.95 First \T1/ptm/m/n/10.95 (\T1/ptm/b/n/1
0.95 Reference: First\T1/ptm/m/n/10.95 ), \T1/cmtt/m/n/10.95 ForAll
 []


Underfull \hbox (badness 10000) in paragraph at lines 9635--9638

 []

[141] [142] [143]
Underfull \hbox (badness 2753) in paragraph at lines 9781--9782
\T1/ptm/m/n/10.95 If the first ar-gu-ment is an in-te-ger \T1/cmtt/m/n/10.95 n 
\T1/ptm/m/n/10.95 and not a record, the com-mand is in-ter-preted as
 []


Underfull \hbox (badness 10000) in paragraph at lines 9783--9784
[]\T1/cmtt/m/n/10.95 WordGrowth(...,rec(draw:=true)) \T1/ptm/m/n/10.95 may be a
b-bre-vi-ated as \T1/cmtt/m/n/10.95 Draw(...)\T1/ptm/m/n/10.95 ;
 []


Underfull \hbox (badness 10000) in paragraph at lines 9783--9784
\T1/cmtt/m/n/10.95 WordGrowth(...,rec(ball:=n)) \T1/ptm/m/n/10.95 may be ab-bre
-vi-ated as \T1/cmtt/m/n/10.95 Ball(...,n)\T1/ptm/m/n/10.95 ;
 []

<basilica-ball.jpg, id=1822, 507.16911pt x 461.76053pt>
File: basilica-ball.jpg Graphic file (type jpg)

<use basilica-ball.jpg>
Overfull \hbox (56.21924pt too wide) in paragraph at lines 9817--9818
[]\T1/ptm/m/n/10.95 For ex-am-ple, the com-mand \T1/cmtt/m/n/10.95 Draw(Basilic
aGroup,rec(point:=PeriodicList([],[2,1]),limit:=3));
 []

[144 <./basilica-ball.jpg>] [145]
Underfull \hbox (badness 10000) in paragraph at lines 9984--9990

 []


Underfull \hbox (badness 10000) in paragraph at lines 10000--10009

 []

[146] [147]
Underfull \hbox (badness 10000) in paragraph at lines 10133--10136

 []

[148]
Underfull \hbox (badness 10000) in paragraph at lines 10214--10226

 []


Underfull \hbox (badness 10000) in paragraph at lines 10234--10235
[]\T1/ptm/m/n/10.95 These com-plex num-bers can be made the de-fault floating-p
oint num-bers via
 []


Underfull \hbox (badness 1742) in paragraph at lines 10234--10235
\T1/cmtt/m/n/10.95 SetFloats(PMCOMPLEX);\T1/ptm/m/n/10.95 . They may then be en
-tered as stan-dard floating-point num-bers,
 []

[149]
Underfull \hbox (badness 10000) in paragraph at lines 10283--10298

 []


Underfull \hbox (badness 10000) in paragraph at lines 10324--10333

 []

[150]
Underfull \hbox (badness 10000) in paragraph at lines 10459--10465

 []


Underfull \hbox (badness 10000) in paragraph at lines 10477--10489

 []


Underfull \hbox (badness 10000) in paragraph at lines 10499--10502

 []

[151] [152]
Underfull \hbox (badness 10000) in paragraph at lines 10670--10673

 []


Underfull \hbox (badness 10000) in paragraph at lines 10696--10708

 []

[153]
Underfull \hbox (badness 10000) in paragraph at lines 10803--10809

 []

[154]pdfTeX warning (ext4): destination with the same identifier (name{L.X785C6
C0B80936CC8}) has been already used, duplicate ignored
<to be read again> 
                   \relax 
l.10887 \hyperdef{L}{X785C6C0B80936CC8}{}
                                         
Underfull \hbox (badness 10000) in paragraph at lines 10927--10930

 []

[155]
Underfull \hbox (badness 10000) in paragraph at lines 10975--10976
[]\T1/ptm/m/n/10.95 This func-tion con-structs an en-do-mor-phism of the group,
monoid or semi-
 []


Underfull \hbox (badness 10000) in paragraph at lines 10975--10976
\T1/ptm/m/n/10.95 group [] spec-i-fied by send-ing gen-er-a-tor num-ber $\OML/z
tmcm/m/it/10.95 i$ \T1/ptm/m/n/10.95 to the $\OML/ztmcm/m/it/10.95 i$\T1/ptm/m/
n/10.95 th en-try in
 []


Underfull \hbox (badness 10000) in paragraph at lines 10975--10976
[]\T1/ptm/m/n/10.95 . It is a short-cut for a call to \T1/cmtt/m/n/10.95 GroupH
omomorphismByImagesNC \T1/ptm/m/n/10.95 or
 []


Underfull \hbox (badness 10000) in paragraph at lines 10990--10991
[]\T1/ptm/m/n/10.95 This func-tion con-structs a ho-mo-mor-phism of the group,m
onoid or semi-
 []


Underfull \hbox (badness 10000) in paragraph at lines 10990--10991
\T1/ptm/m/n/10.95 group [] spec-i-fied by send-ing gen-er-a-tor num-ber $\OML/z
tmcm/m/it/10.95 i$ \T1/ptm/m/n/10.95 to the $\OML/ztmcm/m/it/10.95 i$\T1/ptm/m/
n/10.95 th en-try in
 []


Underfull \hbox (badness 10000) in paragraph at lines 10990--10991
[]\T1/ptm/m/n/10.95 . It is a short-cut for a call to \T1/cmtt/m/n/10.95 GroupH
omomorphismByImagesNC \T1/ptm/m/n/10.95 or
 []


Underfull \hbox (badness 10000) in paragraph at lines 11015--11027

 []

[156] [157]
Underfull \hbox (badness 10000) in paragraph at lines 11135--11138

 []


Underfull \hbox (badness 6592) in paragraph at lines 11143--11145
[]\T1/ptm/m/n/10.95 If \T1/cmtt/m/n/10.95 G \T1/ptm/m/n/10.95 is an in-fi-nite,
 finitely pre-sented group, then the orig-i-nal im-ple-men-ta-tion of
 []


Underfull \hbox (badness 10000) in paragraph at lines 11183--11186

 []


Underfull \hbox (badness 10000) in paragraph at lines 11196--11199

 []

[158]
Underfull \hbox (badness 10000) in paragraph at lines 11241--11244

 []


Underfull \hbox (badness 10000) in paragraph at lines 11262--11265

 []

[159] (./fr.bbl (./fr.brf)
\tf@brf=\write8
\openout8 = `fr.brf'.

 [160] [161

] [162]
Underfull \hbox (badness 10000) in paragraph at lines 227--227
[]\T1/ptm/m/n/10.95 V. Nekra-shevych.  Com-bi-na-to-rial mod-els of ex-pand-ing
 dy-nam-i-cal sys-tems.
 []

[163]) [164] (./fr.ind
Underfull \hbox (badness 10000) in paragraph at lines 38--40
[]\T1/cmtt/m/n/10.95 Algebra\T1/ptm/m/n/10.95 -\T1/cmtt/m/n/10.95 With\T1/ptm/m
/n/10.95 -\T1/cmtt/m/n/10.95 One\T1/ptm/m/n/10.95 -\T1/cmtt/m/n/10.95 Homomorph
ism\T1/ptm/m/n/10.95 -\T1/cmtt/m/n/10.95 By\T1/ptm/m/n/10.95 -\T1/cmtt/m/n/10.9
5 Function\T1/ptm/m/n/10.95 ,
 []

[165


] [166] [167] [168] [169] [170] [171]) (./fr.aux) ) 
Here is how much of TeX's memory you used:
 8069 strings out of 495021
 119373 string characters out of 1181035
 197027 words of memory out of 3000000
 10045 multiletter control sequences out of 15000+50000
 74866 words of font info for 102 fonts, out of 3000000 for 9000
 28 hyphenation exceptions out of 8191
 38i,7n,36p,748b,619s stack positions out of 5000i,500n,10000p,200000b,50000s
 </usr/local/home/laurent/.t
exmf-var/fonts/pk/ljfour/jknappen/ec/ectt1200.600pk> </usr/local/home/laurent/.
texmf-var/fonts/pk/ljfour/jknappen/ec/ecst1095.600pk> </usr/local/home/laurent/
.texmf-var/fonts/pk/ljfour/jknappen/ec/ectt1440.600pk>{/usr/share/texmf-texlive
/fonts/enc/dvips/base/8r.enc} </usr/local/home/laurent/.texmf-var/fonts/pk/ljfo
ur/jknappen/ec/ectt1095.600pk> </usr/local/home/laurent/.texmf-var/fonts/pk/ljf
our/jknappen/ec/ectt1000.600pk></usr/share/texmf-texlive/fonts/type1/public/ams
fonts/cm/cmex10.pfb></usr/share/texmf-texlive/fonts/type1/public/amsfonts/cm/cm
mi10.pfb></usr/share/texmf-texlive/fonts/type1/public/amsfonts/cm/cmr10.pfb></u
sr/share/texmf-texlive/fonts/type1/public/amsfonts/cm/cmsy10.pfb></usr/share/te
xmf-texlive/fonts/type1/public/amsfonts/symbols/msbm10.pfb></usr/share/texmf-te
xlive/fonts/type1/urw/helvetic/uhvr8a.pfb></usr/share/texmf-texlive/fonts/type1
/urw/symbol/usyr.pfb></usr/share/texmf-texlive/fonts/type1/urw/symbol/usyr.pfb>
</usr/share/texmf-texlive/fonts/type1/urw/times/utmb8a.pfb></usr/share/texmf-te
xlive/fonts/type1/urw/times/utmr8a.pfb></usr/share/texmf-texlive/fonts/type1/ur
w/times/utmr8a.pfb></usr/share/texmf-texlive/fonts/type1/urw/times/utmri8a.pfb>

Output written on fr.pdf (171 pages, 1178296 bytes).
PDF statistics:
 3267 PDF objects out of 3580 (max. 8388607)
 1038 named destinations out of 1200 (max. 500000)
 445 words of extra memory for PDF output out of 10000 (max. 10000000)

