\BOOKMARK [0][-]{chapter.1}{Licensing}{}
\BOOKMARK [0][-]{chapter.2}{FR package}{}
\BOOKMARK [1][-]{section.2.1}{A brief mathematical introduction}{chapter.2}
\BOOKMARK [1][-]{section.2.2}{An example session}{chapter.2}
\BOOKMARK [0][-]{chapter.3}{Functionally recursive machines}{}
\BOOKMARK [1][-]{section.3.1}{Types of machines}{chapter.3}
\BOOKMARK [1][-]{section.3.2}{Products of machines}{chapter.3}
\BOOKMARK [1][-]{section.3.3}{Creators for FRMachines}{chapter.3}
\BOOKMARK [1][-]{section.3.4}{Attributes for FRMachines}{chapter.3}
\BOOKMARK [1][-]{section.3.5}{Operations for FRMachines}{chapter.3}
\BOOKMARK [0][-]{chapter.4}{Functionally recursive elements}{}
\BOOKMARK [1][-]{section.4.1}{Creators for FRElements}{chapter.4}
\BOOKMARK [1][-]{section.4.2}{Operations and Attributes for FRElements}{chapter.4}
\BOOKMARK [0][-]{chapter.5}{Mealy machines and elements}{}
\BOOKMARK [1][-]{section.5.1}{Creators for MealyMachines and MealyElements}{chapter.5}
\BOOKMARK [1][-]{section.5.2}{Operations and Attributes for MealyMachines and MealyElements}{chapter.5}
\BOOKMARK [0][-]{chapter.6}{Linear machines and elements}{}
\BOOKMARK [1][-]{section.6.1}{Methods and operations for LinearFRMachines and LinearFRElements}{chapter.6}
\BOOKMARK [0][-]{chapter.7}{Self-similar groups, monoids and semigroups}{}
\BOOKMARK [1][-]{section.7.1}{Creators for FR semigroups}{chapter.7}
\BOOKMARK [1][-]{section.7.2}{Operations for FR semigroups}{chapter.7}
\BOOKMARK [1][-]{section.7.3}{Properties for infinite groups}{chapter.7}
\BOOKMARK [0][-]{chapter.8}{Algebras}{}
\BOOKMARK [1][-]{section.8.1}{Creators for FR algebras}{chapter.8}
\BOOKMARK [1][-]{section.8.2}{Operations for FR algebras}{chapter.8}
\BOOKMARK [0][-]{chapter.9}{Iterated monodromy groups}{}
\BOOKMARK [1][-]{section.9.1}{Creators and operations for IMG machines}{chapter.9}
\BOOKMARK [1][-]{section.9.2}{Spiders}{chapter.9}
\BOOKMARK [0][-]{chapter.10}{Examples}{}
\BOOKMARK [1][-]{section.10.1}{Examples of groups}{chapter.10}
\BOOKMARK [1][-]{section.10.2}{Examples of semigroups}{chapter.10}
\BOOKMARK [1][-]{section.10.3}{Examples of algebras}{chapter.10}
\BOOKMARK [1][-]{section.10.4}{Bacher's determinant identities}{chapter.10}
\BOOKMARK [1][-]{section.10.5}{VH groups}{chapter.10}
\BOOKMARK [0][-]{chapter.11}{FR implementation details}{}
\BOOKMARK [1][-]{section.11.1}{The family of FR objects}{chapter.11}
\BOOKMARK [1][-]{section.11.2}{Filters for FRObjects}{chapter.11}
\BOOKMARK [1][-]{section.11.3}{Some of the algorithms implemented}{chapter.11}
\BOOKMARK [0][-]{chapter.12}{Miscellanea}{}
\BOOKMARK [1][-]{section.12.1}{Generic operations}{chapter.12}
\BOOKMARK [1][-]{section.12.2}{Periodic lists}{chapter.12}
\BOOKMARK [1][-]{section.12.3}{Word growth}{chapter.12}
\BOOKMARK [1][-]{section.12.4}{Finding short relations}{chapter.12}
\BOOKMARK [1][-]{section.12.5}{Braid groups}{chapter.12}
\BOOKMARK [1][-]{section.12.6}{Transformations on the integers}{chapter.12}
\BOOKMARK [1][-]{section.12.7}{Complex numbers}{chapter.12}
\BOOKMARK [1][-]{section.12.8}{P1 points}{chapter.12}
\BOOKMARK [1][-]{section.12.9}{Dirichlet series}{chapter.12}
\BOOKMARK [1][-]{section.12.10}{Projective representations}{chapter.12}
\BOOKMARK [1][-]{section.12.11}{Miscellanea}{chapter.12}
\BOOKMARK [1][-]{section.12.12}{User settings}{chapter.12}
\BOOKMARK [0][-]{chapter*.6}{References}{}
\BOOKMARK [0][-]{section*.7}{Index}{}
