\BOOKMARK [0][-]{chapter.1}{Introduction}{}
\BOOKMARK [0][-]{chapter.2}{2d-groups : crossed modules and cat1-groups}{}
\BOOKMARK [1][-]{section.2.1}{Constructions for crossed modules}{chapter.2}
\BOOKMARK [1][-]{section.2.2}{Pre-crossed modules}{chapter.2}
\BOOKMARK [1][-]{section.2.3}{Cat1-groups and pre-cat1-groups}{chapter.2}
\BOOKMARK [1][-]{section.2.4}{Selection of a small cat1-group}{chapter.2}
\BOOKMARK [0][-]{chapter.3}{2d-mappings}{}
\BOOKMARK [1][-]{section.3.1}{Morphisms of 2d-groups}{chapter.3}
\BOOKMARK [1][-]{section.3.2}{Morphisms of pre-crossed modules}{chapter.3}
\BOOKMARK [1][-]{section.3.3}{Morphisms of pre-cat1-groups}{chapter.3}
\BOOKMARK [1][-]{section.3.4}{Operations on morphisms}{chapter.3}
\BOOKMARK [0][-]{chapter.4}{Derivations and Sections}{}
\BOOKMARK [1][-]{section.4.1}{Whitehead Multiplication}{chapter.4}
\BOOKMARK [1][-]{section.4.2}{Whitehead Groups and Monoids}{chapter.4}
\BOOKMARK [0][-]{chapter.5}{Actors of 2d-groups}{}
\BOOKMARK [1][-]{section.5.1}{Actor of a crossed module}{chapter.5}
\BOOKMARK [0][-]{chapter.6}{Induced Constructions}{}
\BOOKMARK [1][-]{section.6.1}{Induced crossed modules}{chapter.6}
\BOOKMARK [0][-]{chapter.7}{Crossed squares and their morphisms}{}
\BOOKMARK [1][-]{section.7.1}{Constructions for crossed squares}{chapter.7}
\BOOKMARK [1][-]{section.7.2}{Morphisms of crossed squares}{chapter.7}
\BOOKMARK [0][-]{chapter.8}{Crossed modules of groupoids}{}
\BOOKMARK [1][-]{section.8.1}{Constructions for crossed modules of groupoids}{chapter.8}
\BOOKMARK [0][-]{chapter.9}{Utility functions}{}
\BOOKMARK [1][-]{section.9.1}{Printing Lists}{chapter.9}
\BOOKMARK [1][-]{section.9.2}{Inclusion and Restriction Mappings}{chapter.9}
\BOOKMARK [1][-]{section.9.3}{Endomorphism Classes and Automorphisms}{chapter.9}
\BOOKMARK [1][-]{section.9.4}{Abelian Modules}{chapter.9}
\BOOKMARK [1][-]{section.9.5}{Distinct and Common Representatives}{chapter.9}
\BOOKMARK [0][-]{chapter.10}{Development history}{}
\BOOKMARK [1][-]{section.10.1}{Changes from version to version}{chapter.10}
\BOOKMARK [1][-]{section.10.2}{What needs doing next?}{chapter.10}
\BOOKMARK [0][-]{chapter*.5}{References}{}
\BOOKMARK [0][-]{section*.6}{Index}{}
