This is pdfTeX, Version 3.141592653-2.6-1.40.22 (TeX Live 2021) (preloaded format=pdftex 2022.1.25)  21 APR 2022 00:17
entering extended mode
 restricted \write18 enabled.
 %&-line parsing enabled.
**manual
(./manual.tex (../gapmacro.tex
(/usr/local/texlive/2021/texmf-dist/tex/plain/amsfonts/amssym.tex
(/usr/local/texlive/2021/texmf-dist/tex/plain/amsfonts/amssym.def
\msafam=\fam8
\msbfam=\fam9
\eufmfam=\fam10
))
Running PDFTeX
\pagewidth=\dimen16
\pageheight=\dimen17
\colwidth=\dimen18
\partialpage=\box16
\origvsize=\dimen19
\manindent=\dimen20
\smallmanindent=\dimen21
\itfam=\fam11
\slfam=\fam12
\bffam=\fam13
\ttfam=\fam14
\msbfam=\fam15
\ttindent=\dimen22
\labelout=\write0
\indexout=\write1
\secindout=\write2
\tocout=\write3
\citeout=\write4
\ans=\write5
\exampleout=\write6
\labelin=\read1
\indexin=\read2
\tocin=\read3
\citein=\read4
\secno=\count27
\subsecno=\count28
\exno=\count29
\indentno=\count30
\chapnum=\count31
\ortoks=\toks13
\bibindent=\dimen23
) [1{/usr/local/texlive/2021/texmf-var/fonts/map/pdftex/updmap/pdftex.map}]
\makelabel{sonata:Contents}{{\setbox 0=\hbox {1}\vrule width 0pt height\ht 0}}
Chapter `Contents' .
(./manual.toc [2.1
\chapcontents {\tocstrut }{Contents}{2}
]) [3.1] (./manual.lab)
\openout3 = `manual.toc'.

\openout0 = `manual.lab'.

\openout1 = `manual.idx'.

\openout2 = `manual.six'.

\openout4 = `manual.aux'.

 [4.1] (./copyrigh.tex
Chapter `Copyright notice' .
) (./authors.tex [5.2]
Chapter `The authors' .
) (./preface.tex [6.3]
Chapter `Preface' .
[7.4]) [8.4] (./grpsupp.tex
Chapter `Supportive functions for groups' .
\openout6 = `manual.example-1.tst'.

[9.1] [10.1] [11.1] [12.1] [13.1]) (./nr.tex [14.1]
Chapter `Nearrings' .
\openout6 = `manual.example-2.tst'.

[15.2] [16.2] [17.2] [18.2] [19.2] [20.2] [21.2] [22.2] [23.2] [24.2] [25.2]
[26.2] [27.2]) (./libnr.tex [28.2]
Chapter `The nearring library' .
\openout6 = `manual.example-3.tst'.

[29.3] [30.3]) (./tfms.tex [31.3]
Chapter `Arbitrary functions on groups: EndoMappings' .
\openout6 = `manual.example-4.tst'.

[32.4] [33.4] [34.4]) (./tfmnr.tex [35.4] [36.4]
Chapter `Transformation nearrings' .
\openout6 = `manual.example-5.tst'.

[37.5] [38.5] [39.5] [40.5] [41.5] [42.5]) (./ideals.tex [43.5]
Chapter `Nearring ideals' .
\openout6 = `manual.example-6.tst'.

[44.6] [45.6] [46.6] [47.6] [48.6] [49.6]) (./xsonata.tex [50.6]
Chapter `Graphic ideal lattices (X-GAP only)' .
) (./ngroups.tex [51.7]
Chapter `N-groups' .
\openout6 = `manual.example-8.tst'.

[52.8] [53.8] [54.8] [55.8] [56.8]) (./fpf.tex [57.8]
Chapter `Fixed-point-free automorphism groups' .
\openout6 = `manual.example-9.tst'.

[58.9] [59.9] [60.9] [61.9] [62.9] [63.9] [64.9] [65.9]) (./nfplwd.tex [66.9]
Chapter `Nearfields, planar nearrings and weakly divisible nearrings' .
\openout6 = `manual.example-10.tst'.

[67.10] [68.10] [69.10]) (./design.tex [70.10]
Chapter `Designs' .
\openout6 = `manual.example-11.tst'.

[71.11] [72.11] [73.11] [74.11]) [75.11]
Chapter `Bibliography' .
(./manual.bbl) [76.12]
Chapter `Index' .
(./manual.ind [77.13] [78.13] [79.13]) [80.13]
##
## Citations for BibTeX written on manual.aux.
## Index entries for makeindex written on manual.idx.
## Section index entries written on manual.six.
## Label definitions written on manual.lab.
## Table of contents written on manual.toc.
## Examples written to manual.example-XX.tst.
## Labels have changed, run again. (Or they were multiply defined.)
##
 )</usr/local/texlive/2021/texmf-dist/fonts/type1/public/amsfonts/cm/cmbx10.pfb
></usr/local/texlive/2021/texmf-dist/fonts/type1/public/amsfonts/cm/cminch.pfb>
</usr/local/texlive/2021/texmf-dist/fonts/type1/public/amsfonts/cm/cmmi10.pfb><
/usr/local/texlive/2021/texmf-dist/fonts/type1/public/amsfonts/cm/cmmi7.pfb></u
sr/local/texlive/2021/texmf-dist/fonts/type1/public/amsfonts/cm/cmr10.pfb></usr
/local/texlive/2021/texmf-dist/fonts/type1/public/amsfonts/cm/cmr7.pfb></usr/lo
cal/texlive/2021/texmf-dist/fonts/type1/public/amsfonts/cm/cmr8.pfb></usr/local
/texlive/2021/texmf-dist/fonts/type1/public/amsfonts/cm/cmsl10.pfb></usr/local/
texlive/2021/texmf-dist/fonts/type1/public/amsfonts/cm/cmss10.pfb></usr/local/t
exlive/2021/texmf-dist/fonts/type1/public/amsfonts/cm/cmssdc10.pfb></usr/local/
texlive/2021/texmf-dist/fonts/type1/public/amsfonts/cm/cmsy10.pfb></usr/local/t
exlive/2021/texmf-dist/fonts/type1/public/amsfonts/cm/cmsy5.pfb></usr/local/tex
live/2021/texmf-dist/fonts/type1/public/amsfonts/cm/cmsy7.pfb></usr/local/texli
ve/2021/texmf-dist/fonts/type1/public/amsfonts/cm/cmti10.pfb></usr/local/texliv
e/2021/texmf-dist/fonts/type1/public/amsfonts/cm/cmtt10.pfb></usr/local/texlive
/2021/texmf-dist/fonts/type1/public/amsfonts/symbols/msam7.pfb></usr/local/texl
ive/2021/texmf-dist/fonts/type1/public/amsfonts/symbols/msbm10.pfb>
Output written on manual.pdf (80 pages, 386903 bytes).
PDF statistics:
 1263 PDF objects out of 1440 (max. 8388607)
 1152 compressed objects within 12 object streams
 355 named destinations out of 1000 (max. 500000)
 969 words of extra memory for PDF output out of 10000 (max. 10000000)

