\BOOKMARK [0][-]{chapter.1}{Introduction}{}
\BOOKMARK [1][-]{section.1.1}{Motivation for this package}{chapter.1}
\BOOKMARK [1][-]{section.1.2}{Overview over this manual}{chapter.1}
\BOOKMARK [0][-]{chapter.2}{Installation of the orb-Package}{}
\BOOKMARK [1][-]{section.2.1}{Static linking}{chapter.2}
\BOOKMARK [1][-]{section.2.2}{Recompiling the documentation}{chapter.2}
\BOOKMARK [0][-]{chapter.3}{Basic orbit enumeration}{}
\BOOKMARK [1][-]{section.3.1}{Enumerating orbits}{chapter.3}
\BOOKMARK [0][-]{chapter.4}{Hashing techniques}{}
\BOOKMARK [1][-]{section.4.1}{The idea of hashing}{chapter.4}
\BOOKMARK [1][-]{section.4.2}{Hash functions}{chapter.4}
\BOOKMARK [1][-]{section.4.3}{Using hash tables}{chapter.4}
\BOOKMARK [1][-]{section.4.4}{Using hash tables \(legacy code\)}{chapter.4}
\BOOKMARK [1][-]{section.4.5}{ The data structures for hash tables }{chapter.4}
\BOOKMARK [0][-]{chapter.5}{Caching techniques}{}
\BOOKMARK [1][-]{section.5.1}{The idea of caching}{chapter.5}
\BOOKMARK [1][-]{section.5.2}{Using caches}{chapter.5}
\BOOKMARK [0][-]{chapter.6}{Random elements}{}
\BOOKMARK [1][-]{section.6.1}{Randomizing mutable objects}{chapter.6}
\BOOKMARK [1][-]{section.6.2}{Product replacement}{chapter.6}
\BOOKMARK [0][-]{chapter.7}{Searching in groups and orbits}{}
\BOOKMARK [1][-]{section.7.1}{Searching using orbit enumeration}{chapter.7}
\BOOKMARK [1][-]{section.7.2}{Random searches in groups}{chapter.7}
\BOOKMARK [1][-]{section.7.3}{The dihedral trick and applications}{chapter.7}
\BOOKMARK [1][-]{section.7.4}{Orbit statistics on vector spaces}{chapter.7}
\BOOKMARK [1][-]{section.7.5}{Finding generating sets of subgroups}{chapter.7}
\BOOKMARK [0][-]{chapter.8}{AVL trees}{}
\BOOKMARK [1][-]{section.8.1}{The idea of AVL trees}{chapter.8}
\BOOKMARK [1][-]{section.8.2}{Using AVL trees}{chapter.8}
\BOOKMARK [1][-]{section.8.3}{The internal data structures}{chapter.8}
\BOOKMARK [0][-]{chapter.9}{Orbit enumeration by suborbits}{}
\BOOKMARK [1][-]{section.9.1}{OrbitBySuborbits and its resulting objects}{chapter.9}
\BOOKMARK [1][-]{section.9.2}{Preparation functions for OrbitBySuborbit \(9.1.1\)}{chapter.9}
\BOOKMARK [1][-]{section.9.3}{Data structures for orbit-by-suborbits}{chapter.9}
\BOOKMARK [1][-]{section.9.4}{Lists of orbit-by-suborbit objects}{chapter.9}
\BOOKMARK [0][-]{chapter.10}{Finding nice quotients}{}
\BOOKMARK [0][-]{chapter.11}{Examples}{}
\BOOKMARK [1][-]{section.11.1}{The Mathieu group M11 acting in dimension 24}{chapter.11}
\BOOKMARK [1][-]{section.11.2}{The Fischer group Fi23 acting in dimension 1494 }{chapter.11}
\BOOKMARK [1][-]{section.11.3}{The Conway group Co1 acting in dimension 24 }{chapter.11}
\BOOKMARK [1][-]{section.11.4}{The Baby Monster B acting on its 2A involutions}{chapter.11}
\BOOKMARK [0][-]{chapter*.3}{References}{}
\BOOKMARK [0][-]{section*.4}{Index}{}
