\BOOKMARK [0][-]{chapter.1}{Introduction}{}
\BOOKMARK [1][-]{section.1.1}{General aims of Wedderga package}{chapter.1}
\BOOKMARK [1][-]{section.1.2}{Installation and system requirements}{chapter.1}
\BOOKMARK [1][-]{section.1.3}{Main functions of Wedderga package}{chapter.1}
\BOOKMARK [0][-]{chapter.2}{Wedderburn decomposition}{}
\BOOKMARK [1][-]{section.2.1}{Wedderburn decomposition}{chapter.2}
\BOOKMARK [1][-]{section.2.2}{Simple quotients}{chapter.2}
\BOOKMARK [0][-]{chapter.3}{Strong Shoda pairs}{}
\BOOKMARK [1][-]{section.3.1}{Computing strong Shoda pairs}{chapter.3}
\BOOKMARK [1][-]{section.3.2}{Properties related with Shoda pairs}{chapter.3}
\BOOKMARK [0][-]{chapter.4}{Idempotents}{}
\BOOKMARK [1][-]{section.4.1}{Computing idempotents from character table}{chapter.4}
\BOOKMARK [1][-]{section.4.2}{Testing lists of idempotents for completeness}{chapter.4}
\BOOKMARK [1][-]{section.4.3}{Idempotents from Shoda pairs}{chapter.4}
\BOOKMARK [1][-]{section.4.4}{Complete set of orthogonal primitive idempotents from Shoda pairs and cyclotomic classes}{chapter.4}
\BOOKMARK [0][-]{chapter.5}{Crossed products}{}
\BOOKMARK [1][-]{section.5.1}{Construction of crossed products}{chapter.5}
\BOOKMARK [1][-]{section.5.2}{Crossed product elements and their properties}{chapter.5}
\BOOKMARK [0][-]{chapter.6}{Useful properties and functions}{}
\BOOKMARK [1][-]{section.6.1}{Semisimple group algebras of finite groups}{chapter.6}
\BOOKMARK [1][-]{section.6.2}{Operations with group rings elements}{chapter.6}
\BOOKMARK [1][-]{section.6.3}{Cyclotomic classes}{chapter.6}
\BOOKMARK [1][-]{section.6.4}{Other commands}{chapter.6}
\BOOKMARK [0][-]{chapter.7}{Applications of the Wedderga package}{}
\BOOKMARK [1][-]{section.7.1}{Applications to coding theory}{chapter.7}
\BOOKMARK [0][-]{chapter.8}{The basic theory behind Wedderga}{}
\BOOKMARK [1][-]{section.8.1}{Group rings and group algebras}{chapter.8}
\BOOKMARK [1][-]{section.8.2}{Semisimple group algebras}{chapter.8}
\BOOKMARK [1][-]{section.8.3}{Wedderburn decomposition}{chapter.8}
\BOOKMARK [1][-]{section.8.4}{Characters and primitive central idempotents}{chapter.8}
\BOOKMARK [1][-]{section.8.5}{Central simple algebras and Brauer equivalence}{chapter.8}
\BOOKMARK [1][-]{section.8.6}{Crossed Products}{chapter.8}
\BOOKMARK [1][-]{section.8.7}{Cyclic Crossed Products}{chapter.8}
\BOOKMARK [1][-]{section.8.8}{Abelian Crossed Products}{chapter.8}
\BOOKMARK [1][-]{section.8.9}{Classical crossed products}{chapter.8}
\BOOKMARK [1][-]{section.8.10}{Cyclic Algebras}{chapter.8}
\BOOKMARK [1][-]{section.8.11}{Cyclotomic algebras}{chapter.8}
\BOOKMARK [1][-]{section.8.12}{Numerical description of cyclotomic algebras}{chapter.8}
\BOOKMARK [1][-]{section.8.13}{Idempotents given by subgroups}{chapter.8}
\BOOKMARK [1][-]{section.8.14}{Shoda pairs}{chapter.8}
\BOOKMARK [1][-]{section.8.15}{Strong Shoda pairs}{chapter.8}
\BOOKMARK [1][-]{section.8.16}{Strongly monomial characters and strongly monomial groups}{chapter.8}
\BOOKMARK [1][-]{section.8.17}{Cyclotomic Classes and Strong Shoda Pairs}{chapter.8}
\BOOKMARK [1][-]{section.8.18}{A complete set of orthogonal primitive idempotents}{chapter.8}
\BOOKMARK [1][-]{section.8.19}{Applications to coding theory}{chapter.8}
\BOOKMARK [0][-]{chapter*.5}{References}{}
\BOOKMARK [0][-]{section*.6}{Index}{}
