\BOOKMARK [0][-]{chapter.1}{Introduction}{}% 1
\BOOKMARK [1][-]{section.1.1}{The package}{chapter.1}% 2
\BOOKMARK [1][-]{section.1.2}{Polycyclic groups}{chapter.1}% 3
\BOOKMARK [0][-]{chapter.2}{Methods for matrix groups}{}% 4
\BOOKMARK [1][-]{section.2.1}{Polycyclic presentations of matrix groups}{chapter.2}% 5
\BOOKMARK [1][-]{section.2.2}{Module series}{chapter.2}% 6
\BOOKMARK [1][-]{section.2.3}{Subgroups}{chapter.2}% 7
\BOOKMARK [1][-]{section.2.4}{Examples}{chapter.2}% 8
\BOOKMARK [0][-]{chapter.3}{An example application}{}% 9
\BOOKMARK [1][-]{section.3.1}{Presentation for rational matrix groups}{chapter.3}% 10
\BOOKMARK [1][-]{section.3.2}{Modules series}{chapter.3}% 11
\BOOKMARK [1][-]{section.3.3}{Triangularizable subgroups}{chapter.3}% 12
\BOOKMARK [0][-]{chapter.4}{Installation}{}% 13
\BOOKMARK [1][-]{section.4.1}{Installing this package}{chapter.4}% 14
\BOOKMARK [1][-]{section.4.2}{Loading the Polenta package}{chapter.4}% 15
\BOOKMARK [1][-]{section.4.3}{Running the test suite}{chapter.4}% 16
\BOOKMARK [0][-]{chapter.5}{Information Messages}{}% 17
\BOOKMARK [1][-]{section.5.1}{Info Class}{chapter.5}% 18
\BOOKMARK [1][-]{section.5.2}{Example}{chapter.5}% 19
\BOOKMARK [0][-]{chapter*.4}{References}{}% 20
\BOOKMARK [0][-]{section*.5}{Index}{}% 21
