\BOOKMARK [0][-]{chapter.1}{Introduction and Overview}{}% 1
\BOOKMARK [1][-]{section.1.1}{Introduction}{chapter.1}% 2
\BOOKMARK [1][-]{section.1.2}{Overview}{chapter.1}% 3
\BOOKMARK [0][-]{chapter.2}{Interface to the ncurses Library}{}% 4
\BOOKMARK [1][-]{section.2.1}{The ncurses Library}{chapter.2}% 5
\BOOKMARK [1][-]{section.2.2}{The ncurses GAP functions}{chapter.2}% 6
\BOOKMARK [0][-]{chapter.3}{Utilities using ncurses}{}% 7
\BOOKMARK [1][-]{section.3.1}{ncurses utilities}{chapter.3}% 8
\BOOKMARK [1][-]{section.3.2}{A Demo Function}{chapter.3}% 9
\BOOKMARK [0][-]{chapter.4}{Browsing Tables in GAP using ncurses \205The User Interface}{}% 10
\BOOKMARK [1][-]{section.4.1}{Features Supported by the Function NCurses.BrowseGeneric }{chapter.4}% 11
\BOOKMARK [1][-]{section.4.2}{Data Structures used by NCurses.BrowseGeneric}{chapter.4}% 12
\BOOKMARK [1][-]{section.4.3}{The Function NCurses.BrowseGeneric}{chapter.4}% 13
\BOOKMARK [0][-]{chapter.5}{Browsing Tables in GAP using ncurses \205The Programming Interface}{}% 14
\BOOKMARK [1][-]{section.5.1}{Navigation Steps in Browse Tables}{chapter.5}% 15
\BOOKMARK [1][-]{section.5.2}{Modes in Browse Tables}{chapter.5}% 16
\BOOKMARK [1][-]{section.5.3}{Browse Applications}{chapter.5}% 17
\BOOKMARK [1][-]{section.5.4}{Predefined Browse Functionalities}{chapter.5}% 18
\BOOKMARK [0][-]{chapter.6}{Examples of Applications based on NCurses.BrowseGeneric }{}% 19
\BOOKMARK [1][-]{section.6.1}{The Operation Browse}{chapter.6}% 20
\BOOKMARK [1][-]{section.6.2}{Matrix Display}{chapter.6}% 21
\BOOKMARK [1][-]{section.6.3}{Character Table Display}{chapter.6}% 22
\BOOKMARK [1][-]{section.6.4}{Table of Marks Display}{chapter.6}% 23
\BOOKMARK [1][-]{section.6.5}{Table of Contents of AtlasRep}{chapter.6}% 24
\BOOKMARK [1][-]{section.6.6}{Access to GAP Manuals\205a Variant}{chapter.6}% 25
\BOOKMARK [1][-]{section.6.7}{Overview of the GAP Bibliography}{chapter.6}% 26
\BOOKMARK [1][-]{section.6.8}{Profiling GAP functions\205a Variant}{chapter.6}% 27
\BOOKMARK [1][-]{section.6.9}{Variables defined in GAP packages\205a Variant}{chapter.6}% 28
\BOOKMARK [1][-]{section.6.10}{Overview of GAP Data}{chapter.6}% 29
\BOOKMARK [1][-]{section.6.11}{Navigating in a Directory Tree}{chapter.6}% 30
\BOOKMARK [1][-]{section.6.12}{A Puzzle}{chapter.6}% 31
\BOOKMARK [1][-]{section.6.13}{Peg Solitaire}{chapter.6}% 32
\BOOKMARK [1][-]{section.6.14}{Rubik's Cube}{chapter.6}% 33
\BOOKMARK [1][-]{section.6.15}{Changing Sides}{chapter.6}% 34
\BOOKMARK [1][-]{section.6.16}{Sudoku}{chapter.6}% 35
\BOOKMARK [0][-]{appendix.A}{Some Tools for Database Handling}{}% 36
\BOOKMARK [1][-]{section.A.1}{GAP Objects for Database Handling}{appendix.A}% 37
\BOOKMARK [1][-]{section.A.2}{Using Database Attributes for Browse Tables}{appendix.A}% 38
\BOOKMARK [1][-]{section.A.3}{Example: Database Id Enumerators and Database Attributes}{appendix.A}% 39
\BOOKMARK [1][-]{section.A.4}{Example: An Overview of the GAP Library of Transitive Groups }{appendix.A}% 40
\BOOKMARK [0][-]{appendix*.3}{References}{}% 41
\BOOKMARK [0][-]{section*.4}{Index}{}% 42
