This is pdfTeX, Version 3.14159265-2.6-1.40.17 (TeX Live 2016) (preloaded format=pdftex 2017.5.16)  12 SEP 2017 16:49
entering extended mode
 restricted \write18 enabled.
 %&-line parsing enabled.
**manual
(./manual.tex (../../../doc/gapmacro.tex
(/usr/local/texlive/2016/texmf-dist/tex/plain/amsfonts/amssym.tex
(/usr/local/texlive/2016/texmf-dist/tex/plain/amsfonts/amssym.def
\msafam=\fam8
\msbfam=\fam9
\eufmfam=\fam10
))
Running PDFTeX
\pagewidth=\dimen16
\pageheight=\dimen17
\colwidth=\dimen18
\partialpage=\box16
\origvsize=\dimen19
\manindent=\dimen20
\smallmanindent=\dimen21
\itfam=\fam11
\slfam=\fam12
\bffam=\fam13
\ttfam=\fam14
\msbfam=\fam15
\ttindent=\dimen22
\labelout=\write0
\indexout=\write1
\secindout=\write2
\tocout=\write3
\citeout=\write4
\ans=\write5
\exampleout=\write6
\labelin=\read1
\indexin=\read2
\tocin=\read3
\citein=\read4
\secno=\count27
\subsecno=\count28
\exno=\count29
\indentno=\count30
\chapnum=\count31
\ortoks=\toks13
\bibindent=\dimen23
)
No file ../../../doc/ext/manual.lab.
(../../../doc/ref/manual.lab) (../../gapdoc/doc/manual.lab) [1{/usr/local/texli
ve/2016/texmf-var/fonts/map/pdftex/updmap/pdftex.map}]
\makelabel{nilmat:Contents}{{\setbox 0=\hbox {1}\vrule width 0pt height\ht 0}}
Chapter `Contents' .
(./manual.toc) [2.1
\chapcontents {\tocstrut }{Contents}{2}
] (./manual.lab)
\openout3 = `manual.toc'.

\openout0 = `manual.lab'.

\openout1 = `manual.idx'.

\openout2 = `manual.six'.

\openout4 = `manual.aux'.

 (./introduction.tex
Chapter `Introduction' .
Reference `DF04,DF05b,DF06,DF07' undefined.
Reference `Sup76,Weh73' undefined.
Reference `DF06,DF07' undefined.
Reference `AE05,AE07' undefined.
) (./computing.tex [3.1]
Chapter `Computing with nilpotent linear groups' .
[4.2] [5.2]) (./examples.tex [6.2]
Chapter `Examples' .
\openout6 = `manual.example-3.tst'.


Overfull \hbox (0.63617pt too wide) in paragraph at lines 62--68
\tentt Finite-Nilpo-tent-Mat-Group\tenrm , \tentt Size-OfNilpo-tent-Mat-Group\t
enrm , and \tentt Is-Com-plete-lyRe-ducible-Nilpo-tent-Mat-Group\tenrm . |

\hbox(6.81989+2.22223)x468.0, glue set - 1.0
.\tentt F
.\tentt i
.\tentt n
.\tentt i
.\tentt t
.etc.

[7.3] [8.3]) (./installation.tex [9.3]
Chapter `Installation' .
) [10.4]
Chapter `Bibliography' .
(./manual.bbl
Missing character: There is no â in font ptmr7t!
Missing character: There is no € in font ptmr7t!
Missing character: There is no “ in font ptmr7t!
) [11.5]
Chapter `Index' .
(./manual.ind) [12.6]
##
## Citations for BibTeX written on manual.aux.
## Index entries for makeindex written on manual.idx.
## Section index entries written on manual.six.
## Label definitions written on manual.lab.
## Table of contents written on manual.toc.
## Examples written to manual.example-XX.tst.
## There were undefined labels or references.
##
 )pdfTeX warning (dest): name{citation@AE05,AE07} has been referenced but does 
not exist, replaced by a fixed one

pdfTeX warning (dest): name{citation@DF06,DF07} has been referenced but does no
t exist, replaced by a fixed one

pdfTeX warning (dest): name{citation@Sup76,Weh73} has been referenced but does 
not exist, replaced by a fixed one

pdfTeX warning (dest): name{citation@DF04,DF05b,DF06,DF07} has been referenced 
but does not exist, replaced by a fixed one

{/usr/local/texlive/2016/texmf-dist/fonts/enc/dvips/base/8r.enc}</usr/local/tex
live/2016/texmf-dist/fonts/type1/public/amsfonts/cm/cmmi10.pfb></usr/local/texl
ive/2016/texmf-dist/fonts/type1/public/amsfonts/cm/cmr10.pfb></usr/local/texliv
e/2016/texmf-dist/fonts/type1/public/amsfonts/cm/cmsy10.pfb></usr/local/texlive
/2016/texmf-dist/fonts/type1/public/amsfonts/cm/cmtt10.pfb></usr/local/texlive/
2016/texmf-dist/fonts/type1/public/amsfonts/symbols/msam7.pfb></usr/local/texli
ve/2016/texmf-dist/fonts/type1/public/amsfonts/symbols/msbm10.pfb></usr/local/t
exlive/2016/texmf-dist/fonts/type1/urw/helvetic/uhvb8a.pfb></usr/local/texlive/
2016/texmf-dist/fonts/type1/urw/helvetic/uhvr8a.pfb></usr/local/texlive/2016/te
xmf-dist/fonts/type1/urw/times/utmb8a.pfb></usr/local/texlive/2016/texmf-dist/f
onts/type1/urw/times/utmr8a.pfb></usr/local/texlive/2016/texmf-dist/fonts/type1
/urw/times/utmr8a.pfb></usr/local/texlive/2016/texmf-dist/fonts/type1/urw/times
/utmri8a.pfb>
Output written on manual.pdf (12 pages, 147434 bytes).
PDF statistics:
 268 PDF objects out of 1000 (max. 8388607)
 239 compressed objects within 3 object streams
 55 named destinations out of 1000 (max. 500000)
 217 words of extra memory for PDF output out of 10000 (max. 10000000)

