\BOOKMARK [0][-]{chapter.1}{Preface}{}
\BOOKMARK [0][-]{chapter.2}{Installation of the IO-package}{}
\BOOKMARK [1][-]{section.2.1}{Static linking}{chapter.2}
\BOOKMARK [1][-]{section.2.2}{Recompiling the documentation}{chapter.2}
\BOOKMARK [0][-]{chapter.3}{Functions directly available from the C library}{}
\BOOKMARK [1][-]{section.3.1}{Differences in arguments - an overview}{chapter.3}
\BOOKMARK [1][-]{section.3.2}{The low-level functions in detail}{chapter.3}
\BOOKMARK [1][-]{section.3.3}{Further C level functions}{chapter.3}
\BOOKMARK [0][-]{chapter.4}{High level functions for buffered I/O}{}
\BOOKMARK [1][-]{section.4.1}{Types and the creation of File objects}{chapter.4}
\BOOKMARK [1][-]{section.4.2}{Reading and writing}{chapter.4}
\BOOKMARK [1][-]{section.4.3}{Other functions}{chapter.4}
\BOOKMARK [1][-]{section.4.4}{Inter process communication}{chapter.4}
\BOOKMARK [0][-]{chapter.5}{Object serialisation \(Pickling\)}{}
\BOOKMARK [1][-]{section.5.1}{Result objects}{chapter.5}
\BOOKMARK [1][-]{section.5.2}{Pickling and unpickling}{chapter.5}
\BOOKMARK [1][-]{section.5.3}{Extending the pickling framework}{chapter.5}
\BOOKMARK [0][-]{chapter.6}{Really random sources}{}
\BOOKMARK [1][-]{section.6.1}{The functions}{chapter.6}
\BOOKMARK [0][-]{chapter.7}{A client side implementation of the HTTP protocol}{}
\BOOKMARK [1][-]{section.7.1}{Functions for client side HTTP}{chapter.7}
\BOOKMARK [0][-]{chapter.8}{Background jobs using fork}{}
\BOOKMARK [1][-]{section.8.1}{Background jobs}{chapter.8}
\BOOKMARK [1][-]{section.8.2}{Parallel programming skeletons}{chapter.8}
\BOOKMARK [1][-]{section.8.3}{Worker farms}{chapter.8}
\BOOKMARK [0][-]{chapter.9}{I/O multiplexing}{}
\BOOKMARK [1][-]{section.9.1}{Introduction}{chapter.9}
\BOOKMARK [1][-]{section.9.2}{The operations for IOHub objects}{chapter.9}
\BOOKMARK [1][-]{section.9.3}{ Examples }{chapter.9}
\BOOKMARK [0][-]{chapter.10}{Examples of usage}{}
\BOOKMARK [1][-]{section.10.1}{Writing and reading a file}{chapter.10}
\BOOKMARK [1][-]{section.10.2}{Using filtering programs to read and write files}{chapter.10}
\BOOKMARK [1][-]{section.10.3}{Using filters when reading or writing files sequentially}{chapter.10}
\BOOKMARK [1][-]{section.10.4}{Accessing a web page}{chapter.10}
\BOOKMARK [1][-]{section.10.5}{\(Un-\)Pickling}{chapter.10}
\BOOKMARK [0][-]{chapter.11}{License}{}
\BOOKMARK [0][-]{section*.3}{Index}{}
