This is pdfTeX, Version 3.1415926-2.3-1.40.12 (TeX Live 2011) (format=pdflatex 2011.10.30)  9 NOV 2012 16:11
entering extended mode
 restricted \write18 enabled.
 %&-line parsing enabled.
**citrus
(./citrus.tex
LaTeX2e <2011/06/27>
Babel <v3.8m> and hyphenation patterns for english, dumylang, nohyphenation, ge
rman-x-2011-07-01, ngerman-x-2011-07-01, afrikaans, ancientgreek, ibycus, arabi
c, armenian, basque, bulgarian, catalan, pinyin, coptic, croatian, czech, danis
h, dutch, ukenglish, usenglishmax, esperanto, estonian, ethiopic, farsi, finnis
h, french, galician, german, ngerman, swissgerman, monogreek, greek, hungarian,
 icelandic, assamese, bengali, gujarati, hindi, kannada, malayalam, marathi, or
iya, panjabi, tamil, telugu, indonesian, interlingua, irish, italian, kurmanji,
 lao, latin, latvian, lithuanian, mongolian, mongolianlmc, bokmal, nynorsk, pol
ish, portuguese, romanian, russian, sanskrit, serbian, serbianc, slovak, sloven
ian, spanish, swedish, turkish, turkmen, ukrainian, uppersorbian, welsh, loaded
.
(/usr/local/texlive/2011/texmf-dist/tex/latex/base/report.cls
Document Class: report 2007/10/19 v1.4h Standard LaTeX document class
(/usr/local/texlive/2011/texmf-dist/tex/latex/base/size11.clo
File: size11.clo 2007/10/19 v1.4h Standard LaTeX file (size option)
)
\c@part=\count79
\c@chapter=\count80
\c@section=\count81
\c@subsection=\count82
\c@subsubsection=\count83
\c@paragraph=\count84
\c@subparagraph=\count85
\c@figure=\count86
\c@table=\count87
\abovecaptionskip=\skip41
\belowcaptionskip=\skip42
\bibindent=\dimen102
)
(/usr/local/texlive/2011/texmf-dist/tex/latex/a4wide/a4wide.sty
Package: a4wide 1994/08/30

(/usr/local/texlive/2011/texmf-dist/tex/latex/ntgclass/a4.sty
Package: a4 2004/04/15 v1.2g A4 based page layout
))
(/usr/local/texlive/2011/texmf-dist/tex/latex/amsfonts/amssymb.sty
Package: amssymb 2009/06/22 v3.00

(/usr/local/texlive/2011/texmf-dist/tex/latex/amsfonts/amsfonts.sty
Package: amsfonts 2009/06/22 v3.00 Basic AMSFonts support
\@emptytoks=\toks14
\symAMSa=\mathgroup4
\symAMSb=\mathgroup5
LaTeX Font Info:    Overwriting math alphabet `\mathfrak' in version `bold'
(Font)                  U/euf/m/n --> U/euf/b/n on input line 96.
))
(/usr/local/texlive/2011/texmf-dist/tex/latex/base/inputenc.sty
Package: inputenc 2008/03/30 v1.1d Input encoding file
\inpenc@prehook=\toks15
\inpenc@posthook=\toks16

(/usr/local/texlive/2011/texmf-dist/tex/latex/base/latin1.def
File: latin1.def 2008/03/30 v1.1d Input encoding file
))
(/usr/local/texlive/2011/texmf-dist/tex/latex/base/makeidx.sty
Package: makeidx 2000/03/29 v1.0m Standard LaTeX package
)
\@indexfile=\write3
\openout3 = `citrus.idx'.


Writing index file citrus.idx
(/usr/local/texlive/2011/texmf-dist/tex/latex/graphics/color.sty
Package: color 2005/11/14 v1.0j Standard LaTeX Color (DPC)

(/usr/local/texlive/2011/texmf-dist/tex/latex/latexconfig/color.cfg
File: color.cfg 2007/01/18 v1.5 color configuration of teTeX/TeXLive
)
Package color Info: Driver file: pdftex.def on input line 130.

(/usr/local/texlive/2011/texmf-dist/tex/latex/pdftex-def/pdftex.def
File: pdftex.def 2011/05/27 v0.06d Graphics/color for pdfTeX

(/usr/local/texlive/2011/texmf-dist/tex/generic/oberdiek/infwarerr.sty
Package: infwarerr 2010/04/08 v1.3 Providing info/warning/message (HO)
)
(/usr/local/texlive/2011/texmf-dist/tex/generic/oberdiek/ltxcmds.sty
Package: ltxcmds 2011/04/18 v1.20 LaTeX kernel commands for general use (HO)
)
\Gread@gobject=\count88
))
(/usr/local/texlive/2011/texmf-dist/tex/latex/fancyvrb/fancyvrb.sty
Package: fancyvrb 2008/02/07

Style option: `fancyvrb' v2.7a, with DG/SPQR fixes, and firstline=lastline fix 
<2008/02/07> (tvz)
(/usr/local/texlive/2011/texmf-dist/tex/latex/graphics/keyval.sty
Package: keyval 1999/03/16 v1.13 key=value parser (DPC)
\KV@toks@=\toks17
)
\FV@CodeLineNo=\count89
\FV@InFile=\read1
\FV@TabBox=\box26
\c@FancyVerbLine=\count90
\FV@StepNumber=\count91
\FV@OutFile=\write4
)
(/usr/local/texlive/2011/texmf-dist/tex/latex/psnfss/mathptmx.sty
Package: mathptmx 2005/04/12 PSNFSS-v9.2a Times w/ Math, improved (SPQR, WaS) 
LaTeX Font Info:    Redeclaring symbol font `operators' on input line 28.
LaTeX Font Info:    Overwriting symbol font `operators' in version `normal'
(Font)                  OT1/cmr/m/n --> OT1/ztmcm/m/n on input line 28.
LaTeX Font Info:    Overwriting symbol font `operators' in version `bold'
(Font)                  OT1/cmr/bx/n --> OT1/ztmcm/m/n on input line 28.
LaTeX Font Info:    Redeclaring symbol font `letters' on input line 29.
LaTeX Font Info:    Overwriting symbol font `letters' in version `normal'
(Font)                  OML/cmm/m/it --> OML/ztmcm/m/it on input line 29.
LaTeX Font Info:    Overwriting symbol font `letters' in version `bold'
(Font)                  OML/cmm/b/it --> OML/ztmcm/m/it on input line 29.
LaTeX Font Info:    Redeclaring symbol font `symbols' on input line 30.
LaTeX Font Info:    Overwriting symbol font `symbols' in version `normal'
(Font)                  OMS/cmsy/m/n --> OMS/ztmcm/m/n on input line 30.
LaTeX Font Info:    Overwriting symbol font `symbols' in version `bold'
(Font)                  OMS/cmsy/b/n --> OMS/ztmcm/m/n on input line 30.
LaTeX Font Info:    Redeclaring symbol font `largesymbols' on input line 31.
LaTeX Font Info:    Overwriting symbol font `largesymbols' in version `normal'
(Font)                  OMX/cmex/m/n --> OMX/ztmcm/m/n on input line 31.
LaTeX Font Info:    Overwriting symbol font `largesymbols' in version `bold'
(Font)                  OMX/cmex/m/n --> OMX/ztmcm/m/n on input line 31.
\symbold=\mathgroup6
\symitalic=\mathgroup7
LaTeX Font Info:    Redeclaring math alphabet \mathbf on input line 34.
LaTeX Font Info:    Overwriting math alphabet `\mathbf' in version `normal'
(Font)                  OT1/cmr/bx/n --> OT1/ptm/bx/n on input line 34.
LaTeX Font Info:    Overwriting math alphabet `\mathbf' in version `bold'
(Font)                  OT1/cmr/bx/n --> OT1/ptm/bx/n on input line 34.
LaTeX Font Info:    Redeclaring math alphabet \mathit on input line 35.
LaTeX Font Info:    Overwriting math alphabet `\mathit' in version `normal'
(Font)                  OT1/cmr/m/it --> OT1/ptm/m/it on input line 35.
LaTeX Font Info:    Overwriting math alphabet `\mathit' in version `bold'
(Font)                  OT1/cmr/bx/it --> OT1/ptm/m/it on input line 35.
LaTeX Info: Redefining \hbar on input line 50.
)
(/usr/local/texlive/2011/texmf-dist/tex/latex/psnfss/helvet.sty
Package: helvet 2005/04/12 PSNFSS-v9.2a (WaS) 
)
(/usr/local/texlive/2011/texmf-dist/tex/latex/base/fontenc.sty
Package: fontenc 2005/09/27 v1.99g Standard LaTeX package

(/usr/local/texlive/2011/texmf-dist/tex/latex/base/t1enc.def
File: t1enc.def 2005/09/27 v1.99g Standard LaTeX file
LaTeX Font Info:    Redeclaring font encoding T1 on input line 43.
))
(/usr/local/texlive/2011/texmf-dist/tex/latex/base/textcomp.sty
Package: textcomp 2005/09/27 v1.99g Standard LaTeX package
Package textcomp Info: Sub-encoding information:
(textcomp)               5 = only ISO-Adobe without \textcurrency
(textcomp)               4 = 5 + \texteuro
(textcomp)               3 = 4 + \textohm
(textcomp)               2 = 3 + \textestimated + \textcurrency
(textcomp)               1 = TS1 - \textcircled - \t
(textcomp)               0 = TS1 (full)
(textcomp)             Font families with sub-encoding setting implement
(textcomp)             only a restricted character set as indicated.
(textcomp)             Family '?' is the default used for unknown fonts.
(textcomp)             See the documentation for details.
Package textcomp Info: Setting ? sub-encoding to TS1/1 on input line 71.

(/usr/local/texlive/2011/texmf-dist/tex/latex/base/ts1enc.def
File: ts1enc.def 2001/06/05 v3.0e (jk/car/fm) Standard LaTeX file
)
LaTeX Info: Redefining \oldstylenums on input line 266.
Package textcomp Info: Setting cmr sub-encoding to TS1/0 on input line 281.
Package textcomp Info: Setting cmss sub-encoding to TS1/0 on input line 282.
Package textcomp Info: Setting cmtt sub-encoding to TS1/0 on input line 283.
Package textcomp Info: Setting cmvtt sub-encoding to TS1/0 on input line 284.
Package textcomp Info: Setting cmbr sub-encoding to TS1/0 on input line 285.
Package textcomp Info: Setting cmtl sub-encoding to TS1/0 on input line 286.
Package textcomp Info: Setting ccr sub-encoding to TS1/0 on input line 287.
Package textcomp Info: Setting ptm sub-encoding to TS1/4 on input line 288.
Package textcomp Info: Setting pcr sub-encoding to TS1/4 on input line 289.
Package textcomp Info: Setting phv sub-encoding to TS1/4 on input line 290.
Package textcomp Info: Setting ppl sub-encoding to TS1/3 on input line 291.
Package textcomp Info: Setting pag sub-encoding to TS1/4 on input line 292.
Package textcomp Info: Setting pbk sub-encoding to TS1/4 on input line 293.
Package textcomp Info: Setting pnc sub-encoding to TS1/4 on input line 294.
Package textcomp Info: Setting pzc sub-encoding to TS1/4 on input line 295.
Package textcomp Info: Setting bch sub-encoding to TS1/4 on input line 296.
Package textcomp Info: Setting put sub-encoding to TS1/5 on input line 297.
Package textcomp Info: Setting uag sub-encoding to TS1/5 on input line 298.
Package textcomp Info: Setting ugq sub-encoding to TS1/5 on input line 299.
Package textcomp Info: Setting ul8 sub-encoding to TS1/4 on input line 300.
Package textcomp Info: Setting ul9 sub-encoding to TS1/4 on input line 301.
Package textcomp Info: Setting augie sub-encoding to TS1/5 on input line 302.
Package textcomp Info: Setting dayrom sub-encoding to TS1/3 on input line 303.
Package textcomp Info: Setting dayroms sub-encoding to TS1/3 on input line 304.

Package textcomp Info: Setting pxr sub-encoding to TS1/0 on input line 305.
Package textcomp Info: Setting pxss sub-encoding to TS1/0 on input line 306.
Package textcomp Info: Setting pxtt sub-encoding to TS1/0 on input line 307.
Package textcomp Info: Setting txr sub-encoding to TS1/0 on input line 308.
Package textcomp Info: Setting txss sub-encoding to TS1/0 on input line 309.
Package textcomp Info: Setting txtt sub-encoding to TS1/0 on input line 310.
Package textcomp Info: Setting lmr sub-encoding to TS1/0 on input line 311.
Package textcomp Info: Setting lmdh sub-encoding to TS1/0 on input line 312.
Package textcomp Info: Setting lmss sub-encoding to TS1/0 on input line 313.
Package textcomp Info: Setting lmssq sub-encoding to TS1/0 on input line 314.
Package textcomp Info: Setting lmvtt sub-encoding to TS1/0 on input line 315.
Package textcomp Info: Setting qhv sub-encoding to TS1/0 on input line 316.
Package textcomp Info: Setting qag sub-encoding to TS1/0 on input line 317.
Package textcomp Info: Setting qbk sub-encoding to TS1/0 on input line 318.
Package textcomp Info: Setting qcr sub-encoding to TS1/0 on input line 319.
Package textcomp Info: Setting qcs sub-encoding to TS1/0 on input line 320.
Package textcomp Info: Setting qpl sub-encoding to TS1/0 on input line 321.
Package textcomp Info: Setting qtm sub-encoding to TS1/0 on input line 322.
Package textcomp Info: Setting qzc sub-encoding to TS1/0 on input line 323.
Package textcomp Info: Setting qhvc sub-encoding to TS1/0 on input line 324.
Package textcomp Info: Setting futs sub-encoding to TS1/4 on input line 325.
Package textcomp Info: Setting futx sub-encoding to TS1/4 on input line 326.
Package textcomp Info: Setting futj sub-encoding to TS1/4 on input line 327.
Package textcomp Info: Setting hlh sub-encoding to TS1/3 on input line 328.
Package textcomp Info: Setting hls sub-encoding to TS1/3 on input line 329.
Package textcomp Info: Setting hlst sub-encoding to TS1/3 on input line 330.
Package textcomp Info: Setting hlct sub-encoding to TS1/5 on input line 331.
Package textcomp Info: Setting hlx sub-encoding to TS1/5 on input line 332.
Package textcomp Info: Setting hlce sub-encoding to TS1/5 on input line 333.
Package textcomp Info: Setting hlcn sub-encoding to TS1/5 on input line 334.
Package textcomp Info: Setting hlcw sub-encoding to TS1/5 on input line 335.
Package textcomp Info: Setting hlcf sub-encoding to TS1/5 on input line 336.
Package textcomp Info: Setting pplx sub-encoding to TS1/3 on input line 337.
Package textcomp Info: Setting pplj sub-encoding to TS1/3 on input line 338.
Package textcomp Info: Setting ptmx sub-encoding to TS1/4 on input line 339.
Package textcomp Info: Setting ptmj sub-encoding to TS1/4 on input line 340.
)
(/usr/local/texlive/2011/texmf-dist/tex/latex/hyperref/hyperref.sty
Package: hyperref 2011/10/01 v6.82j Hypertext links for LaTeX

(/usr/local/texlive/2011/texmf-dist/tex/generic/oberdiek/hobsub-hyperref.sty
Package: hobsub-hyperref 2011/04/23 v1.4 Bundle oberdiek, subset hyperref (HO)

(/usr/local/texlive/2011/texmf-dist/tex/generic/oberdiek/hobsub-generic.sty
Package: hobsub-generic 2011/04/23 v1.4 Bundle oberdiek, subset generic (HO)
Package: hobsub 2011/04/23 v1.4 Subsetting bundle oberdiek (HO)
Package hobsub Info: Skipping package `infwarerr' (already loaded).
Package hobsub Info: Skipping package `ltxcmds' (already loaded).
Package: ifluatex 2010/03/01 v1.3 Provides the ifluatex switch (HO)
Package ifluatex Info: LuaTeX not detected.
Package: ifvtex 2010/03/01 v1.5 Switches for detecting VTeX and its modes (HO)
Package ifvtex Info: VTeX not detected.
Package: intcalc 2007/09/27 v1.1 Expandable integer calculations (HO)
Package: ifpdf 2011/01/30 v2.3 Provides the ifpdf switch (HO)
Package ifpdf Info: pdfTeX in PDF mode is detected.
Package: etexcmds 2011/02/16 v1.5 Prefix for e-TeX command names (HO)
Package etexcmds Info: Could not find \expanded.
(etexcmds)             That can mean that you are not using pdfTeX 1.50 or
(etexcmds)             that some package has redefined \expanded.
(etexcmds)             In the latter case, load this package earlier.
Package: kvsetkeys 2011/04/07 v1.13 Key value parser (HO)
Package: kvdefinekeys 2011/04/07 v1.3 Defining keys (HO)
Package: pdftexcmds 2011/04/22 v0.16 Utilities of pdfTeX for LuaTeX (HO)
Package pdftexcmds Info: LuaTeX not detected.
Package pdftexcmds Info: \pdf@primitive is available.
Package pdftexcmds Info: \pdf@ifprimitive is available.
Package pdftexcmds Info: \pdfdraftmode found.
Package: pdfescape 2011/04/04 v1.12 Provides string conversions (HO)
Package: bigintcalc 2011/01/30 v1.2 Expandable big integer calculations (HO)
Package: bitset 2011/01/30 v1.1 Data type bit set (HO)
Package: uniquecounter 2011/01/30 v1.2 Provides unlimited unique counter (HO)
)
Package hobsub Info: Skipping package `hobsub' (already loaded).
Package: letltxmacro 2010/09/02 v1.4 Let assignment for LaTeX macros (HO)
Package: hopatch 2011/01/30 v1.0 Wrapper for package hooks (HO)
Package: xcolor-patch 2011/01/30 xcolor patch
Package: atveryend 2011/04/23 v1.7 Hooks at very end of document (HO)
Package: atbegshi 2011/01/30 v1.15 At begin shipout hook (HO)
Package: refcount 2010/12/01 v3.2 Data extraction from references (HO)
Package: hycolor 2011/01/30 v1.7 Color options of hyperref/bookmark (HO)
)
(/usr/local/texlive/2011/texmf-dist/tex/generic/ifxetex/ifxetex.sty
Package: ifxetex 2010/09/12 v0.6 Provides ifxetex conditional
)
(/usr/local/texlive/2011/texmf-dist/tex/latex/oberdiek/kvoptions.sty
Package: kvoptions 2010/12/23 v3.10 Keyval support for LaTeX options (HO)
)
\@linkdim=\dimen103
\Hy@linkcounter=\count92
\Hy@pagecounter=\count93

(/usr/local/texlive/2011/texmf-dist/tex/latex/hyperref/pd1enc.def
File: pd1enc.def 2011/10/01 v6.82j Hyperref: PDFDocEncoding definition (HO)
)
\Hy@SavedSpaceFactor=\count94

(/usr/local/texlive/2011/texmf-dist/tex/latex/latexconfig/hyperref.cfg
File: hyperref.cfg 2002/06/06 v1.2 hyperref configuration of TeXLive
)

Package hyperref Warning: Unexpected value for option `pdftex'
(hyperref)                is ignored on input line 3925.

Package hyperref Info: Option `bookmarks' set `true' on input line 3925.

Package hyperref Warning: Option `a4paper' is no longer used.

Package hyperref Info: Option `colorlinks' set `true' on input line 3925.
Package hyperref Info: Option `breaklinks' set `true' on input line 3925.
Package hyperref Info: Hyper figures OFF on input line 4046.
Package hyperref Info: Link nesting OFF on input line 4051.
Package hyperref Info: Hyper index ON on input line 4054.
Package hyperref Info: Plain pages OFF on input line 4061.
Package hyperref Info: Backreferencing ON on input line 4064.
Package hyperref Info: Implicit mode ON; LaTeX internals redefined.
Package hyperref Info: Bookmarks ON on input line 4284.
(/usr/local/texlive/2011/texmf-dist/tex/latex/hyperref/backref.sty
Package: backref 2010/08/30 v1.36 Bibliographical back referencing

(/usr/local/texlive/2011/texmf-dist/tex/latex/oberdiek/rerunfilecheck.sty
Package: rerunfilecheck 2011/04/15 v1.7 Rerun checks for auxiliary files (HO)
Package uniquecounter Info: New unique counter `rerunfilecheck' on input line 2
82.
))
\c@Hy@tempcnt=\count95

(/usr/local/texlive/2011/texmf-dist/tex/latex/url/url.sty
\Urlmuskip=\muskip10
Package: url 2006/04/12  ver 3.3  Verb mode for urls, etc.
)
LaTeX Info: Redefining \url on input line 4637.
\Fld@menulength=\count96
\Field@Width=\dimen104
\Fld@charsize=\dimen105
Package hyperref Info: Hyper figures OFF on input line 5723.
Package hyperref Info: Link nesting OFF on input line 5728.
Package hyperref Info: Hyper index ON on input line 5731.
Package hyperref Info: backreferencing ON on input line 5736.
Package hyperref Info: Link coloring ON on input line 5741.
Package hyperref Info: Link coloring with OCG OFF on input line 5748.
Package hyperref Info: PDF/A mode OFF on input line 5753.
LaTeX Info: Redefining \ref on input line 5793.
LaTeX Info: Redefining \pageref on input line 5797.
\Hy@abspage=\count97
\c@Item=\count98
\c@Hfootnote=\count99
)

Package hyperref Message: Driver: hpdftex.

(/usr/local/texlive/2011/texmf-dist/tex/latex/hyperref/hpdftex.def
File: hpdftex.def 2011/10/01 v6.82j Hyperref driver for pdfTeX
\Fld@listcount=\count100
\c@bookmark@seq@number=\count101
\Hy@SectionHShift=\skip43
)
\pagenrlog=\write5
\openout5 = `citrus.pnr'.


(/usr/local/texlive/2011/texmf-dist/tex/latex/enumitem/enumitem.sty
Package: enumitem 2011/09/28 v3.5.2 Customized lists
\labelindent=\skip44
\enit@outerparindent=\dimen106
\enit@toks=\toks18
\enit@inbox=\box27
\enitdp@description=\count102
)
(./citrus.aux)
\openout1 = `citrus.aux'.

LaTeX Font Info:    Checking defaults for OML/cmm/m/it on input line 87.
LaTeX Font Info:    ... okay on input line 87.
LaTeX Font Info:    Checking defaults for T1/cmr/m/n on input line 87.
LaTeX Font Info:    ... okay on input line 87.
LaTeX Font Info:    Checking defaults for OT1/cmr/m/n on input line 87.
LaTeX Font Info:    ... okay on input line 87.
LaTeX Font Info:    Checking defaults for OMS/cmsy/m/n on input line 87.
LaTeX Font Info:    ... okay on input line 87.
LaTeX Font Info:    Checking defaults for OMX/cmex/m/n on input line 87.
LaTeX Font Info:    ... okay on input line 87.
LaTeX Font Info:    Checking defaults for U/cmr/m/n on input line 87.
LaTeX Font Info:    ... okay on input line 87.
LaTeX Font Info:    Checking defaults for TS1/cmr/m/n on input line 87.
LaTeX Font Info:    Try loading font information for TS1+cmr on input line 87.
 (/usr/local/texlive/2011/texmf-dist/tex/latex/base/ts1cmr.fd
File: ts1cmr.fd 1999/05/25 v2.5h Standard LaTeX font definitions
)
LaTeX Font Info:    ... okay on input line 87.
LaTeX Font Info:    Checking defaults for PD1/pdf/m/n on input line 87.
LaTeX Font Info:    ... okay on input line 87.
LaTeX Font Info:    Try loading font information for T1+ptm on input line 87.

(/usr/local/texlive/2011/texmf-dist/tex/latex/psnfss/t1ptm.fd
File: t1ptm.fd 2001/06/04 font definitions for T1/ptm.
)
(/usr/local/texlive/2011/texmf-dist/tex/context/base/supp-pdf.mkii
[Loading MPS to PDF converter (version 2006.09.02).]
\scratchcounter=\count103
\scratchdimen=\dimen107
\scratchbox=\box28
\nofMPsegments=\count104
\nofMParguments=\count105
\everyMPshowfont=\toks19
\MPscratchCnt=\count106
\MPscratchDim=\dimen108
\MPnumerator=\count107
\makeMPintoPDFobject=\count108
\everyMPtoPDFconversion=\toks20
)
\big@size=\dimen109
\AtBeginShipoutBox=\box29
Package hyperref Info: Link coloring ON on input line 87.
 (/usr/local/texlive/2011/texmf-dist/tex/latex/hyperref/nameref.sty
Package: nameref 2010/04/30 v2.40 Cross-referencing by name of section

(/usr/local/texlive/2011/texmf-dist/tex/generic/oberdiek/gettitlestring.sty
Package: gettitlestring 2010/12/03 v1.4 Cleanup title references (HO)
)
\c@section@level=\count109
)
LaTeX Info: Redefining \ref on input line 87.
LaTeX Info: Redefining \pageref on input line 87.
LaTeX Info: Redefining \nameref on input line 87.

(./citrus.out) (./citrus.out)
\@outlinefile=\write6
\openout6 = `citrus.out'.

LaTeX Font Info:    Font shape `T1/ptm/bx/n' in size <50> not available
(Font)              Font shape `T1/ptm/b/n' tried instead on input line 93.
LaTeX Font Info:    Try loading font information for T1+phv on input line 93.

(/usr/local/texlive/2011/texmf-dist/tex/latex/psnfss/t1phv.fd
File: t1phv.fd 2001/06/04 scalable font definitions for T1/phv.
)
LaTeX Font Info:    Font shape `T1/phv/bx/n' in size <50> not available
(Font)              Font shape `T1/phv/b/n' tried instead on input line 93.
LaTeX Font Info:    Font shape `T1/ptm/bx/n' in size <24.88> not available
(Font)              Font shape `T1/ptm/b/n' tried instead on input line 98.
LaTeX Font Info:    Font shape `T1/ptm/bx/n' in size <14.4> not available
(Font)              Font shape `T1/ptm/b/n' tried instead on input line 103.
LaTeX Font Info:    Font shape `T1/ptm/bx/n' in size <10> not available
(Font)              Font shape `T1/ptm/b/n' tried instead on input line 109.
LaTeX Font Info:    Try loading font information for T1+cmtt on input line 109.


(/usr/local/texlive/2011/texmf-dist/tex/latex/base/t1cmtt.fd
File: t1cmtt.fd 1999/05/25 v2.5h Standard LaTeX font definitions
)
Underfull \hbox (badness 10000) in paragraph at lines 107--111

 []

[1

{/usr/local/texlive/2011/texmf-var/fonts/map/pdftex/updmap/pdftex.map}]
Underfull \hbox (badness 10000) in paragraph at lines 117--131

 []

LaTeX Font Info:    Try loading font information for TS1+ptm on input line 133.

(/usr/local/texlive/2011/texmf-dist/tex/latex/psnfss/ts1ptm.fd
File: ts1ptm.fd 2001/06/04 font definitions for TS1/ptm.
)
Underfull \hbox (badness 10000) in paragraph at lines 135--139

 []


Underfull \hbox (badness 10000) in paragraph at lines 146--148

 []

[2] (./citrus.toc
LaTeX Font Info:    Font shape `T1/ptm/bx/n' in size <10.95> not available
(Font)              Font shape `T1/ptm/b/n' tried instead on input line 1.
LaTeX Font Info:    Font shape `T1/phv/bx/n' in size <10.95> not available
(Font)              Font shape `T1/phv/b/n' tried instead on input line 1.
LaTeX Font Info:    Try loading font information for OT1+ztmcm on input line 2.


(/usr/local/texlive/2011/texmf-dist/tex/latex/psnfss/ot1ztmcm.fd
File: ot1ztmcm.fd 2000/01/03 Fontinst v1.801 font definitions for OT1/ztmcm.
)
LaTeX Font Info:    Try loading font information for OML+ztmcm on input line 2.


(/usr/local/texlive/2011/texmf-dist/tex/latex/psnfss/omlztmcm.fd
File: omlztmcm.fd 2000/01/03 Fontinst v1.801 font definitions for OML/ztmcm.
)
LaTeX Font Info:    Try loading font information for OMS+ztmcm on input line 2.


(/usr/local/texlive/2011/texmf-dist/tex/latex/psnfss/omsztmcm.fd
File: omsztmcm.fd 2000/01/03 Fontinst v1.801 font definitions for OMS/ztmcm.
)
LaTeX Font Info:    Try loading font information for OMX+ztmcm on input line 2.


(/usr/local/texlive/2011/texmf-dist/tex/latex/psnfss/omxztmcm.fd
File: omxztmcm.fd 2000/01/03 Fontinst v1.801 font definitions for OMX/ztmcm.
)
LaTeX Font Info:    Try loading font information for OT1+ptm on input line 2.

(/usr/local/texlive/2011/texmf-dist/tex/latex/psnfss/ot1ptm.fd
File: ot1ptm.fd 2001/06/04 font definitions for OT1/ptm.
)
LaTeX Font Info:    Font shape `OT1/ptm/bx/n' in size <10.95> not available
(Font)              Font shape `OT1/ptm/b/n' tried instead on input line 2.
LaTeX Font Info:    Font shape `OT1/ptm/bx/n' in size <8> not available
(Font)              Font shape `OT1/ptm/b/n' tried instead on input line 2.
LaTeX Font Info:    Font shape `OT1/ptm/bx/n' in size <6> not available
(Font)              Font shape `OT1/ptm/b/n' tried instead on input line 2.
 [3

])
\tf@toc=\write7
\openout7 = `citrus.toc'.

 [4]
Chapter 1.
LaTeX Font Info:    Font shape `T1/ptm/bx/n' in size <20.74> not available
(Font)              Font shape `T1/ptm/b/n' tried instead on input line 156.
LaTeX Font Info:    Font shape `T1/phv/bx/n' in size <24.88> not available
(Font)              Font shape `T1/phv/b/n' tried instead on input line 156.
[5

]
LaTeX Font Info:    Font shape `T1/phv/bx/n' in size <14.4> not available
(Font)              Font shape `T1/phv/b/n' tried instead on input line 189.

Overfull \hbox (9.09914pt too wide) in paragraph at lines 204--205
[][]\T1/cmtt/m/n/10.95 http://www-groups.mcs.st-and.ac.uk/~neunhoef/Computer/So
ftware/Gap/orb.html
 []


Underfull \hbox (badness 10000) in paragraph at lines 209--210
[][]\T1/cmtt/m/n/10.95 http://www-groups.mcs.st-and.ac.uk/~neunhoef/Computer/So
ftware/Gap/
 []

[6]
LaTeX Font Info:    Font shape `T1/phv/m/it' in size <10.95> not available
(Font)              Font shape `T1/phv/m/sl' tried instead on input line 233.
LaTeX Font Info:    Font shape `T1/cmtt/bx/n' in size <10> not available
(Font)              Font shape `T1/cmtt/m/n' tried instead on input line 239.
 [7]
LaTeX Font Info:    Font shape `T1/ptm/bx/n' in size <12> not available
(Font)              Font shape `T1/ptm/b/n' tried instead on input line 309.

Underfull \hbox (badness 10000) in paragraph at lines 331--336
[]\T1/ptm/m/n/10.95 Note that af-ter call-ing \T1/cmtt/m/n/10.95 CitrusTestAll 
\T1/ptm/m/n/10.95 ([][]1.4.1[][]), \T1/cmtt/m/n/10.95 CitrusTestAll \T1/ptm/m/n
/10.95 ([][]1.4.1[][]), or
 []


Underfull \hbox (badness 5302) in paragraph at lines 331--336
\T1/cmtt/m/n/10.95 CitrusTestManualExamples \T1/ptm/m/n/10.95 ([][]1.4.3[][]), 
the mes-sage \T1/cmtt/m/n/10.95 gzip: stdout: Broken pipe \T1/ptm/m/n/10.95 mig
ht
 []

[8]
Underfull \hbox (badness 10000) in paragraph at lines 394--397

 []

[9] [10] [11]
Underfull \hbox (badness 10000) in paragraph at lines 551--552
[]\T1/cmtt/m/n/10.95 GroupHClassOfGreensDClass \T1/ptm/m/n/10.95 (\T1/ptm/b/n/1
0.95 Reference: GroupH-Clas-sOf-Greens-D-Class\T1/ptm/m/n/10.95 ) and
 []


Underfull \hbox (badness 10000) in paragraph at lines 555--556
[]\T1/cmtt/m/n/10.95 IsomorphismTransformationMonoid \T1/ptm/m/n/10.95 and \T1/
cmtt/m/n/10.95 IsomorphismTransformationSemigroup
 []

[12]
Chapter 2.
[13

]
Underfull \hbox (badness 6173) in paragraph at lines 687--688
[]\T1/ptm/m/n/10.95 If []\T1/cmtt/m/n/10.95 [1] \T1/ptm/m/n/10.95 is a list of 
pos-i-tive in-te-gers and []\T1/cmtt/m/n/10.95 [2] \T1/ptm/m/n/10.95 is a pos-i
-tive in-te-ger, then
 []

[14] [15] [16] [17] [18]
Underfull \hbox (badness 2726) in paragraph at lines 967--968
[]\T1/ptm/m/n/10.95 See also \T1/cmtt/m/n/10.95 ImageListOfTransformation \T1/p
tm/m/n/10.95 (\T1/ptm/b/n/10.95 Reference: Im-age-ListOf-Trans-for-ma-tion\T1/p
tm/m/n/10.95 ) and
 []

[19]
Underfull \hbox (badness 2726) in paragraph at lines 1055--1056
[]\T1/ptm/m/n/10.95 See also \T1/cmtt/m/n/10.95 ImageListOfTransformation \T1/p
tm/m/n/10.95 (\T1/ptm/b/n/10.95 Reference: Im-age-ListOf-Trans-for-ma-tion\T1/p
tm/m/n/10.95 ) and
 []

[20] [21]
Underfull \hbox (badness 1681) in paragraph at lines 1204--1205
[]\T1/ptm/m/n/10.95 Each \T1/ptm/m/it/10.95 par-tial per-mu-ta-tion \T1/ptm/m/n
/10.95 in \T1/phv/m/n/10.95 GAP \T1/ptm/m/n/10.95 lies in the cat-e-gory \T1/cm
tt/m/n/10.95 IsPartialPerm\T1/ptm/m/n/10.95 . Ba-sic op-er-a-
 []

[22] [23] [24] [25]
LaTeX Font Info:    Font shape `T1/cmtt/bx/n' in size <10.95> not available
(Font)              Font shape `T1/cmtt/m/n' tried instead on input line 1570.

Underfull \hbox (badness 10000) in paragraph at lines 1573--1574
\T1/ptm/m/n/10.95 returns \T1/cmtt/m/n/10.95 true \T1/ptm/m/n/10.95 if \T1/cmtt
/m/n/10.95 ImageListOfTransformation([]) \T1/ptm/m/n/10.95 is lex-i-co-graph-i-
cally less
 []


Underfull \hbox (badness 10000) in paragraph at lines 1573--1574
\T1/ptm/m/n/10.95 than \T1/cmtt/m/n/10.95 ImageListOfTransformation([]) \T1/ptm
/m/n/10.95 and \T1/cmtt/m/n/10.95 false \T1/ptm/m/n/10.95 if it is not. See
 []

[26]
Underfull \hbox (badness 10000) in paragraph at lines 1591--1593
\T1/ptm/m/n/10.95 is short-lex less than \T1/cmtt/m/n/10.95 Concatenation(Domai
nOfPartialPerm([]),
 []


Underfull \hbox (badness 1033) in paragraph at lines 1591--1593
\T1/cmtt/m/n/10.95 RangeOfPartialPerm([])) \T1/ptm/m/n/10.95 and \T1/cmtt/m/n/1
0.95 false \T1/ptm/m/n/10.95 if it is not. Note that this is not the nat-u-ral
 []

[27]
Underfull \hbox (badness 4792) in paragraph at lines 1679--1680
[]\T1/ptm/m/n/10.95 If the op-tional ar-gu-ment [] is not spec-i-fied, then the
 im-age set of [] is used
 []


Underfull \hbox (badness 3746) in paragraph at lines 1679--1680
\T1/ptm/m/n/10.95 by de-fault for trans-for-ma-tions and the range of [] is use
d by de-fault for par-tial per-
 []


Underfull \hbox (badness 2050) in paragraph at lines 1679--1680
\T1/ptm/m/n/10.95 mu-ta-tions; see \T1/cmtt/m/n/10.95 ImageSetOfTransformation 
\T1/ptm/m/n/10.95 (\T1/ptm/b/n/10.95 Reference: Im-age-SetOf-Trans-for-ma-tion\
T1/ptm/m/n/10.95 ) and
 []

[28] [29] [30]
Underfull \hbox (badness 3884) in paragraph at lines 1856--1857
[]\T1/ptm/m/n/10.95 If [] is a \T1/phv/m/n/10.95 GAP \T1/ptm/m/n/10.95 ob-ject 
that acts on the list [] via the func-tion [], then
 []

[31]
Underfull \hbox (badness 1472) in paragraph at lines 1922--1923
[]\T1/ptm/m/n/10.95 If [] is an or-bit cre-ated by the \T1/phv/m/n/10.95 Orb \T
1/ptm/m/n/10.95 pack-age with the op-tion \T1/cmtt/m/n/10.95 orbitgraph=true\T1
/ptm/m/n/10.95 , then
 []


Underfull \hbox (badness 1472) in paragraph at lines 1952--1953
[]\T1/ptm/m/n/10.95 If [] is an or-bit cre-ated by the \T1/phv/m/n/10.95 Orb \T
1/ptm/m/n/10.95 pack-age with the op-tion \T1/cmtt/m/n/10.95 orbitgraph=true\T1
/ptm/m/n/10.95 , then
 []

[32]
Underfull \hbox (badness 1092) in paragraph at lines 1991--1992
[]\T1/ptm/m/n/10.95 See also \T1/cmtt/m/n/10.95 OrbSCC \T1/ptm/m/n/10.95 ([][]2
.10.1[][]), \T1/cmtt/m/n/10.95 TraceSchreierTreeOfSCCBack \T1/ptm/m/n/10.95 ([]
[]2.10.6[][]), \T1/cmtt/m/n/10.95 SchreierTreeOfSCC
 []

[33]
Underfull \hbox (badness 10000) in paragraph at lines 2031--2032
[]\T1/ptm/m/n/10.95 See also \T1/cmtt/m/n/10.95 OrbSCC \T1/ptm/m/n/10.95 ([][]2
.10.1[][]), \T1/cmtt/m/n/10.95 TraceSchreierTreeOfSCCBack \T1/ptm/m/n/10.95 ([]
[]2.10.6[][]),
 []


Underfull \hbox (badness 1122) in paragraph at lines 2065--2068
[][] \T1/ptm/m/n/10.95 must be an or-bit ob-ject with a Schreier tree and or-bi
t graph, that is, the op-tions
 []

[34] [35]
Chapter 3.

Underfull \hbox (badness 10000) in paragraph at lines 2161--2162
[]\T1/ptm/m/n/10.95 As an ex-am-ple of how the syn-tax pro-vided by \T1/phv/m/n
/10.95 Cit-rus \T1/ptm/m/n/10.95 can be con-ve-nient:
 []

[36

]
Underfull \hbox (badness 4660) in paragraph at lines 2203--2204
[]\T1/ptm/m/n/10.95 If [] is a par-tial per-mu-ta-tion col-lec-tion, then \T1/c
mtt/m/n/10.95 InverseMonoidByGenerators \T1/ptm/m/n/10.95 and
 []


Underfull \hbox (badness 10000) in paragraph at lines 2236--2237
[]\T1/ptm/m/n/10.95 As an ex-am-ple of how the syn-tax pro-vided by \T1/phv/m/n
/10.95 Cit-rus \T1/ptm/m/n/10.95 can be con-ve-nient:
 []

[37]
Underfull \hbox (badness 10000) in paragraph at lines 2268--2269
[]\T1/ptm/m/n/10.95 If [] is a trans-for-ma-tion col-lec-tion, then \T1/cmtt/m/
n/10.95 MonoidByGenerators \T1/ptm/m/n/10.95 and
 []

[38] [39]
Underfull \hbox (badness 10000) in paragraph at lines 2447--2450
\T1/ptm/m/n/10.95 When us-ing any of \T1/cmtt/m/n/10.95 InverseSemigroup \T1/pt
m/m/n/10.95 ([][]3.1.1[][]), \T1/cmtt/m/n/10.95 InverseMonoid \T1/ptm/m/n/10.95
 ([][]3.1.1[][]), \T1/cmtt/m/n/10.95 Semigroup
 []


Underfull \hbox (badness 6188) in paragraph at lines 2447--2450
\T1/ptm/m/n/10.95 ([][]3.1.3[][]), \T1/cmtt/m/n/10.95 Monoid \T1/ptm/m/n/10.95 
([][]3.1.3[][]), \T1/cmtt/m/n/10.95 SemigroupByGenerators \T1/ptm/m/n/10.95 ([]
[]3.1.4[][]), \T1/cmtt/m/n/10.95 MonoidByGenerators \T1/ptm/m/n/10.95 ([][]3.1.
4[][]),
 []

[40]
Underfull \hbox (badness 1924) in paragraph at lines 2470--2472
\T1/ptm/m/n/10.95 The de-fault val-ues of the op-tions de-scribed above are sto
red in a global vari-able named
 []


Underfull \hbox (badness 10000) in paragraph at lines 2489--2492

 []

[41]
Underfull \hbox (badness 10000) in paragraph at lines 2546--2552

 []


Underfull \hbox (badness 5175) in paragraph at lines 2554--2555
[]\T1/cmtt/m/n/10.95 IsFullMatrixSemigroup \T1/ptm/m/n/10.95 and \T1/cmtt/m/n/1
0.95 IsGeneralLinearSemigroup \T1/ptm/m/n/10.95 re-turn \T1/cmtt/m/n/10.95 true
 \T1/ptm/m/n/10.95 if the semi-
 []


Underfull \hbox (badness 5417) in paragraph at lines 2554--2555
\T1/ptm/m/n/10.95 group \T1/cmtt/m/n/10.95 S \T1/ptm/m/n/10.95 was cre-ated us-
ing ei-ther of the com-mands \T1/cmtt/m/n/10.95 FullMatrixSemigroup \T1/ptm/m/n
/10.95 ([][]3.4.1[][]) or
 []

[42] [43] [44] [45] [46]
Chapter 4.
[47

]
Underfull \hbox (badness 2065) in paragraph at lines 2897--2898
[]\T1/cmtt/m/n/10.95 DClass \T1/ptm/m/n/10.95 can also be used as a syn-onym fo
r \T1/cmtt/m/n/10.95 DClassOfHClass\T1/ptm/m/n/10.95 , \T1/cmtt/m/n/10.95 DClas
sOfLClass\T1/ptm/m/n/10.95 , and
 []

[48] [49]
Underfull \hbox (badness 10000) in paragraph at lines 3024--3025
[]\T1/ptm/m/n/10.95 See also \T1/cmtt/m/n/10.95 GreensRClassOfElement \T1/ptm/m
/n/10.95 (\T1/ptm/b/n/10.95 Reference: Green-sR-Clas-sOfEle-ment\T1/ptm/m/n/10.
95 ) and
 []

[50] [51] [52]
Underfull \hbox (badness 1057) in paragraph at lines 3223--3224
[]\T1/ptm/m/n/10.95 See also \T1/cmtt/m/n/10.95 GreensRClasses \T1/ptm/m/n/10.9
5 (\T1/ptm/b/n/10.95 Reference: Green-sR-Classes\T1/ptm/m/n/10.95 ), \T1/cmtt/m
/n/10.95 GreensRClasses \T1/ptm/m/n/10.95 ([][]4.3.1[][]), and
 []

[53]
Underfull \hbox (badness 7064) in paragraph at lines 3282--3283
[]\T1/ptm/m/n/10.95 See also \T1/cmtt/m/n/10.95 GreensRClasses \T1/ptm/m/n/10.9
5 ([][]4.3.1[][]), \T1/cmtt/m/n/10.95 GreensRClasses \T1/ptm/m/n/10.95 (\T1/ptm
/b/n/10.95 Reference: Green-sR-Classes\T1/ptm/m/n/10.95 ),
 []

[54] [55] [56]
Underfull \hbox (badness 7116) in paragraph at lines 3481--3482
[]\T1/ptm/m/n/10.95 If [] is a sub-semi-group of its par-ent semi-group, then t
he func-tion re-turned by
 []

[57] [58]
Underfull \hbox (badness 5374) in paragraph at lines 3596--3597
[]\T1/ptm/m/n/10.95 This func-tion re-turns \T1/cmtt/m/n/10.95 true \T1/ptm/m/n
/10.95 if [] is a reg-u-lar Green's class and \T1/cmtt/m/n/10.95 false \T1/ptm/
m/n/10.95 if it
 []


Underfull \hbox (badness 6252) in paragraph at lines 3596--3597
\T1/ptm/m/n/10.95 is not. See also \T1/cmtt/m/n/10.95 IsRegularDClass \T1/ptm/m
/n/10.95 (\T1/ptm/b/n/10.95 Reference: Is-Reg-u-larD-Class\T1/ptm/m/n/10.95 ), 
\T1/cmtt/m/n/10.95 IsGroupHClass
 []


Underfull \hbox (badness 3108) in paragraph at lines 3596--3597
\T1/ptm/b/n/10.95 Greens-D-Class\T1/ptm/m/n/10.95 ), \T1/cmtt/m/n/10.95 GroupHC
lass \T1/ptm/m/n/10.95 ([][]4.2.4[][]), \T1/cmtt/m/n/10.95 NrIdempotents \T1/pt
m/m/n/10.95 ([][]4.5.7[][]), \T1/cmtt/m/n/10.95 Idempotents \T1/ptm/m/n/10.95 (
[][]4.5.6[][]), and
 []

[59]
Underfull \hbox (badness 7064) in paragraph at lines 3696--3697
[]\T1/ptm/m/n/10.95 See also \T1/cmtt/m/n/10.95 GreensRClasses \T1/ptm/m/n/10.9
5 ([][]4.3.1[][]), \T1/cmtt/m/n/10.95 GreensRClasses \T1/ptm/m/n/10.95 (\T1/ptm
/b/n/10.95 Reference: Green-sR-Classes\T1/ptm/m/n/10.95 ),
 []

[60] [61]
Underfull \hbox (badness 7064) in paragraph at lines 3768--3769
[]\T1/ptm/m/n/10.95 See also \T1/cmtt/m/n/10.95 GreensDClasses \T1/ptm/m/n/10.9
5 ([][]4.3.1[][]), \T1/cmtt/m/n/10.95 GreensDClasses \T1/ptm/m/n/10.95 (\T1/ptm
/b/n/10.95 Reference: Greens-D-Classes\T1/ptm/m/n/10.95 ),
 []

[62] [63]
Underfull \hbox (badness 1087) in paragraph at lines 3939--3940
\T1/ptm/m/n/10.95 turns the list of par-tial per-mu-ta-tions used to de-fine []
, that is, an in-verse monoid gen-er-at-
 []

[64]
Underfull \hbox (badness 1337) in paragraph at lines 3968--3969
\T1/cmtt/m/n/10.95 Generators([]) \T1/ptm/m/n/10.95 is a syn-onym for \T1/cmtt/
m/n/10.95 GeneratorsOfMonoid \T1/ptm/m/n/10.95 (\T1/ptm/b/n/10.95 Reference: Ge
n-er-a-tor-sOf-
 []

[65]
Underfull \hbox (badness 10000) in paragraph at lines 4014--4015
[]\T1/ptm/m/n/10.95 See also \T1/cmtt/m/n/10.95 GreensHClassOfElement \T1/ptm/m
/n/10.95 (\T1/ptm/b/n/10.95 Reference: Green-sH-Clas-sOfEle-ment\T1/ptm/m/n/10.
95 ),
 []


Underfull \hbox (badness 1515) in paragraph at lines 4014--4015
\T1/cmtt/m/n/10.95 IsMonoidAsSemigroup \T1/ptm/m/n/10.95 ([][]4.6.15[][]), and 
\T1/cmtt/m/n/10.95 MultiplicativeNeutralElement \T1/ptm/m/n/10.95 (\T1/ptm/b/n/
10.95 Reference: Mul-ti-
 []


Underfull \hbox (badness 2951) in paragraph at lines 4061--4062
[]\T1/ptm/m/n/10.95 See also \T1/cmtt/m/n/10.95 IsRegularDClass \T1/ptm/m/n/10.
95 (\T1/ptm/b/n/10.95 Reference: Is-Reg-u-larD-Class\T1/ptm/m/n/10.95 ), \T1/cm
tt/m/n/10.95 IsRegularDClass \T1/ptm/m/n/10.95 ([][]4.4.6[][])
 []

[66]
Underfull \hbox (badness 1297) in paragraph at lines 4121--4122
\T1/ptm/m/n/10.95 (\T1/ptm/b/n/10.95 Reference: Is-Reg-u-larD-Class\T1/ptm/m/n/
10.95 ), \T1/cmtt/m/n/10.95 IsRegularDClass \T1/ptm/m/n/10.95 ([][]4.4.6[][]) \
T1/cmtt/m/n/10.95 IsGroupHClass \T1/ptm/m/n/10.95 (\T1/ptm/b/n/10.95 Reference:
 Is-
 []

[67] [68] [69] [70] [71] [72]
Underfull \hbox (badness 2846) in paragraph at lines 4534--4535
[]\T1/ptm/m/n/10.95 See also \T1/cmtt/m/n/10.95 GradedImagesOfTransSemigroup \T
1/ptm/m/n/10.95 ([][]4.5.17[][]), \T1/cmtt/m/n/10.95 GradedKernelsOfTransSemigr
oup
 []

[73] [74] [75] [76]
Underfull \hbox (badness 1221) in paragraph at lines 4810--4811
[]\T1/ptm/m/n/10.95 If the semi-group of trans-for-ma-tions or par-tial per-mu-
ta-tions [] is ac-tu-ally a group, then
 []

[77]
Underfull \hbox (badness 2547) in paragraph at lines 4842--4844
[]\T1/ptm/m/n/10.95 An in-verse semi-group is idempotent-generated if and only 
if it is a semi-lat-tice; see
 []

[78] [79]
Underfull \hbox (badness 7649) in paragraph at lines 4976--4977
[]\T1/ptm/m/n/10.95 A semi-group is \T1/ptm/m/it/10.95 mono-genic \T1/ptm/m/n/1
0.95 if it is gen-er-ated by a sin-gle el-e-ment. See also
 []


Underfull \hbox (badness 10000) in paragraph at lines 5032--5033
[]\T1/ptm/m/n/10.95 See also \T1/cmtt/m/n/10.95 One \T1/ptm/m/n/10.95 (\T1/ptm/
b/n/10.95 Reference: One\T1/ptm/m/n/10.95 ), \T1/cmtt/m/n/10.95 IsInverseMonoid
 \T1/ptm/m/n/10.95 ([][]4.6.10[][]) and
 []

[80] [81] [82] [83] [84]
Underfull \hbox (badness 1616) in paragraph at lines 5363--5365
[]\T1/ptm/m/n/10.95 A semi-group is a \T1/ptm/m/it/10.95 zero rect-an-gu-lar ba
nd \T1/ptm/m/n/10.95 if it is zero sim-ple and $\OMS/ztmcm/m/n/10.95 H$\T1/ptm/
m/n/10.95 -trivial; see also
 []

[85] [86]
Underfull \hbox (badness 3792) in paragraph at lines 5509--5511
[]\T1/ptm/m/n/10.95 We only de-scribe \T1/cmtt/m/n/10.95 IsomorphismPartialPerm
Monoid\T1/ptm/m/n/10.95 , the cor-re-spond-ing state-ments for
 []


Underfull \hbox (badness 10000) in paragraph at lines 5511--5512
\T1/ptm/m/n/10.95 If [] is a par-tial per-mu-ta-tion semi-group that does not s
at-isfy \T1/cmtt/m/n/10.95 IsMonoid
 []


Underfull \hbox (badness 10000) in paragraph at lines 5511--5512
\T1/ptm/m/n/10.95 (\T1/ptm/b/n/10.95 Reference: Is-Monoid\T1/ptm/m/n/10.95 ) bu
t does sat-isfy \T1/cmtt/m/n/10.95 IsMonoidAsSemigroup \T1/ptm/m/n/10.95 ([][]4
.6.15[][]), then
 []


Underfull \hbox (badness 2961) in paragraph at lines 5511--5512
\T1/cmtt/m/n/10.95 IsomorphismPartialPermMonoid([]) \T1/ptm/m/n/10.95 re-turns 
an iso-mor-phism from [] to an in-verse
 []


Underfull \hbox (badness 10000) in paragraph at lines 5513--5514
\T1/ptm/m/n/10.95 If [] is a trans-for-ma-tion semi-group sat-is-fy-ing \T1/cmt
t/m/n/10.95 IsInverseMonoid \T1/ptm/m/n/10.95 ([][]4.6.10[][]), then
 []

[87]
Underfull \hbox (badness 2096) in paragraph at lines 5603--5604
\T1/ptm/m/n/10.95 If [] is a par-tial per-mu-ta-tion monoid, then \T1/cmtt/m/n/
10.95 IsomorphismTransformationMonoid([])
 []


Underfull \hbox (badness 10000) in paragraph at lines 5603--5604
\T1/ptm/m/n/10.95 re-turns an iso-mor-phism from [] to a monoid of par-tial per
-mu-ta-tions on
 []


Underfull \hbox (badness 1314) in paragraph at lines 5603--5604
\T1/cmtt/m/n/10.95 [1..LargestMovedPoint([])+1] \T1/ptm/m/n/10.95 ob-tained us-
ing \T1/cmtt/m/n/10.95 AsTransformation \T1/ptm/m/n/10.95 ([][]2.8.4[][]). The 
in-
 []

[88] (./citrus.bbl (./citrus.brf)
\tf@brf=\write8
\openout8 = `citrus.brf'.

 [89]) [90

] (./citrus.ind
Underfull \hbox (badness 10000) in paragraph at lines 23--25
[]\T1/cmtt/m/n/10.95 Anti\T1/ptm/m/n/10.95 -\T1/cmtt/m/n/10.95 Isomorphism\T1/p
tm/m/n/10.95 -\T1/cmtt/m/n/10.95 Transformation\T1/ptm/m/n/10.95 -
 []

[91


] [92]
Underfull \hbox (badness 3333) in paragraph at lines 262--264
[]| \T1/ptm/m/n/10.95 monoid of ori-en-ta-tion pre-serv-ing par-tial
 []

[93] [94

])
Package atveryend Info: Empty hook `BeforeClearDocument' on input line 5660.
Package atveryend Info: Empty hook `AfterLastShipout' on input line 5660.
 (./citrus.aux)
Package atveryend Info: Executing hook `AtVeryEndDocument' on input line 5660.
Package atveryend Info: Executing hook `AtEndAfterFileList' on input line 5660.

Package rerunfilecheck Info: File `citrus.out' has not changed.
(rerunfilecheck)             Checksum: 013A8D84C3B5B04C6C11E833FBAFF553;2718.
Package rerunfilecheck Info: File `citrus.brf' has not changed.
(rerunfilecheck)             Checksum: C3BA43FEC333DD427DB4972DF08B0129;123.
 ) 
Here is how much of TeX's memory you used:
 7479 strings out of 493629
 111722 string characters out of 3143343
 202804 words of memory out of 3000000
 10191 multiletter control sequences out of 15000+200000
 90930 words of font info for 107 fonts, out of 3000000 for 9000
 831 hyphenation exceptions out of 8191
 32i,8n,28p,962b,649s stack positions out of 5000i,500n,10000p,200000b,50000s
{/usr/local/texlive/2011/texmf-dist/fonts/enc/dvips/cm-super/cm-super-t1.enc}
{/usr/local/texlive/2011/texmf-dist/fonts/enc/dvips/base/8r.enc}</usr/local/tex
live/2011/texmf-dist/fonts/type1/public/amsfonts/cm/cmex10.pfb></usr/local/texl
ive/2011/texmf-dist/fonts/type1/public/amsfonts/cm/cmmi10.pfb></usr/local/texli
ve/2011/texmf-dist/fonts/type1/public/amsfonts/cm/cmr10.pfb></usr/local/texlive
/2011/texmf-dist/fonts/type1/public/amsfonts/cm/cmsy10.pfb></usr/local/texlive/
2011/texmf-dist/fonts/type1/public/rsfs/rsfs10.pfb></usr/local/texlive/2011/tex
mf-dist/fonts/type1/public/cm-super/sfst1095.pfb></usr/local/texlive/2011/texmf
-dist/fonts/type1/public/cm-super/sftt1000.pfb></usr/local/texlive/2011/texmf-d
ist/fonts/type1/public/cm-super/sftt1095.pfb></usr/local/texlive/2011/texmf-dis
t/fonts/type1/urw/helvetic/uhvb8a.pfb></usr/local/texlive/2011/texmf-dist/fonts
/type1/urw/helvetic/uhvr8a.pfb></usr/local/texlive/2011/texmf-dist/fonts/type1/
urw/helvetic/uhvro8a.pfb></usr/local/texlive/2011/texmf-dist/fonts/type1/urw/sy
mbol/usyr.pfb></usr/local/texlive/2011/texmf-dist/fonts/type1/urw/times/utmb8a.
pfb></usr/local/texlive/2011/texmf-dist/fonts/type1/urw/times/utmr8a.pfb></usr/
local/texlive/2011/texmf-dist/fonts/type1/urw/times/utmri8a.pfb>
Output written on citrus.pdf (94 pages, 460272 bytes).
PDF statistics:
 1623 PDF objects out of 1728 (max. 8388607)
 1497 compressed objects within 15 object streams
 456 named destinations out of 1000 (max. 500000)
 289 words of extra memory for PDF output out of 10000 (max. 10000000)

