This is pdfeTeX, Version 3.141592-1.21a-2.2 (Web2C 7.5.4) (format=pdflatex 2010.4.8)  29 MAY 2012 23:33
entering extended mode
**MatricesForHomalg
(./MatricesForHomalg.tex
LaTeX2e <2008/12/01>
Babel <v3.8d> and hyphenation patterns for american, french, german, ngerman, b
ahasa, basque, bulgarian, catalan, croatian, czech, danish, dutch, esperanto, e
stonian, finnish, greek, icelandic, irish, italian, latin, magyar, norsk, polis
h, portuges, romanian, russian, serbian, slovak, slovene, spanish, swedish, tur
kish, ukrainian, nohyphenation, loaded.
(/sw/share/texmf-dist/tex/latex/base/report.cls
Document Class: report 2004/02/16 v1.4f Standard LaTeX document class
(/sw/share/texmf-dist/tex/latex/base/size11.clo
File: size11.clo 2004/02/16 v1.4f Standard LaTeX file (size option)
)
\c@part=\count79
\c@chapter=\count80
\c@section=\count81
\c@subsection=\count82
\c@subsubsection=\count83
\c@paragraph=\count84
\c@subparagraph=\count85
\c@figure=\count86
\c@table=\count87
\abovecaptionskip=\skip41
\belowcaptionskip=\skip42
\bibindent=\dimen102
)
(/sw/share/texmf-dist/tex/latex/a4wide/a4wide.sty
Package: a4wide 1994/08/30

(/sw/share/texmf-dist/tex/latex/ntgclass/a4.sty
Package: a4 2004/04/15 v1.2g A4 based page layout
))
(/sw/share/texmf-dist/tex/latex/amsfonts/amssymb.sty
Package: amssymb 2002/01/22 v2.2d

(/sw/share/texmf-dist/tex/latex/amsfonts/amsfonts.sty
Package: amsfonts 2001/10/25 v2.2f
\@emptytoks=\toks14
\symAMSa=\mathgroup4
\symAMSb=\mathgroup5
LaTeX Font Info:    Overwriting math alphabet `\mathfrak' in version `bold'
(Font)                  U/euf/m/n --> U/euf/b/n on input line 132.
))
(/sw/share/texmf-dist/tex/latex/base/inputenc.sty
Package: inputenc 2004/02/05 v1.0d Input encoding file

(/sw/share/texmf-dist/tex/latex/base/utf8.def
File: utf8.def 2004/02/09 v1.1b UTF-8 support for inputenc
Now handling font encoding OML ...
... no UTF-8 mapping file for font encoding OML
Now handling font encoding T1 ...
... processing UTF-8 mapping file for font encoding T1

(/sw/share/texmf-dist/tex/latex/base/t1enc.dfu
File: t1enc.dfu 2004/02/09 v1.1b UTF-8 support for inputenc
   defining Unicode char U+00A1 (decimal 161)
   defining Unicode char U+00A3 (decimal 163)
   defining Unicode char U+00AB (decimal 171)
   defining Unicode char U+00BB (decimal 187)
   defining Unicode char U+00BF (decimal 191)
   defining Unicode char U+00C0 (decimal 192)
   defining Unicode char U+00C1 (decimal 193)
   defining Unicode char U+00C2 (decimal 194)
   defining Unicode char U+00C3 (decimal 195)
   defining Unicode char U+00C4 (decimal 196)
   defining Unicode char U+00C5 (decimal 197)
   defining Unicode char U+00C6 (decimal 198)
   defining Unicode char U+00C7 (decimal 199)
   defining Unicode char U+00C8 (decimal 200)
   defining Unicode char U+00C9 (decimal 201)
   defining Unicode char U+00CA (decimal 202)
   defining Unicode char U+00CB (decimal 203)
   defining Unicode char U+00CC (decimal 204)
   defining Unicode char U+00CD (decimal 205)
   defining Unicode char U+00CE (decimal 206)
   defining Unicode char U+00CF (decimal 207)
   defining Unicode char U+00D0 (decimal 208)
   defining Unicode char U+00D1 (decimal 209)
   defining Unicode char U+00D2 (decimal 210)
   defining Unicode char U+00D3 (decimal 211)
   defining Unicode char U+00D4 (decimal 212)
   defining Unicode char U+00D5 (decimal 213)
   defining Unicode char U+00D6 (decimal 214)
   defining Unicode char U+00D8 (decimal 216)
   defining Unicode char U+00D9 (decimal 217)
   defining Unicode char U+00DA (decimal 218)
   defining Unicode char U+00DB (decimal 219)
   defining Unicode char U+00DC (decimal 220)
   defining Unicode char U+00DD (decimal 221)
   defining Unicode char U+00DE (decimal 222)
   defining Unicode char U+00DF (decimal 223)
   defining Unicode char U+00E0 (decimal 224)
   defining Unicode char U+00E1 (decimal 225)
   defining Unicode char U+00E2 (decimal 226)
   defining Unicode char U+00E3 (decimal 227)
   defining Unicode char U+00E4 (decimal 228)
   defining Unicode char U+00E5 (decimal 229)
   defining Unicode char U+00E6 (decimal 230)
   defining Unicode char U+00E7 (decimal 231)
   defining Unicode char U+00E8 (decimal 232)
   defining Unicode char U+00E9 (decimal 233)
   defining Unicode char U+00EA (decimal 234)
   defining Unicode char U+00EB (decimal 235)
   defining Unicode char U+00EC (decimal 236)
   defining Unicode char U+00ED (decimal 237)
   defining Unicode char U+00EE (decimal 238)
   defining Unicode char U+00EF (decimal 239)
   defining Unicode char U+00F0 (decimal 240)
   defining Unicode char U+00F1 (decimal 241)
   defining Unicode char U+00F2 (decimal 242)
   defining Unicode char U+00F3 (decimal 243)
   defining Unicode char U+00F4 (decimal 244)
   defining Unicode char U+00F5 (decimal 245)
   defining Unicode char U+00F6 (decimal 246)
   defining Unicode char U+00F8 (decimal 248)
   defining Unicode char U+00F9 (decimal 249)
   defining Unicode char U+00FA (decimal 250)
   defining Unicode char U+00FB (decimal 251)
   defining Unicode char U+00FC (decimal 252)
   defining Unicode char U+00FD (decimal 253)
   defining Unicode char U+00FE (decimal 254)
   defining Unicode char U+00FF (decimal 255)
   defining Unicode char U+0102 (decimal 258)
   defining Unicode char U+0103 (decimal 259)
   defining Unicode char U+0104 (decimal 260)
   defining Unicode char U+0105 (decimal 261)
   defining Unicode char U+0106 (decimal 262)
   defining Unicode char U+0107 (decimal 263)
   defining Unicode char U+010C (decimal 268)
   defining Unicode char U+010D (decimal 269)
   defining Unicode char U+010E (decimal 270)
   defining Unicode char U+010F (decimal 271)
   defining Unicode char U+0110 (decimal 272)
   defining Unicode char U+0111 (decimal 273)
   defining Unicode char U+0118 (decimal 280)
   defining Unicode char U+0119 (decimal 281)
   defining Unicode char U+011A (decimal 282)
   defining Unicode char U+011B (decimal 283)
   defining Unicode char U+011E (decimal 286)
   defining Unicode char U+011F (decimal 287)
   defining Unicode char U+0130 (decimal 304)
   defining Unicode char U+0131 (decimal 305)
   defining Unicode char U+0139 (decimal 313)
   defining Unicode char U+013A (decimal 314)
   defining Unicode char U+013D (decimal 317)
   defining Unicode char U+013E (decimal 318)
   defining Unicode char U+0141 (decimal 321)
   defining Unicode char U+0142 (decimal 322)
   defining Unicode char U+0143 (decimal 323)
   defining Unicode char U+0144 (decimal 324)
   defining Unicode char U+0147 (decimal 327)
   defining Unicode char U+0148 (decimal 328)
   defining Unicode char U+014A (decimal 330)
   defining Unicode char U+014B (decimal 331)
   defining Unicode char U+0150 (decimal 336)
   defining Unicode char U+0151 (decimal 337)
   defining Unicode char U+0152 (decimal 338)
   defining Unicode char U+0153 (decimal 339)
   defining Unicode char U+0154 (decimal 340)
   defining Unicode char U+0155 (decimal 341)
   defining Unicode char U+0158 (decimal 344)
   defining Unicode char U+0159 (decimal 345)
   defining Unicode char U+015A (decimal 346)
   defining Unicode char U+015B (decimal 347)
   defining Unicode char U+015E (decimal 350)
   defining Unicode char U+015F (decimal 351)
   defining Unicode char U+0160 (decimal 352)
   defining Unicode char U+0161 (decimal 353)
   defining Unicode char U+0162 (decimal 354)
   defining Unicode char U+0163 (decimal 355)
   defining Unicode char U+0164 (decimal 356)
   defining Unicode char U+0165 (decimal 357)
   defining Unicode char U+016E (decimal 366)
   defining Unicode char U+016F (decimal 367)
   defining Unicode char U+0170 (decimal 368)
   defining Unicode char U+0171 (decimal 369)
   defining Unicode char U+0178 (decimal 376)
   defining Unicode char U+0179 (decimal 377)
   defining Unicode char U+017A (decimal 378)
   defining Unicode char U+017B (decimal 379)
   defining Unicode char U+017C (decimal 380)
   defining Unicode char U+017D (decimal 381)
   defining Unicode char U+017E (decimal 382)
   defining Unicode char U+200C (decimal 8204)
   defining Unicode char U+2013 (decimal 8211)
   defining Unicode char U+2014 (decimal 8212)
   defining Unicode char U+2018 (decimal 8216)
   defining Unicode char U+2019 (decimal 8217)
   defining Unicode char U+201A (decimal 8218)
   defining Unicode char U+201C (decimal 8220)
   defining Unicode char U+201D (decimal 8221)
   defining Unicode char U+201E (decimal 8222)
   defining Unicode char U+2030 (decimal 8240)
   defining Unicode char U+2031 (decimal 8241)
   defining Unicode char U+2039 (decimal 8249)
   defining Unicode char U+203A (decimal 8250)
   defining Unicode char U+2423 (decimal 9251)
)
Now handling font encoding OT1 ...
... processing UTF-8 mapping file for font encoding OT1

(/sw/share/texmf-dist/tex/latex/base/ot1enc.dfu
File: ot1enc.dfu 2004/02/09 v1.1b UTF-8 support for inputenc
   defining Unicode char U+00A1 (decimal 161)
   defining Unicode char U+00A3 (decimal 163)
   defining Unicode char U+00B8 (decimal 184)
   defining Unicode char U+00BF (decimal 191)
   defining Unicode char U+00C5 (decimal 197)
   defining Unicode char U+00C6 (decimal 198)
   defining Unicode char U+00D8 (decimal 216)
   defining Unicode char U+00DF (decimal 223)
   defining Unicode char U+00E6 (decimal 230)
   defining Unicode char U+00EC (decimal 236)
   defining Unicode char U+00ED (decimal 237)
   defining Unicode char U+00EE (decimal 238)
   defining Unicode char U+00EF (decimal 239)
   defining Unicode char U+00F8 (decimal 248)
   defining Unicode char U+0131 (decimal 305)
   defining Unicode char U+0141 (decimal 321)
   defining Unicode char U+0142 (decimal 322)
   defining Unicode char U+0152 (decimal 338)
   defining Unicode char U+0153 (decimal 339)
   defining Unicode char U+2013 (decimal 8211)
   defining Unicode char U+2014 (decimal 8212)
   defining Unicode char U+2018 (decimal 8216)
   defining Unicode char U+2019 (decimal 8217)
   defining Unicode char U+201C (decimal 8220)
   defining Unicode char U+201D (decimal 8221)
)
Now handling font encoding OMS ...
... processing UTF-8 mapping file for font encoding OMS

(/sw/share/texmf-dist/tex/latex/base/omsenc.dfu
File: omsenc.dfu 2004/02/09 v1.1b UTF-8 support for inputenc
   defining Unicode char U+00A7 (decimal 167)
   defining Unicode char U+00B6 (decimal 182)
   defining Unicode char U+02D9 (decimal 729)
   defining Unicode char U+2020 (decimal 8224)
   defining Unicode char U+2021 (decimal 8225)
   defining Unicode char U+2022 (decimal 8226)
)
Now handling font encoding OMX ...
... no UTF-8 mapping file for font encoding OMX
Now handling font encoding U ...
... no UTF-8 mapping file for font encoding U
   defining Unicode char U+00A9 (decimal 169)
   defining Unicode char U+00AA (decimal 170)
   defining Unicode char U+00AE (decimal 174)
   defining Unicode char U+00BA (decimal 186)
   defining Unicode char U+02C6 (decimal 710)
   defining Unicode char U+02CA (decimal 714)
   defining Unicode char U+200C (decimal 8204)
   defining Unicode char U+2026 (decimal 8230)
   defining Unicode char U+2122 (decimal 8482)
   defining Unicode char U+2423 (decimal 9251)
))
(/sw/share/texmf-dist/tex/latex/base/makeidx.sty
Package: makeidx 2000/03/29 v1.0m Standard LaTeX package
)
\@indexfile=\write3
\openout3 = `MatricesForHomalg.idx'.


Writing index file MatricesForHomalg.idx
(/sw/share/texmf-dist/tex/latex/graphics/color.sty
Package: color 1999/02/16 v1.0i Standard LaTeX Color (DPC)

(/sw/share/texmf-dist/tex/latex/graphics/color.cfg
File: color.cfg 2005/02/03 v1.3 color configuration of teTeX/TeXLive
)
Package color Info: Driver file: pdftex.def on input line 125.

(/sw/share/texmf-dist/tex/latex/graphics/pdftex.def
File: pdftex.def 2002/06/19 v0.03k graphics/color for pdftex
\Gread@gobject=\count88
))
(/sw/share/texmf-dist/tex/latex/fancyvrb/fancyvrb.sty
Package: fancyvrb 1998/07/17

Style option: `fancyvrb' v2.6, with DG/SPQR fixes <1998/07/17> (tvz)
(/sw/share/texmf-dist/tex/latex/graphics/keyval.sty
Package: keyval 1999/03/16 v1.13 key=value parser (DPC)
\KV@toks@=\toks15
)
\FV@CodeLineNo=\count89
\FV@InFile=\read1
\FV@TabBox=\box26
\c@FancyVerbLine=\count90
\FV@StepNumber=\count91
\FV@OutFile=\write4

No file fancyvrb.cfg.
) (/sw/share/texmf-dist/tex/latex/pslatex/pslatex.sty
Package: pslatex 1996/07/24 v1.2 pslatex emulation (DPC)
LaTeX Font Info:    Redeclaring symbol font `operators' on input line 65.
LaTeX Font Info:    Overwriting symbol font `operators' in version `normal'
(Font)                  OT1/cmr/m/n --> OT1/ptmcm/m/n on input line 65.
LaTeX Font Info:    Overwriting symbol font `operators' in version `bold'
(Font)                  OT1/cmr/bx/n --> OT1/ptmcm/m/n on input line 65.
LaTeX Font Info:    Redeclaring symbol font `letters' on input line 66.
LaTeX Font Info:    Overwriting symbol font `letters' in version `normal'
(Font)                  OML/cmm/m/it --> OML/ptmcm/m/it on input line 66.
LaTeX Font Info:    Overwriting symbol font `letters' in version `bold'
(Font)                  OML/cmm/b/it --> OML/ptmcm/m/it on input line 66.
LaTeX Font Info:    Redeclaring symbol font `symbols' on input line 67.
LaTeX Font Info:    Overwriting symbol font `symbols' in version `normal'
(Font)                  OMS/cmsy/m/n --> OMS/pzccm/m/n on input line 67.
LaTeX Font Info:    Overwriting symbol font `symbols' in version `bold'
(Font)                  OMS/cmsy/b/n --> OMS/pzccm/m/n on input line 67.
LaTeX Font Info:    Redeclaring symbol font `largesymbols' on input line 68.
LaTeX Font Info:    Overwriting symbol font `largesymbols' in version `normal'
(Font)                  OMX/cmex/m/n --> OMX/psycm/m/n on input line 68.
LaTeX Font Info:    Overwriting symbol font `largesymbols' in version `bold'
(Font)                  OMX/cmex/m/n --> OMX/psycm/m/n on input line 68.
\symbold=\mathgroup6
\symitalic=\mathgroup7
LaTeX Font Info:    Redeclaring math alphabet \mathbf on input line 74.
LaTeX Font Info:    Overwriting math alphabet `\mathbf' in version `normal'
(Font)                  OT1/cmr/bx/n --> OT1/ptm/bx/n on input line 74.
LaTeX Font Info:    Overwriting math alphabet `\mathbf' in version `bold'
(Font)                  OT1/cmr/bx/n --> OT1/ptm/bx/n on input line 74.
LaTeX Font Info:    Redeclaring math alphabet \mathit on input line 75.
LaTeX Font Info:    Overwriting math alphabet `\mathit' in version `normal'
(Font)                  OT1/cmr/m/it --> OT1/ptm/m/it on input line 75.
LaTeX Font Info:    Overwriting math alphabet `\mathit' in version `bold'
(Font)                  OT1/cmr/bx/it --> OT1/ptm/m/it on input line 75.
)
(/sw/share/texmf-dist/tex/latex/hyperref/hyperref.sty
Package: hyperref 2003/11/30 v6.74m Hypertext links for LaTeX
\@linkdim=\dimen103
\Hy@linkcounter=\count92
\Hy@pagecounter=\count93

(/sw/share/texmf-dist/tex/latex/hyperref/pd1enc.def
File: pd1enc.def 2003/11/30 v6.74m Hyperref: PDFDocEncoding definition (HO)
Now handling font encoding PD1 ...
... no UTF-8 mapping file for font encoding PD1
)
(/sw/share/texmf-dist/tex/latex/hyperref/hyperref.cfg
File: hyperref.cfg 2002/06/06 v1.2 hyperref configuration of TeXLive and teTeX
)
Package hyperref Info: Option `bookmarks' set `false' on input line 1830.
Package hyperref Info: Option `colorlinks' set `true' on input line 1830.
Package hyperref Info: Option `breaklinks' set `true' on input line 1830.
Package hyperref Info: Hyper figures OFF on input line 1880.
Package hyperref Info: Link nesting OFF on input line 1885.
Package hyperref Info: Hyper index ON on input line 1888.
Package hyperref Info: Plain pages ON on input line 1893.
Package hyperref Info: Backreferencing ON on input line 1898.

Implicit mode ON; LaTeX internals redefined
Package hyperref Info: Bookmarks OFF on input line 2010.
(/sw/share/texmf-dist/tex/latex/hyperref/backref.sty
Package: backref 2003/03/20 v1.23 Bibliographical back referencing
)
(/sw/share/texmf-dist/tex/latex/url/url.sty
\Urlmuskip=\muskip10
Package: url 2004/03/15  ver 3.1  Verb mode for urls, etc.
)
LaTeX Info: Redefining \url on input line 2143.
\Fld@menulength=\count94
\Field@Width=\dimen104
\Fld@charsize=\dimen105
\Choice@toks=\toks16
\Field@toks=\toks17
Package hyperref Info: Hyper figures OFF on input line 2618.
Package hyperref Info: Link nesting OFF on input line 2623.
Package hyperref Info: Hyper index ON on input line 2626.
Package hyperref Info: backreferencing ON on input line 2631.
Package hyperref Info: Link coloring ON on input line 2636.
\c@Item=\count95
\c@Hfootnote=\count96
)
*hyperref using driver hpdftex*
(/sw/share/texmf-dist/tex/latex/hyperref/hpdftex.def
File: hpdftex.def 2003/11/30 v6.74m Hyperref driver for pdfTeX

(/sw/share/texmf-dist/tex/latex/psnfss/pifont.sty
Package: pifont 2004/09/15 PSNFSS-v9.2 Pi font support (SPQR) 
LaTeX Font Info:    Try loading font information for U+pzd on input line 63.

(/sw/share/texmf-dist/tex/latex/psnfss/upzd.fd
File: upzd.fd 2001/06/04 font definitions for U/pzd.
)
LaTeX Font Info:    Try loading font information for U+psy on input line 64.

(/sw/share/texmf-dist/tex/latex/psnfss/upsy.fd
File: upsy.fd 2001/06/04 font definitions for U/psy.
))
\Fld@listcount=\count97
\@outlinefile=\write5
)
\pagenrlog=\write6
\openout6 = `MatricesForHomalg.pnr'.


(/sw/share/texmf-dist/tex/latex/enumitem/enumitem.sty
Package: enumitem 2004/07/19 v1.0 Customized lists
\labelindent=\skip43
\enit@outerparindent=\dimen106
) (./MatricesForHomalg.aux)
\openout1 = `MatricesForHomalg.aux'.

LaTeX Font Info:    Checking defaults for OML/cmm/m/it on input line 47.
LaTeX Font Info:    ... okay on input line 47.
LaTeX Font Info:    Checking defaults for T1/cmr/m/n on input line 47.
LaTeX Font Info:    ... okay on input line 47.
LaTeX Font Info:    Checking defaults for OT1/cmr/m/n on input line 47.
LaTeX Font Info:    ... okay on input line 47.
LaTeX Font Info:    Checking defaults for OMS/pzccm/m/n on input line 47.
LaTeX Font Info:    Try loading font information for OMS+pzccm on input line 47
.
 (/sw/share/texmf-dist/tex/latex/psnfss/omspzccm.fd
File: omspzccm.fd 2000/01/03 Fontinst v1.801 font definitions for OMS/pzccm.
)
LaTeX Font Info:    ... okay on input line 47.
LaTeX Font Info:    Checking defaults for OMX/cmex/m/n on input line 47.
LaTeX Font Info:    ... okay on input line 47.
LaTeX Font Info:    Checking defaults for U/cmr/m/n on input line 47.
LaTeX Font Info:    ... okay on input line 47.
LaTeX Font Info:    Checking defaults for PD1/pdf/m/n on input line 47.
LaTeX Font Info:    ... okay on input line 47.

(/sw/share/texmf-dist/tex/context/base/supp-pdf.tex
(/sw/share/texmf-dist/tex/context/base/supp-mis.tex
loading : Context Support Macros / Miscellaneous (2004.10.26)
\protectiondepth=\count98
\scratchcounter=\count99
\scratchtoks=\toks18
\scratchdimen=\dimen107
\scratchskip=\skip44
\scratchmuskip=\muskip11
\scratchbox=\box27
\scratchread=\read2
\scratchwrite=\write7
\zeropoint=\dimen108
\onepoint=\dimen109
\onebasepoint=\dimen110
\minusone=\count100
\thousandpoint=\dimen111
\onerealpoint=\dimen112
\emptytoks=\toks19
\nextbox=\box28
\nextdepth=\dimen113
\everyline=\toks20
\!!counta=\count101
\!!countb=\count102
\recursecounter=\count103
)
loading : Context Support Macros / PDF (2004.03.26)
\nofMPsegments=\count104
\nofMParguments=\count105
\MPscratchCnt=\count106
\MPscratchDim=\dimen114
\MPnumerator=\count107
\everyMPtoPDFconversion=\toks21
)
Package hyperref Info: Link coloring ON on input line 47.
 (/sw/share/texmf-dist/tex/latex/hyperref/nameref.sty
Package: nameref 2003/12/03 v2.21 Cross-referencing by name of section
\c@section@level=\count108
)
LaTeX Info: Redefining \ref on input line 47.
LaTeX Info: Redefining \pageref on input line 47.
LaTeX Font Info:    Font shape `OT1/ptm/bx/n' in size <24.88> not available
(Font)              Font shape `OT1/ptm/b/n' tried instead on input line 51.
LaTeX Font Info:    Font shape `OT1/phv/bx/n' in size <24.88> not available
(Font)              Font shape `OT1/phv/b/n' tried instead on input line 51.
LaTeX Font Info:    Font shape `OT1/phv/b/n' will be
(Font)              scaled to size 22.39185pt on input line 51.
LaTeX Font Info:    Font shape `OT1/ptm/bx/n' in size <14.4> not available
(Font)              Font shape `OT1/ptm/b/n' tried instead on input line 54.
LaTeX Font Info:    Font shape `OT1/phv/bx/n' in size <14.4> not available
(Font)              Font shape `OT1/phv/b/n' tried instead on input line 54.
LaTeX Font Info:    Font shape `OT1/phv/b/n' will be
(Font)              scaled to size 12.9599pt on input line 54.
LaTeX Font Info:    Font shape `OT1/ptm/bx/n' in size <12> not available
(Font)              Font shape `OT1/ptm/b/n' tried instead on input line 59.


Package hyperref Warning: Token not allowed in a PDFDocEncoded string,
(hyperref)                removing `\\' on input line 64.


Package hyperref Warning: Token not allowed in a PDFDocEncoded string,
(hyperref)                removing `\\' on input line 64.

LaTeX Font Info:    Font shape `OT1/phv/m/n' will be
(Font)              scaled to size 9.85492pt on input line 74.

Underfull \hbox (badness 10000) in paragraph at lines 66--76

 []


Underfull \hbox (badness 10000) in paragraph at lines 66--76

 []


Overfull \hbox (138.83159pt too wide) in paragraph at lines 66--76
[][]\OT1/pcr/m/n/10.95 http://homalg.math.rwth-aachen.de/~barakat/homalg-projec
t/MatricesForHomalg/chap0.html[][] 
 []


Underfull \hbox (badness 10000) in paragraph at lines 66--76

 []


Underfull \hbox (badness 10000) in paragraph at lines 66--76

 []


Overfull \hbox (77.40239pt too wide) in paragraph at lines 66--76
[][]\OT1/pcr/m/n/10.95 http://homalg.math.rwth-aachen.de/index.php/core-package
s/matricesforhomalg[][] 
 []

LaTeX Font Info:    Try loading font information for OT1+ptmcm on input line 76
.
(/sw/share/texmf-dist/tex/latex/psnfss/ot1ptmcm.fd
File: ot1ptmcm.fd 2000/01/03 Fontinst v1.801 font definitions for OT1/ptmcm.
)
LaTeX Font Info:    Try loading font information for OML+ptmcm on input line 76
.

(/sw/share/texmf-dist/tex/latex/psnfss/omlptmcm.fd
File: omlptmcm.fd 2000/01/03 Fontinst v1.801 font definitions for OML/ptmcm.
)
LaTeX Font Info:    Try loading font information for OMX+psycm on input line 76
.

(/sw/share/texmf-dist/tex/latex/psnfss/omxpsycm.fd
File: omxpsycm.fd 2000/01/03 Fontinst v1.801 font definitions for OMX/psycm.
)
LaTeX Font Info:    Try loading font information for U+msa on input line 76.

(/sw/share/texmf-dist/tex/latex/amsfonts/umsa.fd
File: umsa.fd 2002/01/19 v2.2g AMS font definitions
)
LaTeX Font Info:    Try loading font information for U+msb on input line 76.

(/sw/share/texmf-dist/tex/latex/amsfonts/umsb.fd
File: umsb.fd 2002/01/19 v2.2g AMS font definitions
)
LaTeX Font Info:    Font shape `OT1/ptm/bx/n' in size <10.95> not available
(Font)              Font shape `OT1/ptm/b/n' tried instead on input line 76.
LaTeX Font Info:    Font shape `OT1/ptm/bx/n' in size <8> not available
(Font)              Font shape `OT1/ptm/b/n' tried instead on input line 76.
LaTeX Font Info:    Font shape `OT1/ptm/bx/n' in size <6> not available
(Font)              Font shape `OT1/ptm/b/n' tried instead on input line 76.
LaTeX Font Info:    Font shape `OT1/ptm/bx/n' in size <10> not available
(Font)              Font shape `OT1/ptm/b/n' tried instead on input line 83.

Underfull \hbox (badness 10000) in paragraph at lines 80--99

 []

[1

{/sw/var/lib/texmf/fonts/map/pdftex/updmap/pdftex.map}]
LaTeX Font Info:    Font shape `OT1/phv/m/sl' will be
(Font)              scaled to size 7.19995pt on input line 99.
 [2]
LaTeX Font Info:    Font shape `OMS/ptm/m/n' in size <10> not available
(Font)              Font shape `OMS/pzccm/m/n' tried instead on input line 105.


Underfull \hbox (badness 10000) in paragraph at lines 107--109

 []

! pdfTeX warning (ext4): destination with the same identifier (name{page.2}) ha
s been already used, duplicate ignored
<to be read again> 
                   \penalty 
l.109 \newpage
               [2] (./MatricesForHomalg.toc
LaTeX Font Info:    Font shape `OT1/phv/bx/n' in size <10.95> not available
(Font)              Font shape `OT1/phv/b/n' tried instead on input line 7.
LaTeX Font Info:    Font shape `OT1/phv/b/n' will be
(Font)              scaled to size 9.85492pt on input line 7.
 [3

] [4] [5] [6] [7] [8] [9]
[10])
\tf@toc=\write8
\openout8 = `MatricesForHomalg.toc'.

 [11]
Chapter 1.
LaTeX Font Info:    Font shape `OT1/ptm/bx/n' in size <20.74> not available
(Font)              Font shape `OT1/ptm/b/n' tried instead on input line 117.
LaTeX Font Info:    Font shape `OT1/phv/bx/n' in size <12> not available
(Font)              Font shape `OT1/phv/b/n' tried instead on input line 127.
LaTeX Font Info:    Font shape `OT1/phv/b/n' will be
(Font)              scaled to size 10.79993pt on input line 127.
LaTeX Font Info:    Font shape `OMS/ptm/m/n' in size <10.95> not available
(Font)              Font shape `OMS/pzccm/m/n' tried instead on input line 133.

[12

] [13]
Chapter 2.

Underfull \hbox (badness 10000) in paragraph at lines 221--226

 []


Underfull \hbox (badness 10000) in paragraph at lines 221--226

 []


Underfull \hbox (badness 10000) in paragraph at lines 227--233

 []


Underfull \hbox (badness 10000) in paragraph at lines 227--233

 []

[14

]
Chapter 3.

Underfull \hbox (badness 10000) in paragraph at lines 282--286

 []

[15

] [16]
LaTeX Font Info:    Font shape `OT1/pcr/bx/n' in size <12> not available
(Font)              Font shape `OT1/pcr/b/n' tried instead on input line 402.
 [17] [18] [19] [20] [21] [22] [23] [24] [25] [26] [27] [28] [29]
Chapter 4.
[30

] [31] [32]
Chapter 5.
[33

] [34] [35] [36] [37] [38] [39] [40] [41] [42] [43] [44] [45] [46] [47]
[48] [49] [50] [51] [52]
Underfull \hbox (badness 10000) in paragraph at lines 3912--3913
[]\OT1/ptm/m/n/10.95 Like \OT1/pcr/m/n/10.95 BasisOfRowModule\OT1/ptm/m/n/10.95
 ( [] ) but where the ma-trix \OT1/pcr/m/n/10.95 SyzygiesGeneratorsOfRows\OT1/p
tm/m/n/10.95 (
 []


Underfull \hbox (badness 10000) in paragraph at lines 3957--3958
[]\OT1/ptm/m/n/10.95 Like \OT1/pcr/m/n/10.95 SyzygiesGeneratorsOfColumns\OT1/pt
m/m/n/10.95 ( [] ) but where the ma-trix
 []


Underfull \hbox (badness 4582) in paragraph at lines 3957--3958
\OT1/pcr/m/n/10.95 SyzygiesGeneratorsOfColumns\OT1/ptm/m/n/10.95 ( \OT1/pcr/m/n
/10.95 ReducedSyzygiesGeneratorsOfColumns\OT1/ptm/m/n/10.95 ( [] ) ) con-tains
 []

[53] [54] [55] [56] [57] [58]
Chapter 6.
[59

] [60]
Appendix A.
[61

] [62]
Appendix B.
LaTeX Font Info:    Font shape `OT1/ptm/bx/it' in size <14.4> not available
(Font)              Font shape `OT1/ptm/b/it' tried instead on input line 4593.


Underfull \hbox (badness 2165) in paragraph at lines 4626--4627
[]\OT1/ptm/m/n/10.95 Let $\OML/ptmcm/m/it/10.95 R \OT1/ptmcm/m/n/10.95 :=$ \OT1
/pcr/m/n/10.95 HomalgRing$\OT1/ptmcm/m/n/10.95 ([])$ \OT1/ptm/m/n/10.95 and $\O
ML/ptmcm/m/it/10.95 RP \OT1/ptmcm/m/n/10.95 :=$ \OT1/pcr/m/n/10.95 homalgTable$
\OT1/ptmcm/m/n/10.95 (\OML/ptmcm/m/it/10.95 R\OT1/ptmcm/m/n/10.95 )$\OT1/ptm/m/
n/10.95 . If the \OT1/pcr/m/n/10.95 homalgTable \OT1/ptm/m/n/10.95 com-po-
 []


Underfull \hbox (badness 1490) in paragraph at lines 4626--4627
\OT1/ptm/m/n/10.95 nent $\OML/ptmcm/m/it/10.95 RP$\OT1/ptm/m/n/10.95 !.\OT1/pcr
/m/n/10.95 InitialIdentityMatrix \OT1/ptm/m/n/10.95 is bound then the method \O
T1/pcr/m/n/10.95 Eval \OT1/ptm/m/n/10.95 ([][]C.4.2[][]) re-sets the fil-ter
 []

[63

] [64] [65] [66] [67] [68] [69] [70] [71] [72]
Underfull \hbox (badness 3612) in paragraph at lines 5284--5285
[]\OT1/ptm/m/n/10.95 Let $\OML/ptmcm/m/it/10.95 R \OT1/ptmcm/m/n/10.95 :=$ \OT1
/pcr/m/n/10.95 HomalgRing$\OT1/ptmcm/m/n/10.95 ([])$ \OT1/ptm/m/n/10.95 and $\O
ML/ptmcm/m/it/10.95 RP \OT1/ptmcm/m/n/10.95 :=$ \OT1/pcr/m/n/10.95 homalgTable$
\OT1/ptmcm/m/n/10.95 (\OML/ptmcm/m/it/10.95 R\OT1/ptmcm/m/n/10.95 )$\OT1/ptm/m/
n/10.95 . If the \OT1/pcr/m/n/10.95 homalgTable \OT1/ptm/m/n/10.95 com-
 []


Underfull \hbox (badness 10000) in paragraph at lines 5284--5285
\OT1/ptm/m/n/10.95 po-nent $\OML/ptmcm/m/it/10.95 RP$\OT1/ptm/m/n/10.95 !.\OT1/
pcr/m/n/10.95 GetColumnIndependentUnitPositions \OT1/ptm/m/n/10.95 is bound the
n the stan-dard method
 []


Underfull \hbox (badness 10000) in paragraph at lines 5284--5285
\OT1/ptm/m/n/10.95 of the op-er-a-tion \OT1/pcr/m/n/10.95 GetColumnIndependentU
nitPositions \OT1/ptm/m/n/10.95 ([][]5.5.18[][]) shown be-low re-turns
 []

[73]
Underfull \hbox (badness 3612) in paragraph at lines 5346--5347
[]\OT1/ptm/m/n/10.95 Let $\OML/ptmcm/m/it/10.95 R \OT1/ptmcm/m/n/10.95 :=$ \OT1
/pcr/m/n/10.95 HomalgRing$\OT1/ptmcm/m/n/10.95 ([])$ \OT1/ptm/m/n/10.95 and $\O
ML/ptmcm/m/it/10.95 RP \OT1/ptmcm/m/n/10.95 :=$ \OT1/pcr/m/n/10.95 homalgTable$
\OT1/ptmcm/m/n/10.95 (\OML/ptmcm/m/it/10.95 R\OT1/ptmcm/m/n/10.95 )$\OT1/ptm/m/
n/10.95 . If the \OT1/pcr/m/n/10.95 homalgTable \OT1/ptm/m/n/10.95 com-
 []


Underfull \hbox (badness 10000) in paragraph at lines 5346--5347
\OT1/ptm/m/n/10.95 po-nent $\OML/ptmcm/m/it/10.95 RP$\OT1/ptm/m/n/10.95 !.\OT1/
pcr/m/n/10.95 GetRowIndependentUnitPositions \OT1/ptm/m/n/10.95 is bound then t
he stan-dard method
 []


Underfull \hbox (badness 10000) in paragraph at lines 5346--5347
\OT1/ptm/m/n/10.95 of the op-er-a-tion \OT1/pcr/m/n/10.95 GetRowIndependentUnit
Positions \OT1/ptm/m/n/10.95 ([][]5.5.19[][]) shown be-low re-turns
 []

[74] [75]
Underfull \hbox (badness 3612) in paragraph at lines 5463--5464
[]\OT1/ptm/m/n/10.95 Let $\OML/ptmcm/m/it/10.95 R \OT1/ptmcm/m/n/10.95 :=$ \OT1
/pcr/m/n/10.95 HomalgRing$\OT1/ptmcm/m/n/10.95 ([])$ \OT1/ptm/m/n/10.95 and $\O
ML/ptmcm/m/it/10.95 RP \OT1/ptmcm/m/n/10.95 :=$ \OT1/pcr/m/n/10.95 homalgTable$
\OT1/ptmcm/m/n/10.95 (\OML/ptmcm/m/it/10.95 R\OT1/ptmcm/m/n/10.95 )$\OT1/ptm/m/
n/10.95 . If the \OT1/pcr/m/n/10.95 homalgTable \OT1/ptm/m/n/10.95 com-
 []


Underfull \hbox (badness 10000) in paragraph at lines 5463--5464
\OT1/ptm/m/n/10.95 po-nent $\OML/ptmcm/m/it/10.95 RP$\OT1/ptm/m/n/10.95 !.\OT1/
pcr/m/n/10.95 PositionOfFirstNonZeroEntryPerRow \OT1/ptm/m/n/10.95 is bound the
n the stan-dard method
 []


Underfull \hbox (badness 10000) in paragraph at lines 5463--5464
\OT1/ptm/m/n/10.95 of the at-tribute \OT1/pcr/m/n/10.95 PositionOfFirstNonZeroE
ntryPerRow \OT1/ptm/m/n/10.95 ([][]5.4.8[][]) shown be-low re-turns
 []

[76]
Underfull \hbox (badness 3612) in paragraph at lines 5519--5520
[]\OT1/ptm/m/n/10.95 Let $\OML/ptmcm/m/it/10.95 R \OT1/ptmcm/m/n/10.95 :=$ \OT1
/pcr/m/n/10.95 HomalgRing$\OT1/ptmcm/m/n/10.95 ([])$ \OT1/ptm/m/n/10.95 and $\O
ML/ptmcm/m/it/10.95 RP \OT1/ptmcm/m/n/10.95 :=$ \OT1/pcr/m/n/10.95 homalgTable$
\OT1/ptmcm/m/n/10.95 (\OML/ptmcm/m/it/10.95 R\OT1/ptmcm/m/n/10.95 )$\OT1/ptm/m/
n/10.95 . If the \OT1/pcr/m/n/10.95 homalgTable \OT1/ptm/m/n/10.95 com-
 []


Underfull \hbox (badness 3068) in paragraph at lines 5519--5520
\OT1/ptm/m/n/10.95 po-nent $\OML/ptmcm/m/it/10.95 RP$\OT1/ptm/m/n/10.95 !.\OT1/
pcr/m/n/10.95 PositionOfFirstNonZeroEntryPerColumn \OT1/ptm/m/n/10.95 is bound 
then the stan-dard method
 []


Underfull \hbox (badness 7851) in paragraph at lines 5519--5520
\OT1/ptm/m/n/10.95 of the at-tribute \OT1/pcr/m/n/10.95 PositionOfFirstNonZeroE
ntryPerColumn \OT1/ptm/m/n/10.95 ([][]5.4.9[][]) shown be-low re-turns
 []

[77]
Appendix C.

Underfull \hbox (badness 2197) in paragraph at lines 5610--5611
[]\OT1/ptm/m/n/10.95 In case the ma-trix [] was cre-ated us-ing \OT1/pcr/m/n/10
.95 HomalgInitialMatrix \OT1/ptm/m/n/10.95 ([][]5.2.1[][]) then the fil-ter
 []

[78

]
Underfull \hbox (badness 2050) in paragraph at lines 5662--5663
\OT1/ptm/m/n/10.95 fil-ter \OT1/pcr/m/n/10.95 IsInitialIdentityMatrix \OT1/ptm/
m/n/10.95 for [] is set to true and the \OT1/pcr/m/n/10.95 homalgTable \OT1/ptm
/m/n/10.95 func-tion ($\OMS/pzccm/m/n/10.95 !$
 []

[79] [80] [81]
Underfull \hbox (badness 4726) in paragraph at lines 5847--5848
[]\OT1/ptm/m/n/10.95 In case the ma-trix [] was cre-ated us-ing \OT1/pcr/m/n/10
.95 LeftInverseLazy \OT1/ptm/m/n/10.95 ([][]5.5.4[][]) then the fil-ter
 []

[82]
Underfull \hbox (badness 3701) in paragraph at lines 5881--5882
[]\OT1/ptm/m/n/10.95 In case the ma-trix [] was cre-ated us-ing \OT1/pcr/m/n/10
.95 RightInverseLazy \OT1/ptm/m/n/10.95 ([][]5.5.5[][]) then the fil-ter
 []

[83] [84]
Underfull \hbox (badness 10000) in paragraph at lines 6008--6009
[]\OT1/ptm/m/n/10.95 In case the ma-trix was cre-ated us-ing \OT1/pcr/m/n/10.95
 CertainColumns \OT1/ptm/m/n/10.95 ([][]5.5.8[][]) then the fil-ter
 []

[85]
Underfull \hbox (badness 10000) in paragraph at lines 6109--6110
[]\OT1/ptm/m/n/10.95 In case the ma-trix was cre-ated us-ing \OT1/pcr/m/n/10.95
 UnionOfColumns \OT1/ptm/m/n/10.95 ([][]5.5.10[][]) then the fil-ter
 []

[86] [87]
Underfull \hbox (badness 10000) in paragraph at lines 6226--6227
[]\OT1/ptm/m/n/10.95 In case the ma-trix was cre-ated us-ing \OT1/pcr/m/n/10.95
 KroneckerMat \OT1/ptm/m/n/10.95 ([][]5.5.12[][]) then the fil-ter
 []


Underfull \hbox (badness 1796) in paragraph at lines 6226--6227
\OT1/pcr/m/n/10.95 HasEvalKroneckerMat \OT1/ptm/m/n/10.95 for [] is set to true
 and the \OT1/pcr/m/n/10.95 homalgTable \OT1/ptm/m/n/10.95 func-tion \OT1/pcr/m
/n/10.95 KroneckerMat
 []

[88] [89] [90] [91] [92]
Appendix D.
[93

] [94] [95] [96] [97] [98] [99] [100] [101] [102] [103] [104] [105] [106]
Appendix E.

Underfull \hbox (badness 10000) in paragraph at lines 7545--7550

 []


Underfull \hbox (badness 10000) in paragraph at lines 7545--7550

 []


Underfull \hbox (badness 10000) in paragraph at lines 7570--7574

 []

[107

] [108]
LaTeX Font Info:    Font shape `OT1/pcr/bx/n' in size <14.4> not available
(Font)              Font shape `OT1/pcr/b/n' tried instead on input line 7662.

Underfull \hbox (badness 10000) in paragraph at lines 7671--7674

 []


Overfull \hbox (14.93933pt too wide) in paragraph at lines 7679--7714
 [] 
 []

[109] [110]
Appendix F.
LaTeX Font Info:    Font shape `OT1/phv/m/it' in size <10.95> not available
(Font)              Font shape `OT1/phv/m/sl' tried instead on input line 7816.

LaTeX Font Info:    Font shape `OT1/phv/m/sl' will be
(Font)              scaled to size 9.85492pt on input line 7816.
[111

] [112] (./MatricesForHomalg.bbl (./MatricesForHomalg.brf)
\tf@brf=\write9
\openout9 = `MatricesForHomalg.brf'.

 [113])
(./MatricesForHomalg.ind [114

]
Underfull \hbox (badness 10000) in paragraph at lines 33--35
[]\OT1/pcr/m/n/10.95 Basis\OT1/ptm/m/n/10.95 -\OT1/pcr/m/n/10.95 Algorithm\OT1/
ptm/m/n/10.95 -\OT1/pcr/m/n/10.95 Respects\OT1/ptm/m/n/10.95 -\OT1/pcr/m/n/10.9
5 Principal\OT1/ptm/m/n/10.95 -\OT1/pcr/m/n/10.95 Ideals\OT1/ptm/m/n/10.95 ,
 []


Underfull \hbox (badness 10000) in paragraph at lines 65--67
[]\OT1/pcr/m/n/10.95 Coefficients\OT1/ptm/m/n/10.95 -\OT1/pcr/m/n/10.95 Of\OT1/
ptm/m/n/10.95 -\OT1/pcr/m/n/10.95 Numerator\OT1/ptm/m/n/10.95 -\OT1/pcr/m/n/10.
95 Of\OT1/ptm/m/n/10.95 -\OT1/pcr/m/n/10.95 Hilbert\OT1/ptm/m/n/10.95 -
 []


Underfull \hbox (badness 10000) in paragraph at lines 67--69
[]\OT1/pcr/m/n/10.95 Coefficients\OT1/ptm/m/n/10.95 -\OT1/pcr/m/n/10.95 Of\OT1/
ptm/m/n/10.95 -\OT1/pcr/m/n/10.95 Unreduced\OT1/ptm/m/n/10.95 -\OT1/pcr/m/n/10.
95 Numerator\OT1/ptm/m/n/10.95 -\OT1/pcr/m/n/10.95 Of\OT1/ptm/m/n/10.95 -
 []

[115

] [116]
Underfull \hbox (badness 10000) in paragraph at lines 195--197
[]\OT1/pcr/m/n/10.95 Indeterminate\OT1/ptm/m/n/10.95 -\OT1/pcr/m/n/10.95 Anti\O
T1/ptm/m/n/10.95 -\OT1/pcr/m/n/10.95 Commuting\OT1/ptm/m/n/10.95 -\OT1/pcr/m/n/
10.95 Variables\OT1/ptm/m/n/10.95 -\OT1/pcr/m/n/10.95 Of\OT1/ptm/m/n/10.95 -
 []


Underfull \hbox (badness 10000) in paragraph at lines 197--199
[]\OT1/pcr/m/n/10.95 Indeterminate\OT1/ptm/m/n/10.95 -\OT1/pcr/m/n/10.95 Coordi
nates\OT1/ptm/m/n/10.95 -\OT1/pcr/m/n/10.95 Of\OT1/ptm/m/n/10.95 -\OT1/pcr/m/n/
10.95 Ring\OT1/ptm/m/n/10.95 -\OT1/pcr/m/n/10.95 Of\OT1/ptm/m/n/10.95 -
 []


Underfull \hbox (badness 10000) in paragraph at lines 199--201
[]\OT1/pcr/m/n/10.95 Indeterminate\OT1/ptm/m/n/10.95 -\OT1/pcr/m/n/10.95 Deriva
tions\OT1/ptm/m/n/10.95 -\OT1/pcr/m/n/10.95 Of\OT1/ptm/m/n/10.95 -\OT1/pcr/m/n/
10.95 Ring\OT1/ptm/m/n/10.95 -\OT1/pcr/m/n/10.95 Of\OT1/ptm/m/n/10.95 -
 []


Underfull \hbox (badness 10000) in paragraph at lines 248--250
[]\OT1/pcr/m/n/10.95 IsHomalg\OT1/ptm/m/n/10.95 -\OT1/pcr/m/n/10.95 Ring\OT1/pt
m/m/n/10.95 -\OT1/pcr/m/n/10.95 Relations\OT1/ptm/m/n/10.95 -\OT1/pcr/m/n/10.95
 As\OT1/ptm/m/n/10.95 -\OT1/pcr/m/n/10.95 Generators\OT1/ptm/m/n/10.95 -\OT1/pc
r/m/n/10.95 Of\OT1/ptm/m/n/10.95 -
 []


Underfull \hbox (badness 10000) in paragraph at lines 250--252
[]\OT1/pcr/m/n/10.95 IsHomalg\OT1/ptm/m/n/10.95 -\OT1/pcr/m/n/10.95 Ring\OT1/pt
m/m/n/10.95 -\OT1/pcr/m/n/10.95 Relations\OT1/ptm/m/n/10.95 -\OT1/pcr/m/n/10.95
 As\OT1/ptm/m/n/10.95 -\OT1/pcr/m/n/10.95 Generators\OT1/ptm/m/n/10.95 -\OT1/pc
r/m/n/10.95 Of\OT1/ptm/m/n/10.95 -
 []

[117]
Underfull \hbox (badness 10000) in paragraph at lines 383--385
[]\OT1/pcr/m/n/10.95 Position\OT1/ptm/m/n/10.95 -\OT1/pcr/m/n/10.95 Of\OT1/ptm/
m/n/10.95 -\OT1/pcr/m/n/10.95 First\OT1/ptm/m/n/10.95 -\OT1/pcr/m/n/10.95 Non\O
T1/ptm/m/n/10.95 -\OT1/pcr/m/n/10.95 Zero\OT1/ptm/m/n/10.95 -\OT1/pcr/m/n/10.95
 Entry\OT1/ptm/m/n/10.95 -\OT1/pcr/m/n/10.95 Per\OT1/ptm/m/n/10.95 -\OT1/pcr/m/
n/10.95 Column\OT1/ptm/m/n/10.95 ,
 []

[118]
Underfull \hbox (badness 10000) in paragraph at lines 410--412
[]\OT1/pcr/m/n/10.95 Relative\OT1/ptm/m/n/10.95 -\OT1/pcr/m/n/10.95 Indetermina
te\OT1/ptm/m/n/10.95 -\OT1/pcr/m/n/10.95 Anti\OT1/ptm/m/n/10.95 -\OT1/pcr/m/n/1
0.95 Commuting\OT1/ptm/m/n/10.95 -
 []


Underfull \hbox (badness 10000) in paragraph at lines 412--414
[]\OT1/pcr/m/n/10.95 Relative\OT1/ptm/m/n/10.95 -\OT1/pcr/m/n/10.95 Indetermina
te\OT1/ptm/m/n/10.95 -\OT1/pcr/m/n/10.95 Coordinates\OT1/ptm/m/n/10.95 -\OT1/pc
r/m/n/10.95 Of\OT1/ptm/m/n/10.95 -\OT1/pcr/m/n/10.95 Ring\OT1/ptm/m/n/10.95 -
 []


Underfull \hbox (badness 10000) in paragraph at lines 414--416
[]\OT1/pcr/m/n/10.95 Relative\OT1/ptm/m/n/10.95 -\OT1/pcr/m/n/10.95 Indetermina
te\OT1/ptm/m/n/10.95 -\OT1/pcr/m/n/10.95 Derivations\OT1/ptm/m/n/10.95 -\OT1/pc
r/m/n/10.95 Of\OT1/ptm/m/n/10.95 -\OT1/pcr/m/n/10.95 Ring\OT1/ptm/m/n/10.95 -
 []


Underfull \hbox (badness 10000) in paragraph at lines 416--418
[]\OT1/pcr/m/n/10.95 Relative\OT1/ptm/m/n/10.95 -\OT1/pcr/m/n/10.95 Indetermina
tes\OT1/ptm/m/n/10.95 -\OT1/pcr/m/n/10.95 Of\OT1/ptm/m/n/10.95 -\OT1/pcr/m/n/10
.95 Polynomial\OT1/ptm/m/n/10.95 -\OT1/pcr/m/n/10.95 Ring\OT1/ptm/m/n/10.95 ,
 []


Underfull \hbox (badness 10000) in paragraph at lines 472--474
[]\OT1/pcr/m/n/10.95 Unreduced\OT1/ptm/m/n/10.95 -\OT1/pcr/m/n/10.95 Numerator\
OT1/ptm/m/n/10.95 -\OT1/pcr/m/n/10.95 Of\OT1/ptm/m/n/10.95 -\OT1/pcr/m/n/10.95 
Hilbert\OT1/ptm/m/n/10.95 -\OT1/pcr/m/n/10.95 Poincare\OT1/ptm/m/n/10.95 -
 []

[119]) (./MatricesForHomalg.aux) ) 
Here is how much of TeX's memory you used:
 5070 strings out of 94500
 75903 string characters out of 1176115
 133611 words of memory out of 1500000
 7275 multiletter control sequences out of 10000+50000
 56490 words of font info for 105 fonts, out of 1200000 for 2000
 580 hyphenation exceptions out of 8191
 27i,7n,30p,1146b,484s stack positions out of 5000i,500n,6000p,200000b,5000s
PDF statistics:
 2198 PDF objects out of 65536
 861 named destinations out of 20000
 17 words of extra memory for PDF output out of 65536
{/sw/share/texmf-dist/fonts/enc/dvips/psnfss/
8r.enc}</sw/share/texmf-dist/fonts/type1/urw/times/utmbi8a.pfb></sw/share/texmf
-dist/fonts/type1/urw/courier/ucrb8a.pfb></sw/share/texmf-dist/fonts/type1/blue
sky/cm/cmmi10.pfb></sw/share/texmf-dist/fonts/type1/bluesky/symbols/msbm10.pfb>
</sw/share/texmf-dist/fonts/type1/urw/courier/ucrro8a.pfb></sw/share/texmf-dist
/fonts/type1/bluesky/symbols/msam10.pfb></sw/share/texmf-dist/fonts/type1/blues
ky/cm/cmr10.pfb></sw/share/texmf-dist/fonts/type1/bluesky/cm/cmsy10.pfb></sw/sh
are/texmf-dist/fonts/type1/urw/helvetic/uhvro8a.pfb></sw/share/texmf-dist/fonts
/type1/urw/helvetic/uhvr8a.pfb></sw/share/texmf-dist/fonts/type1/urw/courier/uc
rr8a.pfb></sw/share/texmf-dist/fonts/type1/urw/times/utmri8a.pfb></sw/share/tex
mf-dist/fonts/type1/urw/times/utmr8a.pfb></sw/share/texmf-dist/fonts/type1/urw/
times/utmb8a.pfb></sw/share/texmf-dist/fonts/type1/urw/helvetic/uhvb8a.pfb>
Output written on MatricesForHomalg.pdf (120 pages, 698972 bytes).
