This is pdfeTeX, Version 3.141592-1.21a-2.2 (Web2C 7.5.4) (format=pdflatex 2010.4.8)  16 JUN 2012 13:00
entering extended mode
**ModulesForHomalg
(./ModulesForHomalg.tex
LaTeX2e <2008/12/01>
Babel <v3.8d> and hyphenation patterns for american, french, german, ngerman, b
ahasa, basque, bulgarian, catalan, croatian, czech, danish, dutch, esperanto, e
stonian, finnish, greek, icelandic, irish, italian, latin, magyar, norsk, polis
h, portuges, romanian, russian, serbian, slovak, slovene, spanish, swedish, tur
kish, ukrainian, nohyphenation, loaded.
(/sw/share/texmf-dist/tex/latex/base/report.cls
Document Class: report 2004/02/16 v1.4f Standard LaTeX document class
(/sw/share/texmf-dist/tex/latex/base/size11.clo
File: size11.clo 2004/02/16 v1.4f Standard LaTeX file (size option)
)
\c@part=\count79
\c@chapter=\count80
\c@section=\count81
\c@subsection=\count82
\c@subsubsection=\count83
\c@paragraph=\count84
\c@subparagraph=\count85
\c@figure=\count86
\c@table=\count87
\abovecaptionskip=\skip41
\belowcaptionskip=\skip42
\bibindent=\dimen102
)
(/sw/share/texmf-dist/tex/latex/a4wide/a4wide.sty
Package: a4wide 1994/08/30

(/sw/share/texmf-dist/tex/latex/ntgclass/a4.sty
Package: a4 2004/04/15 v1.2g A4 based page layout
))
(/sw/share/texmf-dist/tex/latex/amsfonts/amssymb.sty
Package: amssymb 2002/01/22 v2.2d

(/sw/share/texmf-dist/tex/latex/amsfonts/amsfonts.sty
Package: amsfonts 2001/10/25 v2.2f
\@emptytoks=\toks14
\symAMSa=\mathgroup4
\symAMSb=\mathgroup5
LaTeX Font Info:    Overwriting math alphabet `\mathfrak' in version `bold'
(Font)                  U/euf/m/n --> U/euf/b/n on input line 132.
))
(/sw/share/texmf-dist/tex/latex/base/inputenc.sty
Package: inputenc 2004/02/05 v1.0d Input encoding file

(/sw/share/texmf-dist/tex/latex/base/utf8.def
File: utf8.def 2004/02/09 v1.1b UTF-8 support for inputenc
Now handling font encoding OML ...
... no UTF-8 mapping file for font encoding OML
Now handling font encoding T1 ...
... processing UTF-8 mapping file for font encoding T1

(/sw/share/texmf-dist/tex/latex/base/t1enc.dfu
File: t1enc.dfu 2004/02/09 v1.1b UTF-8 support for inputenc
   defining Unicode char U+00A1 (decimal 161)
   defining Unicode char U+00A3 (decimal 163)
   defining Unicode char U+00AB (decimal 171)
   defining Unicode char U+00BB (decimal 187)
   defining Unicode char U+00BF (decimal 191)
   defining Unicode char U+00C0 (decimal 192)
   defining Unicode char U+00C1 (decimal 193)
   defining Unicode char U+00C2 (decimal 194)
   defining Unicode char U+00C3 (decimal 195)
   defining Unicode char U+00C4 (decimal 196)
   defining Unicode char U+00C5 (decimal 197)
   defining Unicode char U+00C6 (decimal 198)
   defining Unicode char U+00C7 (decimal 199)
   defining Unicode char U+00C8 (decimal 200)
   defining Unicode char U+00C9 (decimal 201)
   defining Unicode char U+00CA (decimal 202)
   defining Unicode char U+00CB (decimal 203)
   defining Unicode char U+00CC (decimal 204)
   defining Unicode char U+00CD (decimal 205)
   defining Unicode char U+00CE (decimal 206)
   defining Unicode char U+00CF (decimal 207)
   defining Unicode char U+00D0 (decimal 208)
   defining Unicode char U+00D1 (decimal 209)
   defining Unicode char U+00D2 (decimal 210)
   defining Unicode char U+00D3 (decimal 211)
   defining Unicode char U+00D4 (decimal 212)
   defining Unicode char U+00D5 (decimal 213)
   defining Unicode char U+00D6 (decimal 214)
   defining Unicode char U+00D8 (decimal 216)
   defining Unicode char U+00D9 (decimal 217)
   defining Unicode char U+00DA (decimal 218)
   defining Unicode char U+00DB (decimal 219)
   defining Unicode char U+00DC (decimal 220)
   defining Unicode char U+00DD (decimal 221)
   defining Unicode char U+00DE (decimal 222)
   defining Unicode char U+00DF (decimal 223)
   defining Unicode char U+00E0 (decimal 224)
   defining Unicode char U+00E1 (decimal 225)
   defining Unicode char U+00E2 (decimal 226)
   defining Unicode char U+00E3 (decimal 227)
   defining Unicode char U+00E4 (decimal 228)
   defining Unicode char U+00E5 (decimal 229)
   defining Unicode char U+00E6 (decimal 230)
   defining Unicode char U+00E7 (decimal 231)
   defining Unicode char U+00E8 (decimal 232)
   defining Unicode char U+00E9 (decimal 233)
   defining Unicode char U+00EA (decimal 234)
   defining Unicode char U+00EB (decimal 235)
   defining Unicode char U+00EC (decimal 236)
   defining Unicode char U+00ED (decimal 237)
   defining Unicode char U+00EE (decimal 238)
   defining Unicode char U+00EF (decimal 239)
   defining Unicode char U+00F0 (decimal 240)
   defining Unicode char U+00F1 (decimal 241)
   defining Unicode char U+00F2 (decimal 242)
   defining Unicode char U+00F3 (decimal 243)
   defining Unicode char U+00F4 (decimal 244)
   defining Unicode char U+00F5 (decimal 245)
   defining Unicode char U+00F6 (decimal 246)
   defining Unicode char U+00F8 (decimal 248)
   defining Unicode char U+00F9 (decimal 249)
   defining Unicode char U+00FA (decimal 250)
   defining Unicode char U+00FB (decimal 251)
   defining Unicode char U+00FC (decimal 252)
   defining Unicode char U+00FD (decimal 253)
   defining Unicode char U+00FE (decimal 254)
   defining Unicode char U+00FF (decimal 255)
   defining Unicode char U+0102 (decimal 258)
   defining Unicode char U+0103 (decimal 259)
   defining Unicode char U+0104 (decimal 260)
   defining Unicode char U+0105 (decimal 261)
   defining Unicode char U+0106 (decimal 262)
   defining Unicode char U+0107 (decimal 263)
   defining Unicode char U+010C (decimal 268)
   defining Unicode char U+010D (decimal 269)
   defining Unicode char U+010E (decimal 270)
   defining Unicode char U+010F (decimal 271)
   defining Unicode char U+0110 (decimal 272)
   defining Unicode char U+0111 (decimal 273)
   defining Unicode char U+0118 (decimal 280)
   defining Unicode char U+0119 (decimal 281)
   defining Unicode char U+011A (decimal 282)
   defining Unicode char U+011B (decimal 283)
   defining Unicode char U+011E (decimal 286)
   defining Unicode char U+011F (decimal 287)
   defining Unicode char U+0130 (decimal 304)
   defining Unicode char U+0131 (decimal 305)
   defining Unicode char U+0139 (decimal 313)
   defining Unicode char U+013A (decimal 314)
   defining Unicode char U+013D (decimal 317)
   defining Unicode char U+013E (decimal 318)
   defining Unicode char U+0141 (decimal 321)
   defining Unicode char U+0142 (decimal 322)
   defining Unicode char U+0143 (decimal 323)
   defining Unicode char U+0144 (decimal 324)
   defining Unicode char U+0147 (decimal 327)
   defining Unicode char U+0148 (decimal 328)
   defining Unicode char U+014A (decimal 330)
   defining Unicode char U+014B (decimal 331)
   defining Unicode char U+0150 (decimal 336)
   defining Unicode char U+0151 (decimal 337)
   defining Unicode char U+0152 (decimal 338)
   defining Unicode char U+0153 (decimal 339)
   defining Unicode char U+0154 (decimal 340)
   defining Unicode char U+0155 (decimal 341)
   defining Unicode char U+0158 (decimal 344)
   defining Unicode char U+0159 (decimal 345)
   defining Unicode char U+015A (decimal 346)
   defining Unicode char U+015B (decimal 347)
   defining Unicode char U+015E (decimal 350)
   defining Unicode char U+015F (decimal 351)
   defining Unicode char U+0160 (decimal 352)
   defining Unicode char U+0161 (decimal 353)
   defining Unicode char U+0162 (decimal 354)
   defining Unicode char U+0163 (decimal 355)
   defining Unicode char U+0164 (decimal 356)
   defining Unicode char U+0165 (decimal 357)
   defining Unicode char U+016E (decimal 366)
   defining Unicode char U+016F (decimal 367)
   defining Unicode char U+0170 (decimal 368)
   defining Unicode char U+0171 (decimal 369)
   defining Unicode char U+0178 (decimal 376)
   defining Unicode char U+0179 (decimal 377)
   defining Unicode char U+017A (decimal 378)
   defining Unicode char U+017B (decimal 379)
   defining Unicode char U+017C (decimal 380)
   defining Unicode char U+017D (decimal 381)
   defining Unicode char U+017E (decimal 382)
   defining Unicode char U+200C (decimal 8204)
   defining Unicode char U+2013 (decimal 8211)
   defining Unicode char U+2014 (decimal 8212)
   defining Unicode char U+2018 (decimal 8216)
   defining Unicode char U+2019 (decimal 8217)
   defining Unicode char U+201A (decimal 8218)
   defining Unicode char U+201C (decimal 8220)
   defining Unicode char U+201D (decimal 8221)
   defining Unicode char U+201E (decimal 8222)
   defining Unicode char U+2030 (decimal 8240)
   defining Unicode char U+2031 (decimal 8241)
   defining Unicode char U+2039 (decimal 8249)
   defining Unicode char U+203A (decimal 8250)
   defining Unicode char U+2423 (decimal 9251)
)
Now handling font encoding OT1 ...
... processing UTF-8 mapping file for font encoding OT1

(/sw/share/texmf-dist/tex/latex/base/ot1enc.dfu
File: ot1enc.dfu 2004/02/09 v1.1b UTF-8 support for inputenc
   defining Unicode char U+00A1 (decimal 161)
   defining Unicode char U+00A3 (decimal 163)
   defining Unicode char U+00B8 (decimal 184)
   defining Unicode char U+00BF (decimal 191)
   defining Unicode char U+00C5 (decimal 197)
   defining Unicode char U+00C6 (decimal 198)
   defining Unicode char U+00D8 (decimal 216)
   defining Unicode char U+00DF (decimal 223)
   defining Unicode char U+00E6 (decimal 230)
   defining Unicode char U+00EC (decimal 236)
   defining Unicode char U+00ED (decimal 237)
   defining Unicode char U+00EE (decimal 238)
   defining Unicode char U+00EF (decimal 239)
   defining Unicode char U+00F8 (decimal 248)
   defining Unicode char U+0131 (decimal 305)
   defining Unicode char U+0141 (decimal 321)
   defining Unicode char U+0142 (decimal 322)
   defining Unicode char U+0152 (decimal 338)
   defining Unicode char U+0153 (decimal 339)
   defining Unicode char U+2013 (decimal 8211)
   defining Unicode char U+2014 (decimal 8212)
   defining Unicode char U+2018 (decimal 8216)
   defining Unicode char U+2019 (decimal 8217)
   defining Unicode char U+201C (decimal 8220)
   defining Unicode char U+201D (decimal 8221)
)
Now handling font encoding OMS ...
... processing UTF-8 mapping file for font encoding OMS

(/sw/share/texmf-dist/tex/latex/base/omsenc.dfu
File: omsenc.dfu 2004/02/09 v1.1b UTF-8 support for inputenc
   defining Unicode char U+00A7 (decimal 167)
   defining Unicode char U+00B6 (decimal 182)
   defining Unicode char U+02D9 (decimal 729)
   defining Unicode char U+2020 (decimal 8224)
   defining Unicode char U+2021 (decimal 8225)
   defining Unicode char U+2022 (decimal 8226)
)
Now handling font encoding OMX ...
... no UTF-8 mapping file for font encoding OMX
Now handling font encoding U ...
... no UTF-8 mapping file for font encoding U
   defining Unicode char U+00A9 (decimal 169)
   defining Unicode char U+00AA (decimal 170)
   defining Unicode char U+00AE (decimal 174)
   defining Unicode char U+00BA (decimal 186)
   defining Unicode char U+02C6 (decimal 710)
   defining Unicode char U+02CA (decimal 714)
   defining Unicode char U+200C (decimal 8204)
   defining Unicode char U+2026 (decimal 8230)
   defining Unicode char U+2122 (decimal 8482)
   defining Unicode char U+2423 (decimal 9251)
))
(/sw/share/texmf-dist/tex/latex/base/makeidx.sty
Package: makeidx 2000/03/29 v1.0m Standard LaTeX package
)
\@indexfile=\write3
\openout3 = `ModulesForHomalg.idx'.


Writing index file ModulesForHomalg.idx
(/sw/share/texmf-dist/tex/latex/graphics/color.sty
Package: color 1999/02/16 v1.0i Standard LaTeX Color (DPC)

(/sw/share/texmf-dist/tex/latex/graphics/color.cfg
File: color.cfg 2005/02/03 v1.3 color configuration of teTeX/TeXLive
)
Package color Info: Driver file: pdftex.def on input line 125.

(/sw/share/texmf-dist/tex/latex/graphics/pdftex.def
File: pdftex.def 2002/06/19 v0.03k graphics/color for pdftex
\Gread@gobject=\count88
))
(/sw/share/texmf-dist/tex/latex/fancyvrb/fancyvrb.sty
Package: fancyvrb 1998/07/17

Style option: `fancyvrb' v2.6, with DG/SPQR fixes <1998/07/17> (tvz)
(/sw/share/texmf-dist/tex/latex/graphics/keyval.sty
Package: keyval 1999/03/16 v1.13 key=value parser (DPC)
\KV@toks@=\toks15
)
\FV@CodeLineNo=\count89
\FV@InFile=\read1
\FV@TabBox=\box26
\c@FancyVerbLine=\count90
\FV@StepNumber=\count91
\FV@OutFile=\write4

No file fancyvrb.cfg.
) (/sw/share/texmf-dist/tex/latex/pslatex/pslatex.sty
Package: pslatex 1996/07/24 v1.2 pslatex emulation (DPC)
LaTeX Font Info:    Redeclaring symbol font `operators' on input line 65.
LaTeX Font Info:    Overwriting symbol font `operators' in version `normal'
(Font)                  OT1/cmr/m/n --> OT1/ptmcm/m/n on input line 65.
LaTeX Font Info:    Overwriting symbol font `operators' in version `bold'
(Font)                  OT1/cmr/bx/n --> OT1/ptmcm/m/n on input line 65.
LaTeX Font Info:    Redeclaring symbol font `letters' on input line 66.
LaTeX Font Info:    Overwriting symbol font `letters' in version `normal'
(Font)                  OML/cmm/m/it --> OML/ptmcm/m/it on input line 66.
LaTeX Font Info:    Overwriting symbol font `letters' in version `bold'
(Font)                  OML/cmm/b/it --> OML/ptmcm/m/it on input line 66.
LaTeX Font Info:    Redeclaring symbol font `symbols' on input line 67.
LaTeX Font Info:    Overwriting symbol font `symbols' in version `normal'
(Font)                  OMS/cmsy/m/n --> OMS/pzccm/m/n on input line 67.
LaTeX Font Info:    Overwriting symbol font `symbols' in version `bold'
(Font)                  OMS/cmsy/b/n --> OMS/pzccm/m/n on input line 67.
LaTeX Font Info:    Redeclaring symbol font `largesymbols' on input line 68.
LaTeX Font Info:    Overwriting symbol font `largesymbols' in version `normal'
(Font)                  OMX/cmex/m/n --> OMX/psycm/m/n on input line 68.
LaTeX Font Info:    Overwriting symbol font `largesymbols' in version `bold'
(Font)                  OMX/cmex/m/n --> OMX/psycm/m/n on input line 68.
\symbold=\mathgroup6
\symitalic=\mathgroup7
LaTeX Font Info:    Redeclaring math alphabet \mathbf on input line 74.
LaTeX Font Info:    Overwriting math alphabet `\mathbf' in version `normal'
(Font)                  OT1/cmr/bx/n --> OT1/ptm/bx/n on input line 74.
LaTeX Font Info:    Overwriting math alphabet `\mathbf' in version `bold'
(Font)                  OT1/cmr/bx/n --> OT1/ptm/bx/n on input line 74.
LaTeX Font Info:    Redeclaring math alphabet \mathit on input line 75.
LaTeX Font Info:    Overwriting math alphabet `\mathit' in version `normal'
(Font)                  OT1/cmr/m/it --> OT1/ptm/m/it on input line 75.
LaTeX Font Info:    Overwriting math alphabet `\mathit' in version `bold'
(Font)                  OT1/cmr/bx/it --> OT1/ptm/m/it on input line 75.
)
(/sw/share/texmf-dist/tex/latex/hyperref/hyperref.sty
Package: hyperref 2003/11/30 v6.74m Hypertext links for LaTeX
\@linkdim=\dimen103
\Hy@linkcounter=\count92
\Hy@pagecounter=\count93

(/sw/share/texmf-dist/tex/latex/hyperref/pd1enc.def
File: pd1enc.def 2003/11/30 v6.74m Hyperref: PDFDocEncoding definition (HO)
Now handling font encoding PD1 ...
... no UTF-8 mapping file for font encoding PD1
)
(/sw/share/texmf-dist/tex/latex/hyperref/hyperref.cfg
File: hyperref.cfg 2002/06/06 v1.2 hyperref configuration of TeXLive and teTeX
)
Package hyperref Info: Option `bookmarks' set `false' on input line 1830.
Package hyperref Info: Option `colorlinks' set `true' on input line 1830.
Package hyperref Info: Option `breaklinks' set `true' on input line 1830.
Package hyperref Info: Hyper figures OFF on input line 1880.
Package hyperref Info: Link nesting OFF on input line 1885.
Package hyperref Info: Hyper index ON on input line 1888.
Package hyperref Info: Plain pages ON on input line 1893.
Package hyperref Info: Backreferencing ON on input line 1898.

Implicit mode ON; LaTeX internals redefined
Package hyperref Info: Bookmarks OFF on input line 2010.
(/sw/share/texmf-dist/tex/latex/hyperref/backref.sty
Package: backref 2003/03/20 v1.23 Bibliographical back referencing
)
(/sw/share/texmf-dist/tex/latex/url/url.sty
\Urlmuskip=\muskip10
Package: url 2004/03/15  ver 3.1  Verb mode for urls, etc.
)
LaTeX Info: Redefining \url on input line 2143.
\Fld@menulength=\count94
\Field@Width=\dimen104
\Fld@charsize=\dimen105
\Choice@toks=\toks16
\Field@toks=\toks17
Package hyperref Info: Hyper figures OFF on input line 2618.
Package hyperref Info: Link nesting OFF on input line 2623.
Package hyperref Info: Hyper index ON on input line 2626.
Package hyperref Info: backreferencing ON on input line 2631.
Package hyperref Info: Link coloring ON on input line 2636.
\c@Item=\count95
\c@Hfootnote=\count96
)
*hyperref using driver hpdftex*
(/sw/share/texmf-dist/tex/latex/hyperref/hpdftex.def
File: hpdftex.def 2003/11/30 v6.74m Hyperref driver for pdfTeX

(/sw/share/texmf-dist/tex/latex/psnfss/pifont.sty
Package: pifont 2004/09/15 PSNFSS-v9.2 Pi font support (SPQR) 
LaTeX Font Info:    Try loading font information for U+pzd on input line 63.

(/sw/share/texmf-dist/tex/latex/psnfss/upzd.fd
File: upzd.fd 2001/06/04 font definitions for U/pzd.
)
LaTeX Font Info:    Try loading font information for U+psy on input line 64.

(/sw/share/texmf-dist/tex/latex/psnfss/upsy.fd
File: upsy.fd 2001/06/04 font definitions for U/psy.
))
\Fld@listcount=\count97
\@outlinefile=\write5
)
\pagenrlog=\write6
\openout6 = `ModulesForHomalg.pnr'.


(/sw/share/texmf-dist/tex/latex/enumitem/enumitem.sty
Package: enumitem 2004/07/19 v1.0 Customized lists
\labelindent=\skip43
\enit@outerparindent=\dimen106
) (./ModulesForHomalg.aux)
\openout1 = `ModulesForHomalg.aux'.

LaTeX Font Info:    Checking defaults for OML/cmm/m/it on input line 47.
LaTeX Font Info:    ... okay on input line 47.
LaTeX Font Info:    Checking defaults for T1/cmr/m/n on input line 47.
LaTeX Font Info:    ... okay on input line 47.
LaTeX Font Info:    Checking defaults for OT1/cmr/m/n on input line 47.
LaTeX Font Info:    ... okay on input line 47.
LaTeX Font Info:    Checking defaults for OMS/pzccm/m/n on input line 47.
LaTeX Font Info:    Try loading font information for OMS+pzccm on input line 47
.
(/sw/share/texmf-dist/tex/latex/psnfss/omspzccm.fd
File: omspzccm.fd 2000/01/03 Fontinst v1.801 font definitions for OMS/pzccm.
)
LaTeX Font Info:    ... okay on input line 47.
LaTeX Font Info:    Checking defaults for OMX/cmex/m/n on input line 47.
LaTeX Font Info:    ... okay on input line 47.
LaTeX Font Info:    Checking defaults for U/cmr/m/n on input line 47.
LaTeX Font Info:    ... okay on input line 47.
LaTeX Font Info:    Checking defaults for PD1/pdf/m/n on input line 47.
LaTeX Font Info:    ... okay on input line 47.

(/sw/share/texmf-dist/tex/context/base/supp-pdf.tex
(/sw/share/texmf-dist/tex/context/base/supp-mis.tex
loading : Context Support Macros / Miscellaneous (2004.10.26)
\protectiondepth=\count98
\scratchcounter=\count99
\scratchtoks=\toks18
\scratchdimen=\dimen107
\scratchskip=\skip44
\scratchmuskip=\muskip11
\scratchbox=\box27
\scratchread=\read2
\scratchwrite=\write7
\zeropoint=\dimen108
\onepoint=\dimen109
\onebasepoint=\dimen110
\minusone=\count100
\thousandpoint=\dimen111
\onerealpoint=\dimen112
\emptytoks=\toks19
\nextbox=\box28
\nextdepth=\dimen113
\everyline=\toks20
\!!counta=\count101
\!!countb=\count102
\recursecounter=\count103
)
loading : Context Support Macros / PDF (2004.03.26)
\nofMPsegments=\count104
\nofMParguments=\count105
\MPscratchCnt=\count106
\MPscratchDim=\dimen114
\MPnumerator=\count107
\everyMPtoPDFconversion=\toks21
)
Package hyperref Info: Link coloring ON on input line 47.
 (/sw/share/texmf-dist/tex/latex/hyperref/nameref.sty
Package: nameref 2003/12/03 v2.21 Cross-referencing by name of section
\c@section@level=\count108
)
LaTeX Info: Redefining \ref on input line 47.
LaTeX Info: Redefining \pageref on input line 47.
LaTeX Font Info:    Font shape `OT1/ptm/bx/n' in size <24.88> not available
(Font)              Font shape `OT1/ptm/b/n' tried instead on input line 51.
LaTeX Font Info:    Font shape `OT1/phv/bx/n' in size <24.88> not available
(Font)              Font shape `OT1/phv/b/n' tried instead on input line 51.
LaTeX Font Info:    Font shape `OT1/phv/b/n' will be
(Font)              scaled to size 22.39185pt on input line 51.
LaTeX Font Info:    Font shape `OT1/ptm/bx/n' in size <14.4> not available
(Font)              Font shape `OT1/ptm/b/n' tried instead on input line 55.
LaTeX Font Info:    Font shape `OT1/phv/bx/n' in size <14.4> not available
(Font)              Font shape `OT1/phv/b/n' tried instead on input line 55.
LaTeX Font Info:    Font shape `OT1/phv/b/n' will be
(Font)              scaled to size 12.9599pt on input line 55.
LaTeX Font Info:    Font shape `OT1/ptm/bx/n' in size <12> not available
(Font)              Font shape `OT1/ptm/b/n' tried instead on input line 60.


Package hyperref Warning: Token not allowed in a PDFDocEncoded string,
(hyperref)                removing `\\' on input line 65.


Package hyperref Warning: Token not allowed in a PDFDocEncoded string,
(hyperref)                removing `\\' on input line 65.

LaTeX Font Info:    Font shape `OT1/phv/m/n' will be
(Font)              scaled to size 9.85492pt on input line 75.

Underfull \hbox (badness 10000) in paragraph at lines 67--77

 []


Underfull \hbox (badness 10000) in paragraph at lines 67--77

 []


Overfull \hbox (82.98686pt too wide) in paragraph at lines 67--77
[][]\OT1/pcr/m/n/10.95 http://homalg.math.rwth-aachen.de/~barakat/homalg-projec
t/Modules/chap0.html[][] 
 []


Underfull \hbox (badness 10000) in paragraph at lines 67--77

 []


Underfull \hbox (badness 10000) in paragraph at lines 67--77

 []


Overfull \hbox (66.23344pt too wide) in paragraph at lines 67--77
[][]\OT1/pcr/m/n/10.95 http://homalg.math.rwth-aachen.de/index.php/core-package
s/modules-package[][] 
 []

LaTeX Font Info:    Try loading font information for OT1+ptmcm on input line 77
.
(/sw/share/texmf-dist/tex/latex/psnfss/ot1ptmcm.fd
File: ot1ptmcm.fd 2000/01/03 Fontinst v1.801 font definitions for OT1/ptmcm.
)
LaTeX Font Info:    Try loading font information for OML+ptmcm on input line 77
.

(/sw/share/texmf-dist/tex/latex/psnfss/omlptmcm.fd
File: omlptmcm.fd 2000/01/03 Fontinst v1.801 font definitions for OML/ptmcm.
)
LaTeX Font Info:    Try loading font information for OMX+psycm on input line 77
.

(/sw/share/texmf-dist/tex/latex/psnfss/omxpsycm.fd
File: omxpsycm.fd 2000/01/03 Fontinst v1.801 font definitions for OMX/psycm.
)
LaTeX Font Info:    Try loading font information for U+msa on input line 77.

(/sw/share/texmf-dist/tex/latex/amsfonts/umsa.fd
File: umsa.fd 2002/01/19 v2.2g AMS font definitions
)
LaTeX Font Info:    Try loading font information for U+msb on input line 77.

(/sw/share/texmf-dist/tex/latex/amsfonts/umsb.fd
File: umsb.fd 2002/01/19 v2.2g AMS font definitions
)
LaTeX Font Info:    Font shape `OT1/ptm/bx/n' in size <10.95> not available
(Font)              Font shape `OT1/ptm/b/n' tried instead on input line 77.
LaTeX Font Info:    Font shape `OT1/ptm/bx/n' in size <8> not available
(Font)              Font shape `OT1/ptm/b/n' tried instead on input line 77.
LaTeX Font Info:    Font shape `OT1/ptm/bx/n' in size <6> not available
(Font)              Font shape `OT1/ptm/b/n' tried instead on input line 77.
LaTeX Font Info:    Font shape `OT1/ptm/bx/n' in size <10> not available
(Font)              Font shape `OT1/ptm/b/n' tried instead on input line 84.

Underfull \hbox (badness 10000) in paragraph at lines 81--100

 []

[1

{/sw/var/lib/texmf/fonts/map/pdftex/updmap/pdftex.map}]
LaTeX Font Info:    Font shape `OT1/phv/m/sl' will be
(Font)              scaled to size 7.19995pt on input line 100.
 [2]
LaTeX Font Info:    Font shape `OMS/ptm/m/n' in size <10> not available
(Font)              Font shape `OMS/pzccm/m/n' tried instead on input line 106.


Underfull \hbox (badness 10000) in paragraph at lines 108--111

 []


Underfull \hbox (badness 10000) in paragraph at lines 113--114

 []

! pdfTeX warning (ext4): destination with the same identifier (name{page.2}) ha
s been already used, duplicate ignored
<to be read again> 
                   \penalty 
l.114 \newpage
               [2] (./ModulesForHomalg.toc
LaTeX Font Info:    Font shape `OT1/phv/bx/n' in size <10.95> not available
(Font)              Font shape `OT1/phv/b/n' tried instead on input line 12.
LaTeX Font Info:    Font shape `OT1/phv/b/n' will be
(Font)              scaled to size 9.85492pt on input line 12.
LaTeX Font Info:    Try loading font information for OML+pcr on input line 15.

(/sw/share/texmf-dist/tex/latex/psnfss/omlpcr.fd
File: omlpcr.fd 
)
LaTeX Font Info:    Font shape `OML/pcr/m/n' in size <10.95> not available
(Font)              Font shape `OML/cmm/m/it' tried instead on input line 15.
 [3

] [4] [5] [6])
\tf@toc=\write8
\openout8 = `ModulesForHomalg.toc'.

 [7]
Chapter 1.
LaTeX Font Info:    Font shape `OT1/ptm/bx/n' in size <20.74> not available
(Font)              Font shape `OT1/ptm/b/n' tried instead on input line 122.
LaTeX Font Info:    Font shape `OT1/phv/bx/n' in size <12> not available
(Font)              Font shape `OT1/phv/b/n' tried instead on input line 132.
LaTeX Font Info:    Font shape `OT1/phv/b/n' will be
(Font)              scaled to size 10.79993pt on input line 132.
LaTeX Font Info:    Font shape `OMS/ptm/m/n' in size <10.95> not available
(Font)              Font shape `OMS/pzccm/m/n' tried instead on input line 138.

[8

] [9]
Underfull \hbox (badness 10000) in paragraph at lines 253--257

 []


Underfull \hbox (badness 10000) in paragraph at lines 257--260

 []


Underfull \hbox (badness 10000) in paragraph at lines 260--265

 []


Underfull \hbox (badness 10000) in paragraph at lines 265--270

 []

[10] [11]
Chapter 2.

Underfull \hbox (badness 10000) in paragraph at lines 292--297

 []


Underfull \hbox (badness 10000) in paragraph at lines 292--297

 []


Underfull \hbox (badness 10000) in paragraph at lines 298--304

 []


Underfull \hbox (badness 10000) in paragraph at lines 298--304

 []

[12

]
Chapter 3.
LaTeX Font Info:    Font shape `OT1/pcr/bx/n' in size <14.4> not available
(Font)              Font shape `OT1/pcr/b/n' tried instead on input line 326.

LaTeX Font Warning: Font shape `OML/pcr/bx/n' undefined
(Font)              using `OML/pcr/m/it' instead
(Font)              for symbol `textgreater' on input line 326.

LaTeX Font Info:    Font shape `OML/pcr/m/it' in size <14.4> not available
(Font)              Font shape `OML/cmm/m/it' tried instead on input line 326.

Underfull \hbox (badness 10000) in paragraph at lines 330--336

 []


Underfull \hbox (badness 10000) in paragraph at lines 330--336

 []


Underfull \hbox (badness 1454) in paragraph at lines 330--336
\OT1/ptm/m/n/10.95 which will load the pack-age \OT1/phv/m/n/10.95 Ex-am-ples-F
orHomalg \OT1/ptm/m/n/10.95 (if in-stalled) and pro-vide a step by step
 []


Underfull \hbox (badness 10000) in paragraph at lines 347--350

 []

[13

]
Underfull \hbox (badness 1436) in paragraph at lines 351--359
[]\OT1/ptm/m/n/10.95 Here we com-pute the (in-fi-nite) long ex-act ho-mol-ogy s
e-quence of the co-vari-ant func-tor
 []


Underfull \hbox (badness 10000) in paragraph at lines 351--359

 []

[14] [15] [16] [17] [18]
Chapter 4.
[19

]
Chapter 5.
[20

] [21]
Chapter 6.
[22

] [23]
Chapter 7.

Underfull \hbox (badness 10000) in paragraph at lines 1011--1012
[]\OT1/ptm/m/n/10.95 (It is a sub-cat-e-gory of the \OT1/phv/m/n/10.95 GAP \OT1
/ptm/m/n/10.95 cat-e-gories \OT1/pcr/m/n/10.95 IsHomalgRingOrModule \OT1/ptm/m/
n/10.95 and
 []

[24

]
Underfull \hbox (badness 5908) in paragraph at lines 1059--1060
[]\OT1/ptm/m/n/10.95 (It is a rep-re-sen-ta-tion of the \OT1/phv/m/n/10.95 GAP 
\OT1/ptm/m/n/10.95 cat-e-gory \OT1/pcr/m/n/10.95 IsHomalgModule \OT1/ptm/m/n/10
.95 ([][]7.1.1[][]), which is a
 []


Underfull \hbox (badness 1810) in paragraph at lines 1059--1060
\OT1/ptm/m/n/10.95 sub-rep-re-sen-ta-tion of the \OT1/phv/m/n/10.95 GAP \OT1/pt
m/m/n/10.95 rep-re-sen-ta-tions \OT1/pcr/m/n/10.95 IsFinitelyPresentedModuleOrS
ubmoduleRep\OT1/ptm/m/n/10.95 ,
 []


Underfull \hbox (badness 10000) in paragraph at lines 1088--1089
[]\OT1/ptm/m/n/10.95 (It is a rep-re-sen-ta-tion of the \OT1/phv/m/n/10.95 GAP 
\OT1/ptm/m/n/10.95 cat-e-gory \OT1/pcr/m/n/10.95 IsHomalgModule
 []


Underfull \hbox (badness 10000) in paragraph at lines 1088--1089
\OT1/ptm/m/n/10.95 ([][]7.1.1[][]), which is a sub-rep-re-sen-ta-tion of the \O
T1/phv/m/n/10.95 GAP \OT1/ptm/m/n/10.95 rep-re-sen-ta-tions
 []


Underfull \hbox (badness 10000) in paragraph at lines 1088--1089
\OT1/pcr/m/n/10.95 IsFinitelyPresentedModuleOrSubmoduleRep\OT1/ptm/m/n/10.95 , 
\OT1/pcr/m/n/10.95 IsStaticFinitelyPresentedSubobjectRep\OT1/ptm/m/n/10.95 ,
 []

[25] [26] [27]
LaTeX Font Info:    Font shape `OT1/pcr/bx/n' in size <12> not available
(Font)              Font shape `OT1/pcr/b/n' tried instead on input line 1278.
 [28] [29] [30] [31] [32] [33] [34] [35]
Chapter 8.

Underfull \hbox (badness 10000) in paragraph at lines 1943--1944
[]\OT1/ptm/m/n/10.95 (It is a sub-cat-e-gory of the \OT1/phv/m/n/10.95 GAP \OT1
/ptm/m/n/10.95 cat-e-gories \OT1/pcr/m/n/10.95 IsHomalgModuleOrMap \OT1/ptm/m/n
/10.95 and
 []

[36

]
Underfull \hbox (badness 10000) in paragraph at lines 1989--1990
[]\OT1/ptm/m/n/10.95 (It is a rep-re-sen-ta-tion of the \OT1/phv/m/n/10.95 GAP 
\OT1/ptm/m/n/10.95 cat-e-gory \OT1/pcr/m/n/10.95 IsHomalgChainMorphism \OT1/ptm
/m/n/10.95 (\OT1/ptm/b/n/10.95 homalg:
 []


Underfull \hbox (badness 10000) in paragraph at lines 1989--1990
\OT1/ptm/b/n/10.95 IsHoma-l-gChain-Mor-phism\OT1/ptm/m/n/10.95 ), which is a su
b-rep-re-sen-ta-tion of the \OT1/phv/m/n/10.95 GAP \OT1/ptm/m/n/10.95 rep-re-se
n-ta-tion
 []

[37] [38] [39] [40]
Chapter 9.
[41

] [42]
Chapter 10.

Underfull \hbox (badness 10000) in paragraph at lines 2414--2417

 []


Underfull \hbox (badness 10000) in paragraph at lines 2443--2446

 []

[43

]
Underfull \hbox (badness 10000) in paragraph at lines 2503--2506

 []

[44]
Underfull \hbox (badness 10000) in paragraph at lines 2530--2533

 []


Underfull \hbox (badness 10000) in paragraph at lines 2573--2576

 []

[45]
Underfull \hbox (badness 10000) in paragraph at lines 2631--2634

 []

[46]
Underfull \hbox (badness 10000) in paragraph at lines 2681--2684

 []

[47]
Underfull \hbox (badness 10000) in paragraph at lines 2709--2712

 []

[48] [49] [50] [51]
Underfull \hbox (badness 10000) in paragraph at lines 2941--2944

 []


Underfull \hbox (badness 10000) in paragraph at lines 2969--2975

 []


Underfull \hbox (badness 7777) in paragraph at lines 2980--2981
[]\OT1/ptm/m/n/10.95 The sym-bol \OT1/pcr/m/n/10.95 * \OT1/ptm/m/n/10.95 is a s
hort-hand for sev-eral op-er-a-tions as-so-ci-ated with the func-tor
 []

[52] [53] [54]
Underfull \hbox (badness 10000) in paragraph at lines 3127--3130

 []


Underfull \hbox (badness 10000) in paragraph at lines 3145--3148

 []

[55]
Underfull \hbox (badness 10000) in paragraph at lines 3196--3199

 []


Underfull \hbox (badness 10000) in paragraph at lines 3214--3217

 []

[56]
Underfull \hbox (badness 10000) in paragraph at lines 3262--3265

 []


Underfull \hbox (badness 10000) in paragraph at lines 3280--3283

 []

[57] [58] [59]
Underfull \hbox (badness 10000) in paragraph at lines 3418--3421

 []


Underfull \hbox (badness 10000) in paragraph at lines 3425--3426
[]\OT1/ptm/m/n/10.95 Below is the only \OT1/ptm/m/it/10.95 spe-cific \OT1/ptm/m
/n/10.95 line of code used to de-fine
 []


Underfull \hbox (badness 1590) in paragraph at lines 3425--3426
\OT1/pcr/m/n/10.95 Functor[]LTensorProduct[]for[]fp[]modules \OT1/ptm/m/n/10.95
 and all the dif-fer-ent op-er-a-tions \OT1/pcr/m/n/10.95 LTensorProduct
 []


Underfull \hbox (badness 10000) in paragraph at lines 3436--3439

 []

[60] [61] [62]
Underfull \hbox (badness 10000) in paragraph at lines 3574--3577

 []


Underfull \hbox (badness 10000) in paragraph at lines 3592--3595

 []

[63]
Chapter 11.
[64

] [65] [66]
Chapter 12.
[67

] [68] [69] [70] [71] [72] [73]
Appendix A.

Underfull \hbox (badness 1924) in paragraph at lines 4231--4232
\OT1/ptm/m/n/10.95 As fi-nite di-men-sional con-struc-tions in lin-ear al-ge-br
a over a field $\OML/ptmcm/m/it/10.95 k$ \OT1/ptm/m/n/10.95 boil down to solv-i
ng
 []

[74

]
Appendix B.
[75

]
Appendix C.
LaTeX Font Info:    Font shape `OT1/phv/m/it' in size <10.95> not available
(Font)              Font shape `OT1/phv/m/sl' tried instead on input line 4296.

LaTeX Font Info:    Font shape `OT1/phv/m/sl' will be
(Font)              scaled to size 9.85492pt on input line 4296.
[76

] [77] (./ModulesForHomalg.bbl (./ModulesForHomalg.brf)
\tf@brf=\write9
\openout9 = `ModulesForHomalg.brf'.

 [78])
(./ModulesForHomalg.ind [79

]
Underfull \hbox (badness 10000) in paragraph at lines 24--26
[]\OT1/pcr/m/n/10.95 Coefficients\OT1/ptm/m/n/10.95 -\OT1/pcr/m/n/10.95 Of\OT1/
ptm/m/n/10.95 -\OT1/pcr/m/n/10.95 Numerator\OT1/ptm/m/n/10.95 -\OT1/pcr/m/n/10.
95 Of\OT1/ptm/m/n/10.95 -\OT1/pcr/m/n/10.95 Hilbert\OT1/ptm/m/n/10.95 -
 []


Underfull \hbox (badness 10000) in paragraph at lines 26--28
[]\OT1/pcr/m/n/10.95 Coefficients\OT1/ptm/m/n/10.95 -\OT1/pcr/m/n/10.95 Of\OT1/
ptm/m/n/10.95 -\OT1/pcr/m/n/10.95 Unreduced\OT1/ptm/m/n/10.95 -\OT1/pcr/m/n/10.
95 Numerator\OT1/ptm/m/n/10.95 -\OT1/pcr/m/n/10.95 Of\OT1/ptm/m/n/10.95 -
 []


Underfull \hbox (badness 10000) in paragraph at lines 96--98
[]\OT1/pcr/m/n/10.95 IsElement\OT1/ptm/m/n/10.95 -\OT1/pcr/m/n/10.95 Of\OT1/ptm
/m/n/10.95 -\OT1/pcr/m/n/10.95 A\OT1/ptm/m/n/10.95 -\OT1/pcr/m/n/10.95 Module\O
T1/ptm/m/n/10.95 -\OT1/pcr/m/n/10.95 Given\OT1/ptm/m/n/10.95 -\OT1/pcr/m/n/10.9
5 By\OT1/ptm/m/n/10.95 -\OT1/pcr/m/n/10.95 A\OT1/ptm/m/n/10.95 -\OT1/pcr/m/n/10
.95 MorphismRep\OT1/ptm/m/n/10.95 ,
 []


Underfull \hbox (badness 10000) in paragraph at lines 101--103
[]\OT1/pcr/m/n/10.95 IsFinitely\OT1/ptm/m/n/10.95 -\OT1/pcr/m/n/10.95 Presented
\OT1/ptm/m/n/10.95 -\OT1/pcr/m/n/10.95 Module\OT1/ptm/m/n/10.95 -\OT1/pcr/m/n/1
0.95 Or\OT1/ptm/m/n/10.95 -
 []

[80

]
Underfull \hbox (badness 10000) in paragraph at lines 105--107
[]\OT1/pcr/m/n/10.95 IsGenerators\OT1/ptm/m/n/10.95 -\OT1/pcr/m/n/10.95 Of\OT1/
ptm/m/n/10.95 -\OT1/pcr/m/n/10.95 Finitely\OT1/ptm/m/n/10.95 -\OT1/pcr/m/n/10.9
5 Generated\OT1/ptm/m/n/10.95 -
 []


Underfull \hbox (badness 10000) in paragraph at lines 123--125
[]\OT1/pcr/m/n/10.95 IsRelations\OT1/ptm/m/n/10.95 -\OT1/pcr/m/n/10.95 Of\OT1/p
tm/m/n/10.95 -\OT1/pcr/m/n/10.95 Finitely\OT1/ptm/m/n/10.95 -\OT1/pcr/m/n/10.95
 Presented\OT1/ptm/m/n/10.95 -
 []


Underfull \hbox (badness 10000) in paragraph at lines 139--141
[]\OT1/pcr/m/n/10.95 Largest\OT1/ptm/m/n/10.95 -\OT1/pcr/m/n/10.95 Minimal\OT1/
ptm/m/n/10.95 -\OT1/pcr/m/n/10.95 Number\OT1/ptm/m/n/10.95 -\OT1/pcr/m/n/10.95 
Of\OT1/ptm/m/n/10.95 -\OT1/pcr/m/n/10.95 Local\OT1/ptm/m/n/10.95 -\OT1/pcr/m/n/
10.95 Generators\OT1/ptm/m/n/10.95 ,
 []


Underfull \hbox (badness 10000) in paragraph at lines 184--186
[]\OT1/pcr/m/n/10.95 Unreduced\OT1/ptm/m/n/10.95 -\OT1/pcr/m/n/10.95 Numerator\
OT1/ptm/m/n/10.95 -\OT1/pcr/m/n/10.95 Of\OT1/ptm/m/n/10.95 -\OT1/pcr/m/n/10.95 
Hilbert\OT1/ptm/m/n/10.95 -\OT1/pcr/m/n/10.95 Poincare\OT1/ptm/m/n/10.95 -
 []

[81]) (./ModulesForHomalg.aux)

LaTeX Font Warning: Some font shapes were not available, defaults substituted.

 ) 
Here is how much of TeX's memory you used:
 4498 strings out of 94500
 62531 string characters out of 1176115
 116009 words of memory out of 1500000
 7114 multiletter control sequences out of 10000+50000
 60202 words of font info for 115 fonts, out of 1200000 for 2000
 580 hyphenation exceptions out of 8191
 27i,8n,34p,988b,482s stack positions out of 5000i,500n,6000p,200000b,5000s
PDF statistics:
 1080 PDF objects out of 65536
 445 named destinations out of 20000
 17 words of extra memory for PDF output out of 65536
{/sw/share/texmf-dist/fonts/enc/dvips/psnfss/8r.enc}</sw/share/texmf-dist/fon
ts/type1/urw/courier/ucrro8a.pfb></sw/share/texmf-dist/fonts/type1/bluesky/symb
ols/msam10.pfb></sw/share/texmf-dist/fonts/type1/urw/symbol/usyr.pfb></sw/share
/texmf-dist/fonts/type1/bluesky/cm/cmmi12.pfb></sw/share/texmf-dist/fonts/type1
/urw/courier/ucrb8a.pfb></sw/share/texmf-dist/fonts/type1/bluesky/cm/cmr10.pfb>
</sw/share/texmf-dist/fonts/type1/bluesky/cm/cmmi10.pfb></sw/share/texmf-dist/f
onts/type1/bluesky/symbols/msbm10.pfb></sw/share/texmf-dist/fonts/type1/bluesky
/cm/cmsy10.pfb></sw/share/texmf-dist/fonts/type1/urw/helvetic/uhvro8a.pfb></sw/
share/texmf-dist/fonts/type1/urw/helvetic/uhvr8a.pfb></sw/share/texmf-dist/font
s/type1/urw/courier/ucrr8a.pfb></sw/share/texmf-dist/fonts/type1/urw/times/utmr
i8a.pfb></sw/share/texmf-dist/fonts/type1/urw/times/utmr8a.pfb></sw/share/texmf
-dist/fonts/type1/urw/times/utmb8a.pfb></sw/share/texmf-dist/fonts/type1/urw/he
lvetic/uhvb8a.pfb>
Output written on ModulesForHomalg.pdf (82 pages, 433092 bytes).
