\BOOKMARK [0][-]{chapter.1}{Introduction}{}
\BOOKMARK [1][-]{section.1.1}{Philosophy}{chapter.1}
\BOOKMARK [1][-]{section.1.2}{Overview over this manual}{chapter.1}
\BOOKMARK [0][-]{chapter.2}{Installation of the cvec-Package}{}
\BOOKMARK [0][-]{chapter.3}{The Data Structures}{}
\BOOKMARK [1][-]{section.3.1}{Finite field elements}{chapter.3}
\BOOKMARK [1][-]{section.3.2}{Compressed Vectors in Memory}{chapter.3}
\BOOKMARK [1][-]{section.3.3}{Compressed Matrices}{chapter.3}
\BOOKMARK [1][-]{section.3.4}{External Representation of Matrices on Storage}{chapter.3}
\BOOKMARK [0][-]{chapter.4}{Vectors}{}
\BOOKMARK [1][-]{section.4.1}{Creation}{chapter.4}
\BOOKMARK [1][-]{section.4.2}{Arithmetic}{chapter.4}
\BOOKMARK [1][-]{section.4.3}{Element access and slicing}{chapter.4}
\BOOKMARK [1][-]{section.4.4}{Comparison of Vectors and other information}{chapter.4}
\BOOKMARK [1][-]{section.4.5}{Changing representation, Unpacking}{chapter.4}
\BOOKMARK [1][-]{section.4.6}{Access to the base field}{chapter.4}
\BOOKMARK [1][-]{section.4.7}{Hashing techniques for cvecs}{chapter.4}
\BOOKMARK [0][-]{chapter.5}{Matrices}{}
\BOOKMARK [1][-]{section.5.1}{Creation}{chapter.5}
\BOOKMARK [1][-]{section.5.2}{Matrices as lists}{chapter.5}
\BOOKMARK [1][-]{section.5.3}{Arithmetic}{chapter.5}
\BOOKMARK [1][-]{section.5.4}{Comparison of matrices and other information}{chapter.5}
\BOOKMARK [1][-]{section.5.5}{Slicing and submatrices}{chapter.5}
\BOOKMARK [1][-]{section.5.6}{Information about matrices}{chapter.5}
\BOOKMARK [1][-]{section.5.7}{Input and output}{chapter.5}
\BOOKMARK [1][-]{section.5.8}{Grease}{chapter.5}
\BOOKMARK [1][-]{section.5.9}{Everything else}{chapter.5}
\BOOKMARK [0][-]{chapter.6}{Linear Algebra routines}{}
\BOOKMARK [1][-]{section.6.1}{Semi echelonised bases and cleaning}{chapter.6}
\BOOKMARK [1][-]{section.6.2}{Characteristic and minimal polynomial}{chapter.6}
\BOOKMARK [0][-]{chapter.7}{Performance}{}
\BOOKMARK [0][-]{chapter.8}{Cooperation with the GAP library}{}
\BOOKMARK [0][-]{chapter.9}{Examples}{}
\BOOKMARK [0][-]{chapter*.3}{References}{}
\BOOKMARK [0][-]{section*.4}{Index}{}
