This file contains any messages produced by compilers while
running configure, to aid debugging if configure makes a mistake.

It was created by semigroups configure 3.0.7, which was
generated by GNU Autoconf 2.69.  Invocation command line was

  $ ./configure --with-gaproot=/Users/jdm/gap

## --------- ##
## Platform. ##
## --------- ##

hostname = MacBook-Pro.local
uname -m = x86_64
uname -r = 16.6.0
uname -s = Darwin
uname -v = Darwin Kernel Version 16.6.0: Fri Apr 14 16:21:16 PDT 2017; root:xnu-3789.60.24~6/RELEASE_X86_64

/usr/bin/uname -p = i386
/bin/uname -X     = unknown

/bin/arch              = unknown
/usr/bin/arch -k       = unknown
/usr/convex/getsysinfo = unknown
/usr/bin/hostinfo      = Mach kernel version:
	 Darwin Kernel Version 16.6.0: Fri Apr 14 16:21:16 PDT 2017; root:xnu-3789.60.24~6/RELEASE_X86_64
Kernel configured for up to 4 processors.
2 processors are physically available.
4 processors are logically available.
Processor type: x86_64h (Intel x86-64h Haswell)
Processors active: 0 1 2 3
Primary memory available: 16.00 gigabytes
Default processor set: 346 tasks, 1386 threads, 4 processors
Load average: 2.30, Mach factor: 1.74
/bin/machine           = unknown
/usr/bin/oslevel       = unknown
/bin/universe          = unknown

PATH: /Users/jdm/anaconda/bin
PATH: /usr/local/sbin
PATH: /usr/local/include
PATH: .
PATH: /usr/local/bin
PATH: /usr/bin
PATH: /bin
PATH: /usr/sbin
PATH: /sbin
PATH: /opt/X11/bin
PATH: /usr/local/git/bin
PATH: /Library/TeX/texbin
PATH: /usr/local/Cellar/ctags
PATH: ~/bin
PATH: ~/bin/gaplint
PATH: ~/bin/gap-profile
PATH: /Users/jdm/Library/Python/2.7/bin
PATH: ~/bin/gap-scripts
PATH: ~/bin/ReleaseTools
PATH: ~/gaplint


## ----------- ##
## Core tests. ##
## ----------- ##

configure:2540: checking build system type
configure:2554: result: x86_64-apple-darwin16.6.0
configure:2574: checking host system type
configure:2587: result: x86_64-apple-darwin16.6.0
configure:2624: checking for a BSD-compatible install
configure:2692: result: /usr/bin/install -c
configure:2703: checking whether build environment is sane
configure:2758: result: yes
configure:2909: checking for a thread-safe mkdir -p
configure:2948: result: cnf/install-sh -c -d
configure:2955: checking for gawk
configure:2985: result: no
configure:2955: checking for mawk
configure:2985: result: no
configure:2955: checking for nawk
configure:2985: result: no
configure:2955: checking for awk
configure:2971: found /usr/bin/awk
configure:2982: result: awk
configure:2993: checking whether make sets $(MAKE)
configure:3015: result: yes
configure:3044: checking whether make supports nested variables
configure:3061: result: yes
configure:3198: checking whether make supports nested variables
configure:3215: result: yes
configure:3238: checking for style of include used by make
configure:3266: result: GNU
configure:3337: checking for gcc
configure:3353: found /usr/bin/gcc
configure:3364: result: gcc
configure:3593: checking for C compiler version
configure:3602: gcc --version >&5
Apple LLVM version 8.1.0 (clang-802.0.42)
Target: x86_64-apple-darwin16.6.0
Thread model: posix
InstalledDir: /Applications/Xcode.app/Contents/Developer/Toolchains/XcodeDefault.xctoolchain/usr/bin
Configured with: --prefix=/Applications/Xcode.app/Contents/Developer/usr --with-gxx-include-dir=/usr/include/c++/4.2.1
configure:3613: $? = 0
configure:3602: gcc -v >&5
Configured with: --prefix=/Applications/Xcode.app/Contents/Developer/usr --with-gxx-include-dir=/usr/include/c++/4.2.1
Apple LLVM version 8.1.0 (clang-802.0.42)
Target: x86_64-apple-darwin16.6.0
Thread model: posix
InstalledDir: /Applications/Xcode.app/Contents/Developer/Toolchains/XcodeDefault.xctoolchain/usr/bin
configure:3613: $? = 0
configure:3602: gcc -V >&5
clang: error: argument to '-V' is missing (expected 1 value)
clang: error: no input files
configure:3613: $? = 1
configure:3602: gcc -qversion >&5
clang: error: unknown argument: '-qversion'
clang: error: no input files
configure:3613: $? = 1
configure:3633: checking whether the C compiler works
configure:3655: gcc    conftest.c  >&5
configure:3659: $? = 0
configure:3707: result: yes
configure:3710: checking for C compiler default output file name
configure:3712: result: a.out
configure:3718: checking for suffix of executables
configure:3725: gcc -o conftest    conftest.c  >&5
configure:3729: $? = 0
configure:3751: result: 
configure:3773: checking whether we are cross compiling
configure:3781: gcc -o conftest    conftest.c  >&5
configure:3785: $? = 0
configure:3792: ./conftest
configure:3796: $? = 0
configure:3811: result: no
configure:3816: checking for suffix of object files
configure:3838: gcc -c   conftest.c >&5
configure:3842: $? = 0
configure:3863: result: o
configure:3867: checking whether we are using the GNU C compiler
configure:3886: gcc -c   conftest.c >&5
configure:3886: $? = 0
configure:3895: result: yes
configure:3904: checking whether gcc accepts -g
configure:3924: gcc -c -g  conftest.c >&5
configure:3924: $? = 0
configure:3965: result: yes
configure:3982: checking for gcc option to accept ISO C89
configure:4045: gcc  -c -g -O2  conftest.c >&5
configure:4045: $? = 0
configure:4058: result: none needed
configure:4083: checking whether gcc understands -c and -o together
configure:4105: gcc -c conftest.c -o conftest2.o
configure:4108: $? = 0
configure:4105: gcc -c conftest.c -o conftest2.o
configure:4108: $? = 0
configure:4120: result: yes
configure:4139: checking dependency style of gcc
configure:4250: result: gcc3
configure:4315: checking for ar
configure:4331: found /usr/bin/ar
configure:4342: result: ar
configure:4368: checking the archiver (ar) interface
configure:4384: gcc -c -g -O2  conftest.c >&5
configure:4384: $? = 0
configure:4386: ar cru libconftest.a conftest.o >&5
configure:4389: $? = 0
configure:4417: result: ar
configure:4500: checking for g++
configure:4516: found /usr/bin/g++
configure:4527: result: g++
configure:4554: checking for C++ compiler version
configure:4563: g++ --version >&5
Apple LLVM version 8.1.0 (clang-802.0.42)
Target: x86_64-apple-darwin16.6.0
Thread model: posix
InstalledDir: /Applications/Xcode.app/Contents/Developer/Toolchains/XcodeDefault.xctoolchain/usr/bin
Configured with: --prefix=/Applications/Xcode.app/Contents/Developer/usr --with-gxx-include-dir=/usr/include/c++/4.2.1
configure:4574: $? = 0
configure:4563: g++ -v >&5
Configured with: --prefix=/Applications/Xcode.app/Contents/Developer/usr --with-gxx-include-dir=/usr/include/c++/4.2.1
Apple LLVM version 8.1.0 (clang-802.0.42)
Target: x86_64-apple-darwin16.6.0
Thread model: posix
InstalledDir: /Applications/Xcode.app/Contents/Developer/Toolchains/XcodeDefault.xctoolchain/usr/bin
configure:4574: $? = 0
configure:4563: g++ -V >&5
clang: error: argument to '-V' is missing (expected 1 value)
clang: error: no input files
configure:4574: $? = 1
configure:4563: g++ -qversion >&5
clang: error: unknown argument: '-qversion'
clang: error: no input files
configure:4574: $? = 1
configure:4578: checking whether we are using the GNU C++ compiler
configure:4597: g++ -c   conftest.cpp >&5
configure:4597: $? = 0
configure:4606: result: yes
configure:4615: checking whether g++ accepts -g
configure:4635: g++ -c -g  conftest.cpp >&5
configure:4635: $? = 0
configure:4676: result: yes
configure:4701: checking dependency style of g++
configure:4812: result: gcc3
configure:4881: checking how to print strings
configure:4908: result: printf
configure:4929: checking for a sed that does not truncate output
configure:4993: result: /usr/bin/sed
configure:5011: checking for grep that handles long lines and -e
configure:5069: result: /usr/bin/grep
configure:5074: checking for egrep
configure:5136: result: /usr/bin/grep -E
configure:5141: checking for fgrep
configure:5203: result: /usr/bin/grep -F
configure:5238: checking for ld used by gcc
configure:5305: result: /Applications/Xcode.app/Contents/Developer/Toolchains/XcodeDefault.xctoolchain/usr/bin/ld
configure:5312: checking if the linker (/Applications/Xcode.app/Contents/Developer/Toolchains/XcodeDefault.xctoolchain/usr/bin/ld) is GNU ld
configure:5327: result: no
configure:5339: checking for BSD- or MS-compatible name lister (nm)
configure:5393: result: /usr/bin/nm -B
configure:5523: checking the name lister (/usr/bin/nm -B) interface
configure:5530: g++ -c -g -O2  conftest.cpp >&5
configure:5533: /usr/bin/nm -B "conftest.o"
configure:5536: output
0000000000000204 S _some_variable
configure:5543: result: BSD nm
configure:5546: checking whether ln -s works
configure:5550: result: yes
configure:5558: checking the maximum length of command line arguments
configure:5689: result: 196608
configure:5737: checking how to convert x86_64-apple-darwin16.6.0 file names to x86_64-apple-darwin16.6.0 format
configure:5777: result: func_convert_file_noop
configure:5784: checking how to convert x86_64-apple-darwin16.6.0 file names to toolchain format
configure:5804: result: func_convert_file_noop
configure:5811: checking for /Applications/Xcode.app/Contents/Developer/Toolchains/XcodeDefault.xctoolchain/usr/bin/ld option to reload object files
configure:5818: result: -r
configure:5892: checking for objdump
configure:5908: found /usr/bin/objdump
configure:5919: result: objdump
configure:5948: checking how to recognize dependent libraries
configure:6148: result: pass_all
configure:6233: checking for dlltool
configure:6263: result: no
configure:6290: checking how to associate runtime and link libraries
configure:6317: result: printf %s\n
configure:6442: checking for archiver @FILE support
configure:6459: g++ -c -g -O2  conftest.cpp >&5
configure:6459: $? = 0
configure:6462: ar cru libconftest.a @conftest.lst >&5
ar: @conftest.lst: No such file or directory
configure:6465: $? = 1
configure:6485: result: no
configure:6543: checking for strip
configure:6559: found /usr/bin/strip
configure:6570: result: strip
configure:6642: checking for ranlib
configure:6658: found /usr/bin/ranlib
configure:6669: result: ranlib
configure:6771: checking command to parse /usr/bin/nm -B output from gcc object
configure:6924: g++ -c -g -O2  conftest.cpp >&5
configure:6927: $? = 0
configure:6931: /usr/bin/nm -B conftest.o \| sed -n -e 's/^.*[ ]\([BCDEGRST][BCDEGRST]*\)[ ][ ]*\([_A-Za-z][_A-Za-z0-9]*\)$/\1 \2 \2/p' | sed '/ __gnu_lto/d' \> conftest.nm
configure:6934: $? = 0
cannot find nm_test_var in conftest.nm
configure:6924: g++ -c -g -O2  conftest.cpp >&5
configure:6927: $? = 0
configure:6931: /usr/bin/nm -B conftest.o \| sed -n -e 's/^.*[ ]\([BCDEGRST][BCDEGRST]*\)[ ][ ]*_\([_A-Za-z][_A-Za-z0-9]*\)$/\1 _\2 \2/p' | sed '/ __gnu_lto/d' \> conftest.nm
configure:6934: $? = 0
configure:7000: g++ -o conftest -g -O2   conftest.cpp conftstm.o >&5
configure:7003: $? = 0
configure:7041: result: ok
configure:7088: checking for sysroot
configure:7118: result: no
configure:7125: checking for a working dd
configure:7163: result: /bin/dd
configure:7167: checking how to truncate binary pipes
configure:7182: result: /bin/dd bs=4096 count=1
configure:7511: checking for mt
configure:7541: result: no
configure:7561: checking if : is a manifest tool
configure:7567: : '-?'
configure:7575: result: no
configure:7631: checking for dsymutil
configure:7647: found /usr/bin/dsymutil
configure:7658: result: dsymutil
configure:7723: checking for nmedit
configure:7739: found /usr/bin/nmedit
configure:7750: result: nmedit
configure:7815: checking for lipo
configure:7831: found /usr/bin/lipo
configure:7842: result: lipo
configure:7907: checking for otool
configure:7923: found /usr/bin/otool
configure:7934: result: otool
configure:7999: checking for otool64
configure:8029: result: no
configure:8074: checking for -single_module linker flag
gcc -g -O2  -o libconftest.dylib -dynamiclib -Wl,-single_module conftest.c
configure:8107: result: yes
configure:8110: checking for -exported_symbols_list linker flag
configure:8130: g++ -o conftest -g -O2   -Wl,-exported_symbols_list,conftest.sym conftest.cpp  >&5
configure:8130: $? = 0
configure:8140: result: yes
configure:8143: checking for -force_load linker flag
gcc -g -O2 -c -o conftest.o conftest.c
ar cru libconftest.a conftest.o
ranlib libconftest.a
gcc -g -O2  -o conftest conftest.c -Wl,-force_load,./libconftest.a
configure:8175: result: yes
configure:8252: checking how to run the C preprocessor
configure:8283: gcc -E  conftest.c
configure:8283: $? = 0
configure:8297: gcc -E  conftest.c
conftest.c:11:10: fatal error: 'ac_nonexistent.h' file not found
#include <ac_nonexistent.h>
         ^
1 error generated.
configure:8297: $? = 1
configure: failed program was:
| /* confdefs.h */
| #define PACKAGE_NAME "semigroups"
| #define PACKAGE_TARNAME "semigroups"
| #define PACKAGE_VERSION "3.0.7"
| #define PACKAGE_STRING "semigroups 3.0.7"
| #define PACKAGE_BUGREPORT ""
| #define PACKAGE_URL ""
| #define PACKAGE "semigroups"
| #define VERSION "3.0.7"
| /* end confdefs.h.  */
| #include <ac_nonexistent.h>
configure:8322: result: gcc -E
configure:8342: gcc -E  conftest.c
configure:8342: $? = 0
configure:8356: gcc -E  conftest.c
conftest.c:11:10: fatal error: 'ac_nonexistent.h' file not found
#include <ac_nonexistent.h>
         ^
1 error generated.
configure:8356: $? = 1
configure: failed program was:
| /* confdefs.h */
| #define PACKAGE_NAME "semigroups"
| #define PACKAGE_TARNAME "semigroups"
| #define PACKAGE_VERSION "3.0.7"
| #define PACKAGE_STRING "semigroups 3.0.7"
| #define PACKAGE_BUGREPORT ""
| #define PACKAGE_URL ""
| #define PACKAGE "semigroups"
| #define VERSION "3.0.7"
| /* end confdefs.h.  */
| #include <ac_nonexistent.h>
configure:8385: checking for ANSI C header files
configure:8405: gcc -c -g -O2  conftest.c >&5
configure:8405: $? = 0
configure:8478: gcc -o conftest -g -O2   conftest.c  >&5
configure:8478: $? = 0
configure:8478: ./conftest
configure:8478: $? = 0
configure:8489: result: yes
configure:8502: checking for sys/types.h
configure:8502: gcc -c -g -O2  conftest.c >&5
configure:8502: $? = 0
configure:8502: result: yes
configure:8502: checking for sys/stat.h
configure:8502: gcc -c -g -O2  conftest.c >&5
configure:8502: $? = 0
configure:8502: result: yes
configure:8502: checking for stdlib.h
configure:8502: gcc -c -g -O2  conftest.c >&5
configure:8502: $? = 0
configure:8502: result: yes
configure:8502: checking for string.h
configure:8502: gcc -c -g -O2  conftest.c >&5
configure:8502: $? = 0
configure:8502: result: yes
configure:8502: checking for memory.h
configure:8502: gcc -c -g -O2  conftest.c >&5
configure:8502: $? = 0
configure:8502: result: yes
configure:8502: checking for strings.h
configure:8502: gcc -c -g -O2  conftest.c >&5
configure:8502: $? = 0
configure:8502: result: yes
configure:8502: checking for inttypes.h
configure:8502: gcc -c -g -O2  conftest.c >&5
configure:8502: $? = 0
configure:8502: result: yes
configure:8502: checking for stdint.h
configure:8502: gcc -c -g -O2  conftest.c >&5
configure:8502: $? = 0
configure:8502: result: yes
configure:8502: checking for unistd.h
configure:8502: gcc -c -g -O2  conftest.c >&5
configure:8502: $? = 0
configure:8502: result: yes
configure:8516: checking for dlfcn.h
configure:8516: gcc -c -g -O2  conftest.c >&5
configure:8516: $? = 0
configure:8516: result: yes
configure:9078: checking for objdir
configure:9093: result: .libs
configure:9357: checking if gcc supports -fno-rtti -fno-exceptions
configure:9375: gcc -c -g -O2  -fno-rtti -fno-exceptions conftest.c >&5
configure:9379: $? = 0
configure:9392: result: yes
configure:9750: checking for gcc option to produce PIC
configure:9757: result: -fno-common -DPIC
configure:9765: checking if gcc PIC flag -fno-common -DPIC works
configure:9783: gcc -c -g -O2  -fno-common -DPIC -DPIC conftest.c >&5
configure:9787: $? = 0
configure:9800: result: yes
configure:9829: checking if gcc static flag -static works
configure:9857: result: no
configure:9872: checking if gcc supports -c -o file.o
configure:9893: gcc -c -g -O2  -o out/conftest2.o conftest.c >&5
configure:9897: $? = 0
configure:9919: result: yes
configure:9927: checking if gcc supports -c -o file.o
configure:9974: result: yes
configure:10007: checking whether the gcc linker (/Applications/Xcode.app/Contents/Developer/Toolchains/XcodeDefault.xctoolchain/usr/bin/ld) supports shared libraries
configure:11266: result: yes
configure:11506: checking dynamic linker characteristics
configure:12324: result: darwin16.6.0 dyld
configure:12446: checking how to hardcode library paths into programs
configure:12471: result: immediate
configure:12516: checking for dlopen in -ldl
configure:12541: gcc -o conftest -g -O2   conftest.c -ldl   >&5
configure:12541: $? = 0
configure:12550: result: yes
configure:12773: checking whether a program can dlopen itself
configure:12853: gcc -o conftest -g -O2  -DHAVE_DLFCN_H   conftest.c -ldl  >&5
configure:12856: $? = 0
configure:12874: result: yes
configure:12879: checking whether a statically linked program can dlopen itself
configure:12959: gcc -o conftest -g -O2  -DHAVE_DLFCN_H    conftest.c -ldl  >&5
configure:12962: $? = 0
configure:12980: result: yes
configure:13019: checking whether stripping libraries is possible
configure:13033: result: yes
configure:13059: checking if libtool supports shared libraries
configure:13061: result: yes
configure:13064: checking whether to build shared libraries
configure:13089: result: yes
configure:13092: checking whether to build static libraries
configure:13096: result: no
configure:13119: checking how to run the C++ preprocessor
configure:13146: g++ -E  conftest.cpp
configure:13146: $? = 0
configure:13160: g++ -E  conftest.cpp
conftest.cpp:23:10: fatal error: 'ac_nonexistent.h' file not found
#include <ac_nonexistent.h>
         ^
1 error generated.
configure:13160: $? = 1
configure: failed program was:
| /* confdefs.h */
| #define PACKAGE_NAME "semigroups"
| #define PACKAGE_TARNAME "semigroups"
| #define PACKAGE_VERSION "3.0.7"
| #define PACKAGE_STRING "semigroups 3.0.7"
| #define PACKAGE_BUGREPORT ""
| #define PACKAGE_URL ""
| #define PACKAGE "semigroups"
| #define VERSION "3.0.7"
| #define STDC_HEADERS 1
| #define HAVE_SYS_TYPES_H 1
| #define HAVE_SYS_STAT_H 1
| #define HAVE_STDLIB_H 1
| #define HAVE_STRING_H 1
| #define HAVE_MEMORY_H 1
| #define HAVE_STRINGS_H 1
| #define HAVE_INTTYPES_H 1
| #define HAVE_STDINT_H 1
| #define HAVE_UNISTD_H 1
| #define HAVE_DLFCN_H 1
| #define LT_OBJDIR ".libs/"
| /* end confdefs.h.  */
| #include <ac_nonexistent.h>
configure:13185: result: g++ -E
configure:13205: g++ -E  conftest.cpp
configure:13205: $? = 0
configure:13219: g++ -E  conftest.cpp
conftest.cpp:23:10: fatal error: 'ac_nonexistent.h' file not found
#include <ac_nonexistent.h>
         ^
1 error generated.
configure:13219: $? = 1
configure: failed program was:
| /* confdefs.h */
| #define PACKAGE_NAME "semigroups"
| #define PACKAGE_TARNAME "semigroups"
| #define PACKAGE_VERSION "3.0.7"
| #define PACKAGE_STRING "semigroups 3.0.7"
| #define PACKAGE_BUGREPORT ""
| #define PACKAGE_URL ""
| #define PACKAGE "semigroups"
| #define VERSION "3.0.7"
| #define STDC_HEADERS 1
| #define HAVE_SYS_TYPES_H 1
| #define HAVE_SYS_STAT_H 1
| #define HAVE_STDLIB_H 1
| #define HAVE_STRING_H 1
| #define HAVE_MEMORY_H 1
| #define HAVE_STRINGS_H 1
| #define HAVE_INTTYPES_H 1
| #define HAVE_STDINT_H 1
| #define HAVE_UNISTD_H 1
| #define HAVE_DLFCN_H 1
| #define LT_OBJDIR ".libs/"
| /* end confdefs.h.  */
| #include <ac_nonexistent.h>
configure:13381: checking for ld used by g++
configure:13448: result: /Applications/Xcode.app/Contents/Developer/Toolchains/XcodeDefault.xctoolchain/usr/bin/ld
configure:13455: checking if the linker (/Applications/Xcode.app/Contents/Developer/Toolchains/XcodeDefault.xctoolchain/usr/bin/ld) is GNU ld
configure:13470: result: no
configure:13525: checking whether the g++ linker (/Applications/Xcode.app/Contents/Developer/Toolchains/XcodeDefault.xctoolchain/usr/bin/ld) supports shared libraries
configure:14598: result: yes
configure:14634: g++ -c -g -O2  conftest.cpp >&5
configure:14637: $? = 0
configure:15118: checking for g++ option to produce PIC
configure:15125: result: -fno-common -DPIC
configure:15133: checking if g++ PIC flag -fno-common -DPIC works
configure:15151: g++ -c -g -O2  -fno-common -DPIC -DPIC conftest.cpp >&5
configure:15155: $? = 0
configure:15168: result: yes
configure:15191: checking if g++ static flag -static works
configure:15219: result: no
configure:15231: checking if g++ supports -c -o file.o
configure:15252: g++ -c -g -O2  -o out/conftest2.o conftest.cpp >&5
configure:15256: $? = 0
configure:15278: result: yes
configure:15283: checking if g++ supports -c -o file.o
configure:15330: result: yes
configure:15360: checking whether the g++ linker (/Applications/Xcode.app/Contents/Developer/Toolchains/XcodeDefault.xctoolchain/usr/bin/ld) supports shared libraries
configure:15400: result: yes
configure:15541: checking dynamic linker characteristics
configure:16286: result: darwin16.6.0 dyld
configure:16351: checking how to hardcode library paths into programs
configure:16376: result: immediate
configure:16452: checking for CONFIGNAME
configure:16457: result: none
configure:16468: checking for GAP root directory
configure:16494: result: /Users/jdm/gap
configure:16519: checking for GAP architecture
configure:16533: result: x86_64-apple-darwin16.6.0-clang-default64
configure:16558: checking for GAP include files
configure:16561: result: /Users/jdm/gap/src/compiled.h
configure:16568: checking for GAP config.h
configure:16571: result: /Users/jdm/gap/bin/x86_64-apple-darwin16.6.0-clang-default64/config.h
configure:16604: checking for GAP's gmp.h location
configure:16611: result: not found, GAP was compiled without GMP
configure:16631: checking size of void **
configure:16636: g++ -o conftest -g -O2   conftest.cpp  >&5
configure:16636: $? = 0
configure:16636: ./conftest
configure:16636: $? = 0
configure:16650: result: 8
configure:16844: checking whether gcc is Clang
configure:16869: result: yes
configure:16916: checking whether Clang needs flag to prevent "argument unused" warning when linking with -pthread
configure:16941: gcc -o conftest -Werror -Wunknown-warning-option  -pthread -g -O2   conftest.c  >&5
configure:16941: $? = 0
configure:16947: (gcc -c -Werror -Wunknown-warning-option  -pthread -g -O2  conftest.c >&5) && (echo ==== >&5) && (gcc -o conftest -Werror -Wunknown-warning-option  -pthread -g -O2   conftest.o  >&5)
====
clang: error: argument unused during compilation: '-pthread' [-Werror,-Wunused-command-line-argument]
configure:16947: $? = 1
configure: failed program was:
| /* confdefs.h */
| #define PACKAGE_NAME "semigroups"
| #define PACKAGE_TARNAME "semigroups"
| #define PACKAGE_VERSION "3.0.7"
| #define PACKAGE_STRING "semigroups 3.0.7"
| #define PACKAGE_BUGREPORT ""
| #define PACKAGE_URL ""
| #define PACKAGE "semigroups"
| #define VERSION "3.0.7"
| #define STDC_HEADERS 1
| #define HAVE_SYS_TYPES_H 1
| #define HAVE_SYS_STAT_H 1
| #define HAVE_STDLIB_H 1
| #define HAVE_STRING_H 1
| #define HAVE_MEMORY_H 1
| #define HAVE_STRINGS_H 1
| #define HAVE_INTTYPES_H 1
| #define HAVE_STDINT_H 1
| #define HAVE_UNISTD_H 1
| #define HAVE_DLFCN_H 1
| #define LT_OBJDIR ".libs/"
| #define SIZEOF_VOID_PP 8
| /* end confdefs.h.  */
| int main(void){return 0;}
configure:16941: gcc -o conftest -Werror -Wunknown-warning-option -Qunused-arguments -pthread -g -O2   conftest.c  >&5
configure:16941: $? = 0
configure:16947: (gcc -c -Werror -Wunknown-warning-option -Qunused-arguments -pthread -g -O2  conftest.c >&5) && (echo ==== >&5) && (gcc -o conftest -Werror -Wunknown-warning-option -Qunused-arguments -pthread -g -O2   conftest.o  >&5)
====
configure:16947: $? = 0
configure:16965: result: -Qunused-arguments
configure:17114: checking for joinable pthread attribute
configure:17132: gcc -o conftest -g -O2 -Qunused-arguments -pthread   conftest.c   >&5
configure:17132: $? = 0
configure:17140: result: PTHREAD_CREATE_JOINABLE
configure:17154: checking whether more special flags are required for pthreads
configure:17167: result: no
configure:17175: checking for PTHREAD_PRIO_INHERIT
configure:17191: gcc -o conftest -g -O2 -Qunused-arguments -pthread   conftest.c   >&5
configure:17191: $? = 0
configure:17200: result: yes
configure:17302: checking for pthread_create in -lpthread
configure:17327: g++ -o conftest -g -O2   conftest.cpp -lpthread   >&5
configure:17327: $? = 0
configure:17336: result: yes
configure:17370: checking for src/libsemigroups/src/semigroups.h
configure:17383: result: yes
configure:17386: found libsemigroups
configure:17395: checking for src/libsemigroups/src/libsemigroups-config.h
configure:17408: result: yes
configure:17411: found libsemigroups-config.h
configure:17438: checking whether to enable debug mode
configure:17440: result: no
configure:17574: checking that generated files are newer than configure
configure:17580: result: done
configure:17615: creating ./config.status

## ---------------------- ##
## Running config.status. ##
## ---------------------- ##

This file was extended by semigroups config.status 3.0.7, which was
generated by GNU Autoconf 2.69.  Invocation command line was

  CONFIG_FILES    = 
  CONFIG_HEADERS  = 
  CONFIG_LINKS    = 
  CONFIG_COMMANDS = 
  $ ./config.status 

on MacBook-Pro.local

config.status:1164: creating Makefile
config.status:1164: creating src/_pkgconfig.h
config.status:1393: executing depfiles commands
config.status:1393: executing src/semigroups-config.h commands
config.status:1524: creating src/semigroups-config.h - prefix SEMIGROUPS for src/_pkgconfig.h defines
config.status:1393: executing libtool commands

## ---------------- ##
## Cache variables. ##
## ---------------- ##

ac_cv_build=x86_64-apple-darwin16.6.0
ac_cv_c_compiler_gnu=yes
ac_cv_cxx_compiler_gnu=yes
ac_cv_env_CCC_set=
ac_cv_env_CCC_value=
ac_cv_env_CC_set=
ac_cv_env_CC_value=
ac_cv_env_CFLAGS_set=
ac_cv_env_CFLAGS_value=
ac_cv_env_CONFIGNAME_set=
ac_cv_env_CONFIGNAME_value=
ac_cv_env_CPPFLAGS_set=
ac_cv_env_CPPFLAGS_value=
ac_cv_env_CPP_set=
ac_cv_env_CPP_value=
ac_cv_env_CXXCPP_set=
ac_cv_env_CXXCPP_value=
ac_cv_env_CXXFLAGS_set=
ac_cv_env_CXXFLAGS_value=
ac_cv_env_CXX_set=
ac_cv_env_CXX_value=
ac_cv_env_LDFLAGS_set=
ac_cv_env_LDFLAGS_value=
ac_cv_env_LIBS_set=
ac_cv_env_LIBS_value=
ac_cv_env_LT_SYS_LIBRARY_PATH_set=
ac_cv_env_LT_SYS_LIBRARY_PATH_value=
ac_cv_env_build_alias_set=
ac_cv_env_build_alias_value=
ac_cv_env_host_alias_set=
ac_cv_env_host_alias_value=
ac_cv_env_target_alias_set=
ac_cv_env_target_alias_value=
ac_cv_file_src_libsemigroups_src_libsemigroups_config_h=yes
ac_cv_file_src_libsemigroups_src_semigroups_h=yes
ac_cv_header_dlfcn_h=yes
ac_cv_header_inttypes_h=yes
ac_cv_header_memory_h=yes
ac_cv_header_stdc=yes
ac_cv_header_stdint_h=yes
ac_cv_header_stdlib_h=yes
ac_cv_header_string_h=yes
ac_cv_header_strings_h=yes
ac_cv_header_sys_stat_h=yes
ac_cv_header_sys_types_h=yes
ac_cv_header_unistd_h=yes
ac_cv_host=x86_64-apple-darwin16.6.0
ac_cv_lib_dl_dlopen=yes
ac_cv_lib_pthread_pthread_create=yes
ac_cv_objext=o
ac_cv_path_EGREP='/usr/bin/grep -E'
ac_cv_path_FGREP='/usr/bin/grep -F'
ac_cv_path_GREP=/usr/bin/grep
ac_cv_path_SED=/usr/bin/sed
ac_cv_path_install='/usr/bin/install -c'
ac_cv_path_lt_DD=/bin/dd
ac_cv_prog_AWK=awk
ac_cv_prog_CPP='gcc -E'
ac_cv_prog_CXXCPP='g++ -E'
ac_cv_prog_ac_ct_AR=ar
ac_cv_prog_ac_ct_CC=gcc
ac_cv_prog_ac_ct_CXX=g++
ac_cv_prog_ac_ct_DSYMUTIL=dsymutil
ac_cv_prog_ac_ct_LIPO=lipo
ac_cv_prog_ac_ct_NMEDIT=nmedit
ac_cv_prog_ac_ct_OBJDUMP=objdump
ac_cv_prog_ac_ct_OTOOL=otool
ac_cv_prog_ac_ct_RANLIB=ranlib
ac_cv_prog_ac_ct_STRIP=strip
ac_cv_prog_cc_c89=
ac_cv_prog_cc_g=yes
ac_cv_prog_cxx_g=yes
ac_cv_prog_make_make_set=yes
ac_cv_sizeof_void_pp=8
am_cv_CC_dependencies_compiler_type=gcc3
am_cv_CXX_dependencies_compiler_type=gcc3
am_cv_ar_interface=ar
am_cv_make_support_nested_variables=yes
am_cv_prog_cc_c_o=yes
ax_cv_PTHREAD_CLANG=yes
ax_cv_PTHREAD_CLANG_NO_WARN_FLAG=-Qunused-arguments
ax_cv_PTHREAD_JOINABLE_ATTR=PTHREAD_CREATE_JOINABLE
ax_cv_PTHREAD_PRIO_INHERIT=yes
ax_cv_PTHREAD_SPECIAL_FLAGS=no
lt_cv_apple_cc_single_mod=yes
lt_cv_ar_at_file=no
lt_cv_deplibs_check_method=pass_all
lt_cv_dlopen=dlopen
lt_cv_dlopen_libs=-ldl
lt_cv_dlopen_self=yes
lt_cv_dlopen_self_static=yes
lt_cv_file_magic_cmd='$MAGIC_CMD'
lt_cv_file_magic_test_file=
lt_cv_ld_exported_symbols_list=yes
lt_cv_ld_force_load=yes
lt_cv_ld_reload_flag=-r
lt_cv_nm_interface='BSD nm'
lt_cv_objdir=.libs
lt_cv_path_LD=/Applications/Xcode.app/Contents/Developer/Toolchains/XcodeDefault.xctoolchain/usr/bin/ld
lt_cv_path_LDCXX=/Applications/Xcode.app/Contents/Developer/Toolchains/XcodeDefault.xctoolchain/usr/bin/ld
lt_cv_path_NM='/usr/bin/nm -B'
lt_cv_path_mainfest_tool=no
lt_cv_prog_compiler_c_o=yes
lt_cv_prog_compiler_c_o_CXX=yes
lt_cv_prog_compiler_pic='-fno-common -DPIC'
lt_cv_prog_compiler_pic_CXX='-fno-common -DPIC'
lt_cv_prog_compiler_pic_works=yes
lt_cv_prog_compiler_pic_works_CXX=yes
lt_cv_prog_compiler_rtti_exceptions=yes
lt_cv_prog_compiler_static_works=no
lt_cv_prog_compiler_static_works_CXX=no
lt_cv_prog_gnu_ld=no
lt_cv_prog_gnu_ldcxx=no
lt_cv_sharedlib_from_linklib_cmd='printf %s\n'
lt_cv_sys_global_symbol_pipe='sed -n -e '\''s/^.*[	 ]\([BCDEGRST][BCDEGRST]*\)[	 ][	 ]*_\([_A-Za-z][_A-Za-z0-9]*\)$/\1 _\2 \2/p'\'' | sed '\''/ __gnu_lto/d'\'''
lt_cv_sys_global_symbol_to_c_name_address='sed -n -e '\''s/^: \(.*\) .*$/  {"\1", (void *) 0},/p'\'' -e '\''s/^[BCDEGRST][BCDEGRST]* .* \(.*\)$/  {"\1", (void *) \&\1},/p'\'''
lt_cv_sys_global_symbol_to_c_name_address_lib_prefix='sed -n -e '\''s/^: \(.*\) .*$/  {"\1", (void *) 0},/p'\'' -e '\''s/^[BCDEGRST][BCDEGRST]* .* \(lib.*\)$/  {"\1", (void *) \&\1},/p'\'' -e '\''s/^[BCDEGRST][BCDEGRST]* .* \(.*\)$/  {"lib\1", (void *) \&\1},/p'\'''
lt_cv_sys_global_symbol_to_cdecl='sed -n -e '\''s/^T .* \(.*\)$/extern int \1();/p'\'' -e '\''s/^[BCDEGRST][BCDEGRST]* .* \(.*\)$/extern char \1;/p'\'''
lt_cv_sys_global_symbol_to_import=
lt_cv_sys_max_cmd_len=196608
lt_cv_to_host_file_cmd=func_convert_file_noop
lt_cv_to_tool_file_cmd=func_convert_file_noop
lt_cv_truncate_bin='/bin/dd bs=4096 count=1'

## ----------------- ##
## Output variables. ##
## ----------------- ##

ACLOCAL='${SHELL} /Users/jdm/gap/pkg/semigroups/tmp/semigroups-3.0.7/cnf/missing aclocal-1.15'
AMDEPBACKSLASH='\'
AMDEP_FALSE='#'
AMDEP_TRUE=''
AMTAR='$${TAR-tar}'
AM_BACKSLASH='\'
AM_DEFAULT_V='$(AM_DEFAULT_VERBOSITY)'
AM_DEFAULT_VERBOSITY='0'
AM_V='$(V)'
AR='ar'
AS='as'
AUTOCONF='${SHELL} /Users/jdm/gap/pkg/semigroups/tmp/semigroups-3.0.7/cnf/missing autoconf'
AUTOHEADER='${SHELL} /Users/jdm/gap/pkg/semigroups/tmp/semigroups-3.0.7/cnf/missing autoheader'
AUTOMAKE='${SHELL} /Users/jdm/gap/pkg/semigroups/tmp/semigroups-3.0.7/cnf/missing automake-1.15'
AWK='awk'
CC='gcc'
CCDEPMODE='depmode=gcc3'
CFLAGS='-g -O2'
CONFIGNAME=''
CPP='gcc -E'
CPPFLAGS=''
CXX='g++'
CXXCPP='g++ -E'
CXXDEPMODE='depmode=gcc3'
CXXFLAGS='-g -O2'
CYGPATH_W='echo'
DEFS='-DHAVE_CONFIG_H'
DEPDIR='.deps'
DLLTOOL='false'
DSYMUTIL='dsymutil'
DUMPBIN=''
ECHO_C='\c'
ECHO_N=''
ECHO_T=''
EGREP='/usr/bin/grep -E'
EXEEXT=''
FGREP='/usr/bin/grep -F'
GAPARCH='x86_64-apple-darwin16.6.0-clang-default64'
GAPROOT='/Users/jdm/gap'
GAP_CPPFLAGS='-I/Users/jdm/gap -I/Users/jdm/gap/bin/x86_64-apple-darwin16.6.0-clang-default64'
GREP='/usr/bin/grep'
INSTALL_DATA='${INSTALL} -m 644'
INSTALL_PROGRAM='${INSTALL}'
INSTALL_SCRIPT='${INSTALL}'
INSTALL_STRIP_PROGRAM='$(install_sh) -c -s'
KERNEL_DEBUG_FALSE=''
KERNEL_DEBUG_TRUE='#'
LD='/Applications/Xcode.app/Contents/Developer/Toolchains/XcodeDefault.xctoolchain/usr/bin/ld'
LDFLAGS=''
LIBOBJS=''
LIBS='-lpthread '
LIBTOOL='$(SHELL) $(top_builddir)/libtool'
LIPO='lipo'
LN_S='ln -s'
LTLIBOBJS=''
LT_SYS_LIBRARY_PATH=''
MAKEINFO='${SHELL} /Users/jdm/gap/pkg/semigroups/tmp/semigroups-3.0.7/cnf/missing makeinfo'
MANIFEST_TOOL=':'
MKDIR_P='cnf/install-sh -c -d'
NM='/usr/bin/nm -B'
NMEDIT='nmedit'
OBJDUMP='objdump'
OBJEXT='o'
OTOOL64=':'
OTOOL='otool'
PACKAGE='semigroups'
PACKAGE_BUGREPORT=''
PACKAGE_NAME='semigroups'
PACKAGE_STRING='semigroups 3.0.7'
PACKAGE_TARNAME='semigroups'
PACKAGE_URL=''
PACKAGE_VERSION='3.0.7'
PATH_SEPARATOR=':'
PTHREAD_CC='gcc'
PTHREAD_CFLAGS='-Qunused-arguments -pthread'
PTHREAD_LIBS=''
RANLIB='ranlib'
SED='/usr/bin/sed'
SET_MAKE=''
SHELL='/bin/sh'
STRIP='strip'
SYS_IS_CYGWIN_FALSE=''
SYS_IS_CYGWIN_TRUE='#'
VERSION='3.0.7'
ac_ct_AR='ar'
ac_ct_CC='gcc'
ac_ct_CXX='g++'
ac_ct_DUMPBIN=''
am__EXEEXT_FALSE=''
am__EXEEXT_TRUE='#'
am__fastdepCC_FALSE='#'
am__fastdepCC_TRUE=''
am__fastdepCXX_FALSE='#'
am__fastdepCXX_TRUE=''
am__include='include'
am__isrc=''
am__leading_dot='.'
am__nodep='_no'
am__quote=''
am__tar='$${TAR-tar} chof - "$$tardir"'
am__untar='$${TAR-tar} xf -'
ax_pthread_config=''
bindir='${exec_prefix}/bin'
build='x86_64-apple-darwin16.6.0'
build_alias=''
build_cpu='x86_64'
build_os='darwin16.6.0'
build_vendor='apple'
datadir='${datarootdir}'
datarootdir='${prefix}/share'
docdir='${datarootdir}/doc/${PACKAGE_TARNAME}'
dvidir='${docdir}'
exec_prefix='${prefix}'
host='x86_64-apple-darwin16.6.0'
host_alias=''
host_cpu='x86_64'
host_os='darwin16.6.0'
host_vendor='apple'
htmldir='${docdir}'
includedir='${prefix}/include'
infodir='${datarootdir}/info'
install_sh='${SHELL} /Users/jdm/gap/pkg/semigroups/tmp/semigroups-3.0.7/cnf/install-sh'
libdir='${exec_prefix}/lib'
libexecdir='${exec_prefix}/libexec'
localedir='${datarootdir}/locale'
localstatedir='${prefix}/var'
mandir='${datarootdir}/man'
mkdir_p='$(MKDIR_P)'
oldincludedir='/usr/include'
pdfdir='${docdir}'
prefix='/usr/local'
program_transform_name='s,x,x,'
psdir='${docdir}'
sbindir='${exec_prefix}/sbin'
sharedstatedir='${prefix}/com'
sysconfdir='${prefix}/etc'
target_alias=''

## ----------- ##
## confdefs.h. ##
## ----------- ##

/* confdefs.h */
#define PACKAGE_NAME "semigroups"
#define PACKAGE_TARNAME "semigroups"
#define PACKAGE_VERSION "3.0.7"
#define PACKAGE_STRING "semigroups 3.0.7"
#define PACKAGE_BUGREPORT ""
#define PACKAGE_URL ""
#define PACKAGE "semigroups"
#define VERSION "3.0.7"
#define STDC_HEADERS 1
#define HAVE_SYS_TYPES_H 1
#define HAVE_SYS_STAT_H 1
#define HAVE_STDLIB_H 1
#define HAVE_STRING_H 1
#define HAVE_MEMORY_H 1
#define HAVE_STRINGS_H 1
#define HAVE_INTTYPES_H 1
#define HAVE_STDINT_H 1
#define HAVE_UNISTD_H 1
#define HAVE_DLFCN_H 1
#define LT_OBJDIR ".libs/"
#define SIZEOF_VOID_PP 8
#define HAVE_PTHREAD_PRIO_INHERIT 1
#define HAVE_PTHREAD 1
#define HAVE_LIBPTHREAD 1
#define SYS_IS_CYGWIN32 0

configure: exit 0
