\BOOKMARK [0][-]{chapter.1}{Introduction}{}% 1
\BOOKMARK [1][-]{section.1.1}{Francy}{chapter.1}% 2
\BOOKMARK [1][-]{section.1.2}{Applications}{chapter.1}% 3
\BOOKMARK [1][-]{section.1.3}{Functionality}{chapter.1}% 4
\BOOKMARK [1][-]{section.1.4}{Installation}{chapter.1}% 5
\BOOKMARK [1][-]{section.1.5}{How it works}{chapter.1}% 6
\BOOKMARK [1][-]{section.1.6}{Publications}{chapter.1}% 7
\BOOKMARK [0][-]{chapter.2}{Francy Callbacks}{}% 8
\BOOKMARK [1][-]{section.2.1}{Categories}{chapter.2}% 9
\BOOKMARK [1][-]{section.2.2}{Families}{chapter.2}% 10
\BOOKMARK [1][-]{section.2.3}{Representations}{chapter.2}% 11
\BOOKMARK [1][-]{section.2.4}{Operations}{chapter.2}% 12
\BOOKMARK [1][-]{section.2.5}{Globals}{chapter.2}% 13
\BOOKMARK [1][-]{section.2.6}{Attributes}{chapter.2}% 14
\BOOKMARK [0][-]{chapter.3}{Francy Canvas}{}% 15
\BOOKMARK [1][-]{section.3.1}{Categories}{chapter.3}% 16
\BOOKMARK [1][-]{section.3.2}{Families}{chapter.3}% 17
\BOOKMARK [1][-]{section.3.3}{Representations}{chapter.3}% 18
\BOOKMARK [1][-]{section.3.4}{Operations}{chapter.3}% 19
\BOOKMARK [1][-]{section.3.5}{Global}{chapter.3}% 20
\BOOKMARK [1][-]{section.3.6}{Attributes}{chapter.3}% 21
\BOOKMARK [0][-]{chapter.4}{Francy Charts}{}% 22
\BOOKMARK [1][-]{section.4.1}{Categories}{chapter.4}% 23
\BOOKMARK [1][-]{section.4.2}{Families}{chapter.4}% 24
\BOOKMARK [1][-]{section.4.3}{Representations}{chapter.4}% 25
\BOOKMARK [1][-]{section.4.4}{Operations}{chapter.4}% 26
\BOOKMARK [1][-]{section.4.5}{Global}{chapter.4}% 27
\BOOKMARK [1][-]{section.4.6}{Attributes}{chapter.4}% 28
\BOOKMARK [0][-]{chapter.5}{Francy Core}{}% 29
\BOOKMARK [1][-]{section.5.1}{Categories}{chapter.5}% 30
\BOOKMARK [1][-]{section.5.2}{Families}{chapter.5}% 31
\BOOKMARK [1][-]{section.5.3}{Global}{chapter.5}% 32
\BOOKMARK [1][-]{section.5.4}{Attributes}{chapter.5}% 33
\BOOKMARK [0][-]{chapter.6}{Francy Graphs}{}% 34
\BOOKMARK [1][-]{section.6.1}{Categories}{chapter.6}% 35
\BOOKMARK [1][-]{section.6.2}{Families}{chapter.6}% 36
\BOOKMARK [1][-]{section.6.3}{Representations}{chapter.6}% 37
\BOOKMARK [1][-]{section.6.4}{Operations}{chapter.6}% 38
\BOOKMARK [1][-]{section.6.5}{Global}{chapter.6}% 39
\BOOKMARK [1][-]{section.6.6}{Attributes}{chapter.6}% 40
\BOOKMARK [0][-]{chapter.7}{Francy Menus}{}% 41
\BOOKMARK [1][-]{section.7.1}{Categories}{chapter.7}% 42
\BOOKMARK [1][-]{section.7.2}{Families}{chapter.7}% 43
\BOOKMARK [1][-]{section.7.3}{Representations}{chapter.7}% 44
\BOOKMARK [1][-]{section.7.4}{Operations}{chapter.7}% 45
\BOOKMARK [1][-]{section.7.5}{Attributes}{chapter.7}% 46
\BOOKMARK [0][-]{chapter.8}{Francy Messages}{}% 47
\BOOKMARK [1][-]{section.8.1}{Categories}{chapter.8}% 48
\BOOKMARK [1][-]{section.8.2}{Families}{chapter.8}% 49
\BOOKMARK [1][-]{section.8.3}{Representations}{chapter.8}% 50
\BOOKMARK [1][-]{section.8.4}{Operations}{chapter.8}% 51
\BOOKMARK [1][-]{section.8.5}{Global}{chapter.8}% 52
\BOOKMARK [1][-]{section.8.6}{Attributes}{chapter.8}% 53
\BOOKMARK [0][-]{chapter.9}{Francy Util}{}% 54
\BOOKMARK [1][-]{section.9.1}{Operations}{chapter.9}% 55
\BOOKMARK [0][-]{section*.2}{Index}{}% 56
