This is pdfTeX, Version 3.14159265-2.6-1.40.17 (TeX Live 2016) (preloaded format=pdftex 2017.5.16)  7 OCT 2018 20:24
entering extended mode
 restricted \write18 enabled.
 %&-line parsing enabled.
**manual
(./manual.tex (../gapmacro.tex
(/usr/local/texlive/2016/texmf-dist/tex/plain/amsfonts/amssym.tex
(/usr/local/texlive/2016/texmf-dist/tex/plain/amsfonts/amssym.def
\msafam=\fam8
\msbfam=\fam9
\eufmfam=\fam10
))
Running PDFTeX
\pagewidth=\dimen16
\pageheight=\dimen17
\colwidth=\dimen18
\partialpage=\box16
\origvsize=\dimen19
\manindent=\dimen20
\smallmanindent=\dimen21
\itfam=\fam11
\slfam=\fam12
\bffam=\fam13
\ttfam=\fam14
\msbfam=\fam15
\ttindent=\dimen22
\labelout=\write0
\indexout=\write1
\secindout=\write2
\tocout=\write3
\citeout=\write4
\ans=\write5
\exampleout=\write6
\labelin=\read1
\indexin=\read2
\tocin=\read3
\citein=\read4
\secno=\count27
\subsecno=\count28
\exno=\count29
\indentno=\count30
\chapnum=\count31
\ortoks=\toks13
\bibindent=\dimen23
) [1{/usr/local/texlive/2016/texmf-var/fonts/map/pdftex/updmap/pdftex.map}]
\makelabel{sonata:Contents}{{\setbox 0=\hbox {1}\vrule width 0pt height\ht 0}}
Chapter `Contents' .
(./manual.toc [2.1
\chapcontents {\tocstrut }{Contents}{2}
]) [3.1] (./manual.lab)
\openout3 = `manual.toc'.

\openout0 = `manual.lab'.

\openout1 = `manual.idx'.

\openout2 = `manual.six'.

\openout4 = `manual.aux'.

 [4.1] (./copyrigh.tex
Chapter `Copyright notice' .
) (./authors.tex [5.2]
Chapter `The authors' .
) (./preface.tex [6.3]
Chapter `Preface' .
[7.4]) [8.4] (./grpsupp.tex
Chapter `Supportive functions for groups' .
Reference `thomaswood80:GT' undefined.
\openout6 = `manual.example-1.tst'.

[9.1] [10.1] [11.1] [12.1]
Reference `scott69:TAOPMOAGATSOCPPGI' undefined.
Reference `ecker98:OTNOPFONGOC2' undefined.
[13.1]) (./nr.tex [14.1]
Chapter `Nearrings' .
Reference `Pilz:Nearrings' undefined.
Reference `meldrum85:NATLWG' undefined.
Reference `Clay:Nearrings' undefined.
\openout6 = `manual.example-2.tst'.

[15.2] [16.2] [17.2] [18.2] [19.2] [20.2] [21.2] [22.2] [23.2] [24.2] [25.2]
[26.2] [27.2]) (./libnr.tex [28.2]
Chapter `The nearring library' .
\openout6 = `manual.example-3.tst'.

[29.3] [30.3]) (./tfms.tex [31.3]
Chapter `Arbitrary functions on groups: EndoMappings' .
\openout6 = `manual.example-4.tst'.

[32.4] [33.4] [34.4]) (./tfmnr.tex [35.4] [36.4]
Chapter `Transformation nearrings' .
Reference `Pilz:Nearrings' undefined.
Reference `meldrum85:NATLWG' undefined.
Reference `Clay:Nearrings' undefined.
Reference `aichingereckernoebauer00:TUOCINT' undefined.
Reference `aichingerea00:CWN' undefined.
\openout6 = `manual.example-5.tst'.

[37.5] [38.5] [39.5] [40.5] [41.5] [42.5]) (./ideals.tex [43.5]
Chapter `Nearring ideals' .
Reference `Pilz:Nearrings' undefined.
Reference `meldrum85:NATLWG' undefined.
Reference `Clay:Nearrings' undefined.

Overfull \hbox (11.90366pt too wide) in paragraph at lines 5--7
[]\tenr For an in-tro-duc-tion to near-ring ide-als we sug-gest [][][][Pilz:Nea
rrings][][], [][][][mel-drum85:NATLWG][][], and [][][][Clay:Nearrings][][]. |

\hbox(7.5+2.5)x468.0, glue set - 1.0
.\hbox(0.0+0.0)x0.0
.\tenr F
.\kern-0.83334
.\tenr o
.\tenr r
.etc.

\openout6 = `manual.example-6.tst'.

[44.6] [45.6] [46.6] [47.6] [48.6] [49.6]) (./xsonata.tex [50.6]
Chapter `Graphic ideal lattices (X-GAP only)' .
) (./ngroups.tex [51.7]
Chapter `N-groups' .
\openout6 = `manual.example-8.tst'.

[52.8] [53.8] [54.8] [55.8] [56.8]) (./fpf.tex [57.8]
Chapter `Fixed-point-free automorphism groups' .
Reference `Wolf:Spaces' undefined.
Reference `Mayr:Representations' undefined.
\openout6 = `manual.example-9.tst'.

[58.9] [59.9] [60.9] [61.9] [62.9] [63.9] [64.9] [65.9]) (./nfplwd.tex [66.9]
Chapter `Nearfields, planar nearrings and weakly divisible nearrings' .
Reference `Waehling:Fastkoerper' undefined.
Reference `Clay:Nearrings' undefined.
\openout6 = `manual.example-10.tst'.

[67.10]
Reference `Clay:Nearrings' undefined.
[68.10] [69.10]) (./design.tex [70.10]
Chapter `Designs' .
\openout6 = `manual.example-11.tst'.

Reference `Clay:Nearrings' undefined.
[71.11]
Reference `Clay:Nearrings' undefined.
[72.11] [73.11] [74.11]) [75.11]
Chapter `Bibliography' .
No file manual.bbl.
[76.12]
Chapter `Index' .
No file manual.ind.
##
## Citations for BibTeX written on manual.aux.
## Index entries for makeindex written on manual.idx.
## Section index entries written on manual.six.
## Label definitions written on manual.lab.
## Table of contents written on manual.toc.
## Examples written to manual.example-XX.tst.
## There were undefined labels or references.
## Labels have changed, run again. (Or they were multiply defined.)
##
[77.13] )pdfTeX warning (dest): name{index} has been referenced but does not ex
ist, replaced by a fixed one

pdfTeX warning (dest): name{citation@Waehling:Fastkoerper} has been referenced 
but does not exist, replaced by a fixed one

pdfTeX warning (dest): name{citation@Mayr:Representations} has been referenced 
but does not exist, replaced by a fixed one

pdfTeX warning (dest): name{citation@Wolf:Spaces} has been referenced but does 
not exist, replaced by a fixed one

pdfTeX warning (dest): name{citation@aichingerea00:CWN} has been referenced but
 does not exist, replaced by a fixed one

pdfTeX warning (dest): name{citation@aichingereckernoebauer00:TUOCINT} has been
 referenced but does not exist, replaced by a fixed one

pdfTeX warning (dest): name{citation@Clay:Nearrings} has been referenced but do
es not exist, replaced by a fixed one

pdfTeX warning (dest): name{citation@meldrum85:NATLWG} has been referenced but 
does not exist, replaced by a fixed one

pdfTeX warning (dest): name{citation@Pilz:Nearrings} has been referenced but do
es not exist, replaced by a fixed one

pdfTeX warning (dest): name{citation@ecker98:OTNOPFONGOC2} has been referenced 
but does not exist, replaced by a fixed one

pdfTeX warning (dest): name{citation@scott69:TAOPMOAGATSOCPPGI} has been refere
nced but does not exist, replaced by a fixed one

pdfTeX warning (dest): name{citation@thomaswood80:GT} has been referenced but d
oes not exist, replaced by a fixed one

</usr/local/texlive/2016/texmf-dist/fonts/type1/public/amsfonts/cm/cmbx10.pfb><
/usr/local/texlive/2016/texmf-dist/fonts/type1/public/amsfonts/cm/cminch.pfb></
usr/local/texlive/2016/texmf-dist/fonts/type1/public/amsfonts/cm/cmmi10.pfb></u
sr/local/texlive/2016/texmf-dist/fonts/type1/public/amsfonts/cm/cmmi7.pfb></usr
/local/texlive/2016/texmf-dist/fonts/type1/public/amsfonts/cm/cmr10.pfb></usr/l
ocal/texlive/2016/texmf-dist/fonts/type1/public/amsfonts/cm/cmr7.pfb></usr/loca
l/texlive/2016/texmf-dist/fonts/type1/public/amsfonts/cm/cmr8.pfb></usr/local/t
exlive/2016/texmf-dist/fonts/type1/public/amsfonts/cm/cmss10.pfb></usr/local/te
xlive/2016/texmf-dist/fonts/type1/public/amsfonts/cm/cmssdc10.pfb></usr/local/t
exlive/2016/texmf-dist/fonts/type1/public/amsfonts/cm/cmsy10.pfb></usr/local/te
xlive/2016/texmf-dist/fonts/type1/public/amsfonts/cm/cmsy5.pfb></usr/local/texl
ive/2016/texmf-dist/fonts/type1/public/amsfonts/cm/cmsy7.pfb></usr/local/texliv
e/2016/texmf-dist/fonts/type1/public/amsfonts/cm/cmti10.pfb></usr/local/texlive
/2016/texmf-dist/fonts/type1/public/amsfonts/cm/cmtt10.pfb></usr/local/texlive/
2016/texmf-dist/fonts/type1/public/amsfonts/symbols/msam7.pfb></usr/local/texli
ve/2016/texmf-dist/fonts/type1/public/amsfonts/symbols/msbm10.pfb>
Output written on manual.pdf (77 pages, 358528 bytes).
PDF statistics:
 1159 PDF objects out of 1200 (max. 8388607)
 1053 compressed objects within 11 object streams
 334 named destinations out of 1000 (max. 500000)
 801 words of extra memory for PDF output out of 10000 (max. 10000000)

