This is pdfTeX, Version 3.1415926-2.3-1.40.12 (TeX Live 2011) (format=pdftex 2011.8.20)  16 SEP 2011 17:00
entering extended mode
 restricted \write18 enabled.
 %&-line parsing enabled.
**manual.tex
(./manual.tex (../../../doc/gapmacro.tex
(/usr/local/texlive/2011/texmf-dist/tex/plain/amsfonts/amssym.tex
(/usr/local/texlive/2011/texmf-dist/tex/plain/amsfonts/amssym.def
\msafam=\fam8
\msbfam=\fam9
\eufmfam=\fam10
))
Running PDFTeX
\pagewidth=\dimen16
\pageheight=\dimen17
\colwidth=\dimen18
\partialpage=\box16
\origvsize=\dimen19
\manindent=\dimen20
\smallmanindent=\dimen21
\itfam=\fam11
\slfam=\fam12
\bffam=\fam13
\ttfam=\fam14
\msbfam=\fam15
\ttindent=\dimen22
\labelout=\write0
\indexout=\write1
\secindout=\write2
\tocout=\write3
\citeout=\write4
\ans=\write5
\exampleout=\write6
\labelin=\read1
\indexin=\read2
\tocin=\read3
\citein=\read4
\secno=\count27
\subsecno=\count28
\exno=\count29
\indentno=\count30
\chapnum=\count31
\ortoks=\toks13
\bibindent=\dimen23
) (./mymacro.tex) (../../../doc/ref/manual.lab) [1{/Users/mhorn/Library/texlive
/2011/texmf-var/fonts/map/pdftex/updmap/pdftex.map}]
\makelabel{polycyclic:Contents}{{\setbox 0=\hbox {1}\vrule width 0pt height\ht 
0}}
Chapter `Contents' .
(./manual.toc [2.1
\chapcontents {\tocstrut }{Contents}{2}
]) [3.1] (./manual.lab)
\openout3 = `manual.toc'.

\openout0 = `manual.lab'.

\openout1 = `manual.idx'.

\openout2 = `manual.six'.

\openout4 = `manual.aux'.

 [4.1] (./preface.tex
Chapter `Preface' .
) (./intro.tex [5.1]
Chapter `Introduction to polycyclic presentations' .
) (./collect.tex [6.2]
Chapter `Collectors' .
\openout6 = `manual.example-3.tst'.

[7.3]
Overfull \hbox (0.8055pt too wide) in paragraph at lines 153--155
[]\tenrm Note that \tentt Up-datePoly-cyclic-Col-lec-tor \tenrm is au-to-mat-i-
cally called by the func-tion \tentt Pcp-Group-By-Col-lec-tor \tenrm (see [][]4
.3.1[][]). |

\hbox(6.81989+2.22223)x468.0, glue set - 1.0
.\hbox(0.0+0.0)x0.0
.\tenrm N
.\tenrm o
.\tenrm t
.\tenrm e
.etc.

[8.3] [9.3] [10.3]) (./defins.tex [11.3]
Chapter `Pcp-groups - polycyclically presented groups' .
[12.4] [13.4]
\openout6 = `manual.example-4.tst'.

) (./basics.tex [14.4]
Chapter `Basic methods and functions for pcp-groups' .
[15.5] [16.5] [17.5]
\openout6 = `manual.example-5.tst'.

 [18.5] [19.5] [20.5]) (./libraries.tex [21.5]
Chapter `Libraries and examples of pcp-groups' .
[22.6]) (./methods.tex [23.6]
Chapter `Higher level methods for pcp-groups' .
\openout6 = `manual.example-7.tst'.

[24.7] [25.7] [26.7] [27.7] [28.7] [29.7] [30.7] [31.7] [32.7] [33.7] [34.7])
(./cohom.tex [35.7]
Chapter `Cohomology for pcp-groups' .
[36.8] [37.8] [38.8]
\openout6 = `manual.example-8.tst'.

 [39.8]) (./matreps.tex [40.8]
Chapter `Matrix Representations' .
\openout6 = `manual.example-9.tst'.

[41.9]) [42.9]
Chapter `Bibliography' .
(./manual.bbl) [43.10]
Chapter `Index' .
(./manual.ind [44.11] [45.11]) [46.11]
##
## Citations for BibTeX written on manual.aux.
## Index entries for makeindex written on manual.idx.
## Section index entries written on manual.six.
## Label definitions written on manual.lab.
## Table of contents written on manual.toc.
## Examples written to manual.example-XX.tst.
## Labels have changed, run again. (Or they were multiply defined.)
##
 ){/usr/local/texlive/2011/texmf-dist/fonts/enc/dvips/base/8r.enc}</usr/local/t
exlive/2011/texmf-dist/fonts/type1/public/amsfonts/cm/cmex10.pfb></usr/local/te
xlive/2011/texmf-dist/fonts/type1/public/amsfonts/cm/cmmi10.pfb></usr/local/tex
live/2011/texmf-dist/fonts/type1/public/amsfonts/cm/cmsy10.pfb></usr/local/texl
ive/2011/texmf-dist/fonts/type1/public/amsfonts/cm/cmtt10.pfb></usr/local/texli
ve/2011/texmf-dist/fonts/type1/public/amsfonts/latxfont/lasy10.pfb></usr/local/
texlive/2011/texmf-dist/fonts/type1/public/amsfonts/symbols/msam7.pfb></usr/loc
al/texlive/2011/texmf-dist/fonts/type1/public/amsfonts/symbols/msbm10.pfb></usr
/local/texlive/2011/texmf-dist/fonts/type1/urw/helvetic/uhvb8a.pfb></usr/local/
texlive/2011/texmf-dist/fonts/type1/urw/helvetic/uhvr8a.pfb></usr/local/texlive
/2011/texmf-dist/fonts/type1/urw/symbol/usyr.pfb></usr/local/texlive/2011/texmf
-dist/fonts/type1/urw/symbol/usyr.pfb></usr/local/texlive/2011/texmf-dist/fonts
/type1/urw/times/utmb8a.pfb></usr/local/texlive/2011/texmf-dist/fonts/type1/urw
/times/utmr8a.pfb></usr/local/texlive/2011/texmf-dist/fonts/type1/urw/times/utm
r8a.pfb></usr/local/texlive/2011/texmf-dist/fonts/type1/urw/times/utmri8a.pfb>
Output written on manual.pdf (46 pages, 260191 bytes).
PDF statistics:
 863 PDF objects out of 1000 (max. 8388607)
 792 compressed objects within 8 object streams
 285 named destinations out of 1000 (max. 500000)
 529 words of extra memory for PDF output out of 10000 (max. 10000000)

